<?xml version="1.0" encoding="UTF-8"?>
<coverage generated="1767282105749" clover="3.2.0">
  <project timestamp="1767282105749" name="All files">
    <metrics statements="2036" coveredstatements="1699" conditionals="1050" coveredconditionals="560" methods="233" coveredmethods="196" elements="3319" coveredelements="2455" complexity="0" loc="2036" ncloc="2036" packages="31" files="55" classes="55"/>
    <package name="__tests__.helpers">
      <metrics statements="61" coveredstatements="60" conditionals="25" coveredconditionals="16" methods="11" coveredmethods="11"/>
      <file name="testDb.ts" path="/home/dfcastro/WebstormProjects/vtm-elysium-next/__tests__/helpers/testDb.ts">
        <metrics statements="54" coveredstatements="53" conditionals="23" coveredconditionals="14" methods="10" coveredmethods="10"/>
        <line num="2" count="22" type="stmt"/>
        <line num="3" count="22" type="stmt"/>
        <line num="8" count="22" type="stmt"/>
        <line num="9" count="22" type="stmt"/>
        <line num="10" count="22" type="stmt"/>
        <line num="15" count="22" type="stmt"/>
        <line num="22" count="22" type="stmt"/>
        <line num="23" count="20" type="stmt"/>
        <line num="27" count="71" type="cond" truecount="1" falsecount="0"/>
        <line num="28" count="69" type="cond" truecount="1" falsecount="0"/>
        <line num="29" count="67" type="stmt"/>
        <line num="36" count="22" type="cond" truecount="0" falsecount="1"/>
        <line num="37" count="71" type="stmt"/>
        <line num="39" count="71" type="stmt"/>
        <line num="51" count="71" type="stmt"/>
        <line num="57" count="22" type="stmt"/>
        <line num="58" count="2" type="stmt"/>
        <line num="59" count="2" type="stmt"/>
        <line num="62" count="22" type="stmt"/>
        <line num="63" count="71" type="stmt"/>
        <line num="67" count="71" type="cond" truecount="1" falsecount="2"/>
        <line num="68" count="0" type="stmt"/>
        <line num="70" count="71" type="stmt"/>
        <line num="78" count="22" type="stmt"/>
        <line num="82" count="46" type="stmt"/>
        <line num="84" count="46" type="stmt"/>
        <line num="93" count="46" type="stmt"/>
        <line num="102" count="22" type="stmt"/>
        <line num="112" count="27" type="stmt"/>
        <line num="117" count="27" type="stmt"/>
        <line num="118" count="27" type="stmt"/>
        <line num="119" count="27" type="stmt"/>
        <line num="120" count="27" type="stmt"/>
        <line num="122" count="27" type="cond" truecount="2" falsecount="0"/>
        <line num="123" count="27" type="cond" truecount="2" falsecount="0"/>
        <line num="124" count="27" type="stmt"/>
        <line num="125" count="27" type="cond" truecount="1" falsecount="1"/>
        <line num="126" count="27" type="stmt"/>
        <line num="127" count="27" type="stmt"/>
        <line num="129" count="27" type="stmt"/>
        <line num="135" count="27" type="stmt"/>
        <line num="189" count="27" type="stmt"/>
        <line num="195" count="22" type="stmt"/>
        <line num="200" count="20" type="cond" truecount="1" falsecount="2"/>
        <line num="202" count="20" type="cond" truecount="1" falsecount="0"/>
        <line num="203" count="18" type="stmt"/>
        <line num="209" count="20" type="cond" truecount="1" falsecount="0"/>
        <line num="210" count="19" type="stmt"/>
        <line num="215" count="20" type="cond" truecount="1" falsecount="0"/>
        <line num="218" count="20" type="stmt"/>
        <line num="225" count="20" type="stmt"/>
        <line num="230" count="20" type="stmt"/>
        <line num="237" count="40" type="stmt"/>
        <line num="238" count="40" type="stmt"/>
      </file>
      <file name="testRequest.ts" path="/home/dfcastro/WebstormProjects/vtm-elysium-next/__tests__/helpers/testRequest.ts">
        <metrics statements="7" coveredstatements="7" conditionals="2" coveredconditionals="2" methods="1" coveredmethods="1"/>
        <line num="2" count="23" type="stmt"/>
        <line num="4" count="23" type="stmt"/>
        <line num="10" count="92" type="stmt"/>
        <line num="18" count="92" type="cond" truecount="1" falsecount="0"/>
        <line num="19" count="48" type="stmt"/>
        <line num="22" count="92" type="stmt"/>
        <line num="23" count="92" type="stmt"/>
      </file>
    </package>
    <package name="app.api.characters.[id]">
      <metrics statements="78" coveredstatements="74" conditionals="46" coveredconditionals="28" methods="7" coveredmethods="6"/>
      <file name="route.ts" path="/home/dfcastro/WebstormProjects/vtm-elysium-next/app/api/characters/[id]/route.ts">
        <metrics statements="78" coveredstatements="74" conditionals="46" coveredconditionals="28" methods="7" coveredmethods="6"/>
        <line num="2" count="3" type="stmt"/>
        <line num="3" count="3" type="stmt"/>
        <line num="4" count="3" type="stmt"/>
        <line num="7" count="12" type="stmt"/>
        <line num="17" count="12" type="cond" truecount="2" falsecount="0"/>
        <line num="18" count="12" type="stmt"/>
        <line num="22" count="3" type="stmt"/>
        <line num="27" count="4" type="stmt"/>
        <line num="30" count="4" type="cond" truecount="1" falsecount="1"/>
        <line num="32" count="4" type="cond" truecount="2" falsecount="1"/>
        <line num="33" count="0" type="stmt"/>
        <line num="38" count="4" type="cond" truecount="2" falsecount="0"/>
        <line num="41" count="3" type="stmt"/>
        <line num="42" count="5" type="stmt"/>
        <line num="44" count="5" type="stmt"/>
        <line num="45" count="5" type="stmt"/>
        <line num="46" count="4" type="stmt"/>
        <line num="47" count="4" type="stmt"/>
        <line num="48" count="4" type="stmt"/>
        <line num="75" count="4" type="cond" truecount="2" falsecount="1"/>
        <line num="76" count="2" type="stmt"/>
        <line num="79" count="2" type="stmt"/>
        <line num="81" count="2" type="cond" truecount="1" falsecount="0"/>
        <line num="82" count="1" type="stmt"/>
        <line num="85" count="1" type="stmt"/>
        <line num="87" count="1" type="cond" truecount="2" falsecount="2"/>
        <line num="89" count="5" type="stmt"/>
        <line num="93" count="3" type="stmt"/>
        <line num="94" count="5" type="stmt"/>
        <line num="96" count="5" type="stmt"/>
        <line num="97" count="5" type="stmt"/>
        <line num="98" count="4" type="stmt"/>
        <line num="99" count="4" type="stmt"/>
        <line num="101" count="4" type="stmt"/>
        <line num="102" count="4" type="cond" truecount="2" falsecount="1"/>
        <line num="103" count="0" type="stmt"/>
        <line num="106" count="4" type="stmt"/>
        <line num="107" count="4" type="cond" truecount="2" falsecount="1"/>
        <line num="108" count="0" type="stmt"/>
        <line num="113" count="4" type="stmt"/>
        <line num="114" count="4" type="stmt"/>
        <line num="116" count="0" type="cond" truecount="0" falsecount="4"/>
        <line num="119" count="4" type="stmt"/>
        <line num="122" count="4" type="stmt"/>
        <line num="136" count="4" type="cond" truecount="2" falsecount="1"/>
        <line num="137" count="1" type="stmt"/>
        <line num="138" count="1" type="stmt"/>
        <line num="141" count="3" type="stmt"/>
        <line num="143" count="3" type="cond" truecount="1" falsecount="0"/>
        <line num="144" count="1" type="stmt"/>
        <line num="145" count="1" type="stmt"/>
        <line num="148" count="2" type="cond" truecount="1" falsecount="0"/>
        <line num="149" count="1" type="stmt"/>
        <line num="150" count="1" type="stmt"/>
        <line num="160" count="1" type="stmt"/>
        <line num="199" count="1" type="stmt"/>
        <line num="200" count="1" type="stmt"/>
        <line num="202" count="1" type="stmt"/>
        <line num="203" count="1" type="cond" truecount="2" falsecount="2"/>
        <line num="205" count="5" type="stmt"/>
        <line num="209" count="3" type="stmt"/>
        <line num="210" count="5" type="stmt"/>
        <line num="212" count="5" type="stmt"/>
        <line num="213" count="5" type="stmt"/>
        <line num="214" count="4" type="stmt"/>
        <line num="215" count="4" type="stmt"/>
        <line num="218" count="4" type="stmt"/>
        <line num="229" count="4" type="cond" truecount="2" falsecount="1"/>
        <line num="230" count="1" type="stmt"/>
        <line num="233" count="3" type="stmt"/>
        <line num="236" count="3" type="cond" truecount="1" falsecount="0"/>
        <line num="237" count="1" type="stmt"/>
        <line num="242" count="2" type="cond" truecount="1" falsecount="0"/>
        <line num="243" count="1" type="stmt"/>
        <line num="247" count="1" type="stmt"/>
        <line num="257" count="1" type="stmt"/>
        <line num="259" count="1" type="cond" truecount="2" falsecount="2"/>
        <line num="261" count="5" type="stmt"/>
      </file>
    </package>
    <package name="app.api.characters.[id].audit">
      <metrics statements="30" coveredstatements="30" conditionals="12" coveredconditionals="9" methods="2" coveredmethods="2"/>
      <file name="route.ts" path="/home/dfcastro/WebstormProjects/vtm-elysium-next/app/api/characters/[id]/audit/route.ts">
        <metrics statements="30" coveredstatements="30" conditionals="12" coveredconditionals="9" methods="2" coveredmethods="2"/>
        <line num="2" count="1" type="stmt"/>
        <line num="3" count="1" type="stmt"/>
        <line num="4" count="1" type="stmt"/>
        <line num="5" count="1" type="stmt"/>
        <line num="8" count="8" type="cond" truecount="2" falsecount="0"/>
        <line num="9" count="8" type="cond" truecount="0" falsecount="1"/>
        <line num="10" count="8" type="stmt"/>
        <line num="13" count="1" type="stmt"/>
        <line num="15" count="5" type="stmt"/>
        <line num="16" count="5" type="stmt"/>
        <line num="18" count="1" type="stmt"/>
        <line num="24" count="4" type="stmt"/>
        <line num="26" count="4" type="stmt"/>
        <line num="27" count="4" type="stmt"/>
        <line num="28" count="4" type="stmt"/>
        <line num="30" count="4" type="stmt"/>
        <line num="31" count="4" type="stmt"/>
        <line num="33" count="4" type="stmt"/>
        <line num="34" count="4" type="stmt"/>
        <line num="49" count="4" type="cond" truecount="3" falsecount="0"/>
        <line num="50" count="1" type="stmt"/>
        <line num="56" count="3" type="stmt"/>
        <line num="57" count="3" type="stmt"/>
        <line num="59" count="3" type="cond" truecount="1" falsecount="0"/>
        <line num="60" count="2" type="stmt"/>
        <line num="64" count="2" type="cond" truecount="1" falsecount="0"/>
        <line num="65" count="1" type="stmt"/>
        <line num="68" count="2" type="stmt"/>
        <line num="79" count="2" type="stmt"/>
        <line num="84" count="4" type="stmt"/>
      </file>
    </package>
    <package name="app.api.characters.[id].history">
      <metrics statements="28" coveredstatements="25" conditionals="8" coveredconditionals="5" methods="2" coveredmethods="2"/>
      <file name="route.ts" path="/home/dfcastro/WebstormProjects/vtm-elysium-next/app/api/characters/[id]/history/route.ts">
        <metrics statements="28" coveredstatements="25" conditionals="8" coveredconditionals="5" methods="2" coveredmethods="2"/>
        <line num="2" count="1" type="stmt"/>
        <line num="3" count="1" type="stmt"/>
        <line num="4" count="1" type="stmt"/>
        <line num="5" count="1" type="stmt"/>
        <line num="8" count="4" type="cond" truecount="2" falsecount="0"/>
        <line num="9" count="4" type="cond" truecount="0" falsecount="1"/>
        <line num="10" count="4" type="stmt"/>
        <line num="13" count="1" type="stmt"/>
        <line num="14" count="3" type="stmt"/>
        <line num="15" count="2" type="stmt"/>
        <line num="17" count="2" type="stmt"/>
        <line num="18" count="2" type="stmt"/>
        <line num="19" count="2" type="stmt"/>
        <line num="21" count="2" type="stmt"/>
        <line num="22" count="2" type="stmt"/>
        <line num="24" count="2" type="stmt"/>
        <line num="26" count="2" type="stmt"/>
        <line num="41" count="2" type="cond" truecount="3" falsecount="0"/>
        <line num="42" count="1" type="stmt"/>
        <line num="48" count="1" type="stmt"/>
        <line num="49" count="1" type="stmt"/>
        <line num="51" count="1" type="cond" truecount="0" falsecount="1"/>
        <line num="52" count="0" type="stmt"/>
        <line num="56" count="0" type="cond" truecount="0" falsecount="1"/>
        <line num="57" count="0" type="stmt"/>
        <line num="61" count="1" type="stmt"/>
        <line num="90" count="1" type="stmt"/>
        <line num="95" count="2" type="stmt"/>
      </file>
    </package>
    <package name="app.api.characters.[id].sheet-merge">
      <metrics statements="37" coveredstatements="35" conditionals="21" coveredconditionals="12" methods="4" coveredmethods="3"/>
      <file name="route.ts" path="/home/dfcastro/WebstormProjects/vtm-elysium-next/app/api/characters/[id]/sheet-merge/route.ts">
        <metrics statements="37" coveredstatements="35" conditionals="21" coveredconditionals="12" methods="4" coveredmethods="3"/>
        <line num="2" count="1" type="stmt"/>
        <line num="3" count="1" type="stmt"/>
        <line num="4" count="1" type="stmt"/>
        <line num="7" count="4" type="stmt"/>
        <line num="14" count="4" type="cond" truecount="1" falsecount="1"/>
        <line num="15" count="4" type="cond" truecount="1" falsecount="1"/>
        <line num="18" count="1" type="stmt"/>
        <line num="20" count="1" type="stmt"/>
        <line num="21" count="5" type="stmt"/>
        <line num="22" count="5" type="stmt"/>
        <line num="23" count="5" type="stmt"/>
        <line num="24" count="4" type="stmt"/>
        <line num="25" count="4" type="cond" truecount="0" falsecount="1"/>
        <line num="27" count="4" type="stmt"/>
        <line num="28" count="4" type="cond" truecount="2" falsecount="1"/>
        <line num="29" count="0" type="stmt"/>
        <line num="31" count="4" type="stmt"/>
        <line num="32" count="4" type="cond" truecount="2" falsecount="1"/>
        <line num="33" count="0" type="stmt"/>
        <line num="35" count="4" type="stmt"/>
        <line num="37" count="4" type="stmt"/>
        <line num="42" count="4" type="cond" truecount="2" falsecount="1"/>
        <line num="43" count="1" type="stmt"/>
        <line num="44" count="1" type="stmt"/>
        <line num="47" count="3" type="stmt"/>
        <line num="48" count="3" type="cond" truecount="1" falsecount="0"/>
        <line num="49" count="1" type="stmt"/>
        <line num="50" count="1" type="stmt"/>
        <line num="52" count="2" type="cond" truecount="1" falsecount="0"/>
        <line num="53" count="1" type="stmt"/>
        <line num="54" count="1" type="stmt"/>
        <line num="61" count="1" type="stmt"/>
        <line num="90" count="1" type="stmt"/>
        <line num="91" count="1" type="stmt"/>
        <line num="93" count="1" type="stmt"/>
        <line num="94" count="1" type="cond" truecount="2" falsecount="2"/>
        <line num="96" count="5" type="stmt"/>
      </file>
    </package>
    <package name="app.api.characters.[id].submit">
      <metrics statements="33" coveredstatements="30" conditionals="17" coveredconditionals="9" methods="3" coveredmethods="3"/>
      <file name="route.ts" path="/home/dfcastro/WebstormProjects/vtm-elysium-next/app/api/characters/[id]/submit/route.ts">
        <metrics statements="33" coveredstatements="30" conditionals="17" coveredconditionals="9" methods="3" coveredmethods="3"/>
        <line num="2" count="1" type="stmt"/>
        <line num="3" count="1" type="stmt"/>
        <line num="4" count="1" type="stmt"/>
        <line num="7" count="3" type="stmt"/>
        <line num="16" count="3" type="cond" truecount="1" falsecount="1"/>
        <line num="17" count="3" type="cond" truecount="1" falsecount="1"/>
        <line num="18" count="3" type="stmt"/>
        <line num="21" count="1" type="stmt"/>
        <line num="22" count="4" type="stmt"/>
        <line num="24" count="4" type="stmt"/>
        <line num="25" count="4" type="stmt"/>
        <line num="26" count="3" type="stmt"/>
        <line num="28" count="3" type="cond" truecount="0" falsecount="1"/>
        <line num="29" count="0" type="stmt"/>
        <line num="32" count="3" type="stmt"/>
        <line num="35" count="3" type="stmt"/>
        <line num="46" count="3" type="cond" truecount="1" falsecount="2"/>
        <line num="47" count="0" type="stmt"/>
        <line num="48" count="0" type="stmt"/>
        <line num="51" count="3" type="stmt"/>
        <line num="53" count="3" type="cond" truecount="1" falsecount="0"/>
        <line num="54" count="1" type="stmt"/>
        <line num="55" count="1" type="stmt"/>
        <line num="60" count="2" type="cond" truecount="2" falsecount="0"/>
        <line num="61" count="2" type="cond" truecount="1" falsecount="0"/>
        <line num="62" count="1" type="stmt"/>
        <line num="63" count="1" type="stmt"/>
        <line num="66" count="1" type="stmt"/>
        <line num="104" count="1" type="stmt"/>
        <line num="105" count="1" type="stmt"/>
        <line num="107" count="1" type="stmt"/>
        <line num="108" count="1" type="cond" truecount="2" falsecount="2"/>
        <line num="110" count="4" type="stmt"/>
      </file>
    </package>
    <package name="app.api.characters.[id].xp">
      <metrics statements="25" coveredstatements="20" conditionals="8" coveredconditionals="2" methods="1" coveredmethods="1"/>
      <file name="route.ts" path="/home/dfcastro/WebstormProjects/vtm-elysium-next/app/api/characters/[id]/xp/route.ts">
        <metrics statements="25" coveredstatements="20" conditionals="8" coveredconditionals="2" methods="1" coveredmethods="1"/>
        <line num="3" count="1" type="stmt"/>
        <line num="4" count="1" type="stmt"/>
        <line num="5" count="1" type="stmt"/>
        <line num="6" count="1" type="stmt"/>
        <line num="7" count="1" type="stmt"/>
        <line num="9" count="1" type="stmt"/>
        <line num="10" count="1" type="stmt"/>
        <line num="11" count="1" type="stmt"/>
        <line num="13" count="1" type="stmt"/>
        <line num="14" count="1" type="stmt"/>
        <line num="16" count="1" type="stmt"/>
        <line num="18" count="1" type="stmt"/>
        <line num="36" count="1" type="cond" truecount="0" falsecount="1"/>
        <line num="37" count="0" type="stmt"/>
        <line num="43" count="1" type="stmt"/>
        <line num="44" count="1" type="cond" truecount="0" falsecount="1"/>
        <line num="45" count="0" type="stmt"/>
        <line num="52" count="1" type="stmt"/>
        <line num="53" count="1" type="cond" truecount="0" falsecount="1"/>
        <line num="54" count="0" type="stmt"/>
        <line num="58" count="0" type="cond" truecount="0" falsecount="1"/>
        <line num="59" count="0" type="stmt"/>
        <line num="64" count="1" type="stmt"/>
        <line num="68" count="1" type="stmt"/>
        <line num="85" count="1" type="stmt"/>
      </file>
    </package>
    <package name="app.api.characters.[id].xp.history">
      <metrics statements="28" coveredstatements="24" conditionals="8" coveredconditionals="3" methods="2" coveredmethods="2"/>
      <file name="route.ts" path="/home/dfcastro/WebstormProjects/vtm-elysium-next/app/api/characters/[id]/xp/history/route.ts">
        <metrics statements="28" coveredstatements="24" conditionals="8" coveredconditionals="3" methods="2" coveredmethods="2"/>
        <line num="2" count="1" type="stmt"/>
        <line num="3" count="1" type="stmt"/>
        <line num="4" count="1" type="stmt"/>
        <line num="5" count="1" type="stmt"/>
        <line num="8" count="2" type="cond" truecount="1" falsecount="1"/>
        <line num="9" count="2" type="cond" truecount="0" falsecount="1"/>
        <line num="10" count="2" type="stmt"/>
        <line num="13" count="1" type="stmt"/>
        <line num="14" count="1" type="stmt"/>
        <line num="15" count="1" type="stmt"/>
        <line num="17" count="1" type="stmt"/>
        <line num="18" count="1" type="stmt"/>
        <line num="19" count="1" type="stmt"/>
        <line num="21" count="1" type="stmt"/>
        <line num="22" count="1" type="stmt"/>
        <line num="24" count="1" type="stmt"/>
        <line num="25" count="1" type="stmt"/>
        <line num="40" count="1" type="cond" truecount="2" falsecount="1"/>
        <line num="41" count="0" type="stmt"/>
        <line num="47" count="1" type="stmt"/>
        <line num="48" count="1" type="stmt"/>
        <line num="50" count="1" type="cond" truecount="0" falsecount="1"/>
        <line num="51" count="0" type="stmt"/>
        <line num="55" count="0" type="cond" truecount="0" falsecount="1"/>
        <line num="56" count="0" type="stmt"/>
        <line num="60" count="1" type="stmt"/>
        <line num="109" count="1" type="stmt"/>
        <line num="119" count="1" type="stmt"/>
      </file>
    </package>
    <package name="app.api.characters.[id].xp.spend">
      <metrics statements="88" coveredstatements="70" conditionals="59" coveredconditionals="32" methods="6" coveredmethods="5"/>
      <file name="route.ts" path="/home/dfcastro/WebstormProjects/vtm-elysium-next/app/api/characters/[id]/xp/spend/route.ts">
        <metrics statements="88" coveredstatements="70" conditionals="59" coveredconditionals="32" methods="6" coveredmethods="5"/>
        <line num="2" count="1" type="stmt"/>
        <line num="3" count="1" type="stmt"/>
        <line num="4" count="1" type="stmt"/>
        <line num="5" count="1" type="stmt"/>
        <line num="6" count="1" type="stmt"/>
        <line num="14" count="5" type="stmt"/>
        <line num="18" count="10" type="cond" truecount="2" falsecount="0"/>
        <line num="22" count="5" type="cond" truecount="2" falsecount="1"/>
        <line num="23" count="0" type="stmt"/>
        <line num="24" count="5" type="cond" truecount="0" falsecount="1"/>
        <line num="25" count="0" type="stmt"/>
        <line num="27" count="5" type="stmt"/>
        <line num="28" count="5" type="stmt"/>
        <line num="29" count="5" type="cond" truecount="2" falsecount="1"/>
        <line num="30" count="0" type="stmt"/>
        <line num="31" count="5" type="stmt"/>
        <line num="32" count="5" type="cond" truecount="0" falsecount="1"/>
        <line num="41" count="0" type="stmt"/>
        <line num="43" count="5" type="cond" truecount="2" falsecount="1"/>
        <line num="44" count="0" type="stmt"/>
        <line num="46" count="5" type="cond" truecount="2" falsecount="1"/>
        <line num="47" count="0" type="stmt"/>
        <line num="50" count="5" type="stmt"/>
        <line num="58" count="5" type="cond" truecount="0" falsecount="1"/>
        <line num="59" count="5" type="stmt"/>
        <line num="63" count="4" type="cond" truecount="3" falsecount="0"/>
        <line num="66" count="1" type="stmt"/>
        <line num="70" count="6" type="stmt"/>
        <line num="71" count="6" type="stmt"/>
        <line num="72" count="5" type="stmt"/>
        <line num="74" count="5" type="stmt"/>
        <line num="75" count="5" type="stmt"/>
        <line num="76" count="5" type="cond" truecount="0" falsecount="1"/>
        <line num="77" count="0" type="stmt"/>
        <line num="79" count="5" type="stmt"/>
        <line num="82" count="5" type="stmt"/>
        <line num="83" count="5" type="cond" truecount="1" falsecount="0"/>
        <line num="84" count="1" type="stmt"/>
        <line num="90" count="4" type="cond" truecount="0" falsecount="1"/>
        <line num="91" count="0" type="stmt"/>
        <line num="95" count="4" type="stmt"/>
        <line num="96" count="4" type="stmt"/>
        <line num="97" count="4" type="stmt"/>
        <line num="98" count="4" type="stmt"/>
        <line num="101" count="4" type="stmt"/>
        <line num="124" count="4" type="cond" truecount="1" falsecount="2"/>
        <line num="125" count="0" type="stmt"/>
        <line num="126" count="0" type="stmt"/>
        <line num="129" count="4" type="stmt"/>
        <line num="130" count="4" type="cond" truecount="0" falsecount="1"/>
        <line num="131" count="0" type="stmt"/>
        <line num="132" count="0" type="stmt"/>
        <line num="136" count="4" type="stmt"/>
        <line num="137" count="4" type="stmt"/>
        <line num="139" count="4" type="cond" truecount="1" falsecount="0"/>
        <line num="140" count="1" type="stmt"/>
        <line num="145" count="1" type="cond" truecount="4" falsecount="2"/>
        <line num="146" count="0" type="stmt"/>
        <line num="148" count="1" type="stmt"/>
        <line num="157" count="4" type="cond" truecount="1" falsecount="0"/>
        <line num="158" count="1" type="stmt"/>
        <line num="159" count="1" type="stmt"/>
        <line num="166" count="3" type="cond" truecount="1" falsecount="0"/>
        <line num="167" count="1" type="stmt"/>
        <line num="168" count="1" type="stmt"/>
        <line num="175" count="2" type="stmt"/>
        <line num="176" count="2" type="cond" truecount="2" falsecount="1"/>
        <line num="177" count="0" type="stmt"/>
        <line num="178" count="0" type="stmt"/>
        <line num="182" count="2" type="stmt"/>
        <line num="183" count="2" type="stmt"/>
        <line num="184" count="2" type="cond" truecount="0" falsecount="1"/>
        <line num="185" count="0" type="stmt"/>
        <line num="186" count="0" type="stmt"/>
        <line num="195" count="2" type="stmt"/>
        <line num="202" count="1" type="stmt"/>
        <line num="204" count="1" type="stmt"/>
        <line num="219" count="1" type="stmt"/>
        <line num="220" count="1" type="stmt"/>
        <line num="222" count="0" type="stmt"/>
        <line num="226" count="1" type="cond" truecount="1" falsecount="1"/>
        <line num="227" count="1" type="cond" truecount="1" falsecount="1"/>
        <line num="229" count="1" type="cond" truecount="1" falsecount="1"/>
        <line num="233" count="1" type="stmt"/>
        <line num="235" count="4" type="stmt"/>
        <line num="238" count="1" type="cond" truecount="1" falsecount="1"/>
        <line num="240" count="1" type="cond" truecount="1" falsecount="1"/>
        <line num="241" count="1" type="stmt"/>
      </file>
    </package>
    <package name="app.api.characters.generate">
      <metrics statements="51" coveredstatements="51" conditionals="19" coveredconditionals="18" methods="2" coveredmethods="1"/>
      <file name="route.ts" path="/home/dfcastro/WebstormProjects/vtm-elysium-next/app/api/characters/generate/route.ts">
        <metrics statements="51" coveredstatements="51" conditionals="19" coveredconditionals="18" methods="2" coveredmethods="1"/>
        <line num="3" count="1" type="stmt"/>
        <line num="4" count="1" type="stmt"/>
        <line num="6" count="1" type="stmt"/>
        <line num="7" count="1" type="stmt"/>
        <line num="8" count="1" type="stmt"/>
        <line num="9" count="1" type="stmt"/>
        <line num="10" count="1" type="stmt"/>
        <line num="11" count="1" type="stmt"/>
        <line num="12" count="1" type="stmt"/>
        <line num="13" count="1" type="stmt"/>
        <line num="14" count="1" type="stmt"/>
        <line num="15" count="1" type="stmt"/>
        <line num="16" count="1" type="stmt"/>
        <line num="17" count="1" type="stmt"/>
        <line num="18" count="1" type="stmt"/>
        <line num="19" count="1" type="stmt"/>
        <line num="20" count="1" type="stmt"/>
        <line num="21" count="1" type="stmt"/>
        <line num="22" count="1" type="stmt"/>
        <line num="24" count="1" type="stmt"/>
        <line num="25" count="1" type="stmt"/>
        <line num="26" count="1" type="stmt"/>
        <line num="27" count="1" type="stmt"/>
        <line num="28" count="1" type="stmt"/>
        <line num="29" count="1" type="stmt"/>
        <line num="31" count="1" type="stmt"/>
        <line num="33" count="1" type="stmt"/>
        <line num="34" count="3" type="stmt"/>
        <line num="35" count="3" type="cond" truecount="1" falsecount="1"/>
        <line num="36" count="3" type="stmt"/>
        <line num="37" count="3" type="stmt"/>
        <line num="40" count="3" type="stmt"/>
        <line num="41" count="3" type="cond" truecount="1" falsecount="0"/>
        <line num="43" count="3" type="stmt"/>
        <line num="44" count="3" type="stmt"/>
        <line num="45" count="3" type="stmt"/>
        <line num="46" count="3" type="stmt"/>
        <line num="51" count="3" type="stmt"/>
        <line num="55" count="3" type="stmt"/>
        <line num="56" count="3" type="stmt"/>
        <line num="60" count="3" type="stmt"/>
        <line num="61" count="3" type="stmt"/>
        <line num="67" count="3" type="stmt"/>
        <line num="68" count="3" type="stmt"/>
        <line num="69" count="3" type="stmt"/>
        <line num="71" count="3" type="stmt"/>
        <line num="72" count="3" type="stmt"/>
        <line num="80" count="3" type="stmt"/>
        <line num="82" count="3" type="stmt"/>
        <line num="97" count="3" type="stmt"/>
        <line num="108" count="3" type="stmt"/>
      </file>
    </package>
    <package name="app.api.games">
      <metrics statements="28" coveredstatements="26" conditionals="15" coveredconditionals="4" methods="4" coveredmethods="3"/>
      <file name="route.ts" path="/home/dfcastro/WebstormProjects/vtm-elysium-next/app/api/games/route.ts">
        <metrics statements="28" coveredstatements="26" conditionals="15" coveredconditionals="4" methods="4" coveredmethods="3"/>
        <line num="2" count="1" type="stmt"/>
        <line num="3" count="1" type="stmt"/>
        <line num="4" count="1" type="stmt"/>
        <line num="7" count="1" type="stmt"/>
        <line num="14" count="1" type="stmt"/>
        <line num="15" count="2" type="stmt"/>
        <line num="16" count="2" type="stmt"/>
        <line num="18" count="1" type="stmt"/>
        <line num="37" count="1" type="stmt"/>
        <line num="39" count="1" type="cond" truecount="2" falsecount="2"/>
        <line num="47" count="1" type="stmt"/>
        <line num="48" count="1" type="stmt"/>
        <line num="49" count="1" type="stmt"/>
        <line num="50" count="1" type="stmt"/>
        <line num="52" count="1" type="stmt"/>
        <line num="53" count="1" type="cond" truecount="1" falsecount="1"/>
        <line num="55" count="1" type="cond" truecount="1" falsecount="1"/>
        <line num="57" count="1" type="cond" truecount="0" falsecount="1"/>
        <line num="58" count="1" type="cond" truecount="0" falsecount="1"/>
        <line num="60" count="1" type="stmt"/>
        <line num="62" count="1" type="stmt"/>
        <line num="75" count="1" type="stmt"/>
        <line num="77" count="1" type="stmt"/>
        <line num="86" count="1" type="stmt"/>
        <line num="87" count="1" type="stmt"/>
        <line num="89" count="0" type="stmt"/>
        <line num="90" count="0" type="cond" truecount="0" falsecount="4"/>
        <line num="92" count="1" type="stmt"/>
      </file>
    </package>
    <package name="app.api.games.[gameId].characters">
      <metrics statements="39" coveredstatements="30" conditionals="18" coveredconditionals="7" methods="4" coveredmethods="4"/>
      <file name="route.ts" path="/home/dfcastro/WebstormProjects/vtm-elysium-next/app/api/games/[gameId]/characters/route.ts">
        <metrics statements="39" coveredstatements="30" conditionals="18" coveredconditionals="7" methods="4" coveredmethods="4"/>
        <line num="2" count="1" type="stmt"/>
        <line num="3" count="1" type="stmt"/>
        <line num="4" count="1" type="stmt"/>
        <line num="5" count="1" type="stmt"/>
        <line num="8" count="1" type="stmt"/>
        <line num="17" count="3" type="cond" truecount="1" falsecount="1"/>
        <line num="18" count="3" type="stmt"/>
        <line num="22" count="2" type="stmt"/>
        <line num="50" count="2" type="cond" truecount="2" falsecount="2"/>
        <line num="57" count="1" type="stmt"/>
        <line num="58" count="3" type="stmt"/>
        <line num="60" count="3" type="stmt"/>
        <line num="61" count="3" type="stmt"/>
        <line num="62" count="3" type="stmt"/>
        <line num="63" count="3" type="stmt"/>
        <line num="66" count="3" type="stmt"/>
        <line num="70" count="3" type="cond" truecount="2" falsecount="1"/>
        <line num="71" count="1" type="stmt"/>
        <line num="75" count="2" type="stmt"/>
        <line num="77" count="2" type="stmt"/>
        <line num="89" count="2" type="cond" truecount="2" falsecount="1"/>
        <line num="90" count="1" type="stmt"/>
        <line num="91" count="1" type="stmt"/>
        <line num="92" count="1" type="stmt"/>
        <line num="95" count="1" type="stmt"/>
        <line num="97" count="1" type="stmt"/>
        <line num="107" count="1" type="stmt"/>
        <line num="109" count="1" type="stmt"/>
        <line num="110" count="1" type="stmt"/>
        <line num="112" count="0" type="stmt"/>
        <line num="115" count="0" type="cond" truecount="0" falsecount="1"/>
        <line num="116" count="0" type="stmt"/>
        <line num="117" count="0" type="stmt"/>
        <line num="118" count="0" type="stmt"/>
        <line num="119" count="0" type="stmt"/>
        <line num="120" count="0" type="stmt"/>
        <line num="121" count="0" type="stmt"/>
        <line num="127" count="0" type="cond" truecount="0" falsecount="4"/>
        <line num="129" count="3" type="stmt"/>
      </file>
    </package>
    <package name="app.api.games.[gameId].characters.me">
      <metrics statements="17" coveredstatements="16" conditionals="13" coveredconditionals="5" methods="2" coveredmethods="2"/>
      <file name="route.ts" path="/home/dfcastro/WebstormProjects/vtm-elysium-next/app/api/games/[gameId]/characters/me/route.ts">
        <metrics statements="17" coveredstatements="16" conditionals="13" coveredconditionals="5" methods="2" coveredmethods="2"/>
        <line num="3" count="1" type="stmt"/>
        <line num="4" count="1" type="stmt"/>
        <line num="5" count="1" type="stmt"/>
        <line num="8" count="1" type="stmt"/>
        <line num="15" count="1" type="stmt"/>
        <line num="16" count="3" type="stmt"/>
        <line num="17" count="3" type="stmt"/>
        <line num="20" count="3" type="cond" truecount="1" falsecount="1"/>
        <line num="22" count="3" type="stmt"/>
        <line num="24" count="3" type="stmt"/>
        <line num="28" count="3" type="cond" truecount="2" falsecount="1"/>
        <line num="29" count="1" type="stmt"/>
        <line num="32" count="2" type="stmt"/>
        <line num="60" count="2" type="cond" truecount="2" falsecount="1"/>
        <line num="61" count="1" type="stmt"/>
        <line num="64" count="1" type="stmt"/>
        <line num="66" count="0" type="cond" truecount="0" falsecount="4"/>
      </file>
    </package>
    <package name="app.api.login">
      <metrics statements="28" coveredstatements="26" conditionals="14" coveredconditionals="12" methods="1" coveredmethods="1"/>
      <file name="route.ts" path="/home/dfcastro/WebstormProjects/vtm-elysium-next/app/api/login/route.ts">
        <metrics statements="28" coveredstatements="26" conditionals="14" coveredconditionals="12" methods="1" coveredmethods="1"/>
        <line num="2" count="4" type="stmt"/>
        <line num="3" count="4" type="stmt"/>
        <line num="4" count="4" type="stmt"/>
        <line num="5" count="4" type="stmt"/>
        <line num="7" count="4" type="cond" truecount="1" falsecount="1"/>
        <line num="8" count="4" type="cond" truecount="1" falsecount="1"/>
        <line num="11" count="4" type="stmt"/>
        <line num="13" count="4" type="stmt"/>
        <line num="14" count="14" type="stmt"/>
        <line num="15" count="14" type="stmt"/>
        <line num="16" count="14" type="cond" truecount="2" falsecount="0"/>
        <line num="19" count="14" type="cond" truecount="2" falsecount="0"/>
        <line num="21" count="14" type="cond" truecount="3" falsecount="0"/>
        <line num="22" count="2" type="stmt"/>
        <line num="29" count="12" type="stmt"/>
        <line num="39" count="12" type="cond" truecount="1" falsecount="0"/>
        <line num="40" count="2" type="stmt"/>
        <line num="46" count="10" type="stmt"/>
        <line num="48" count="10" type="cond" truecount="1" falsecount="0"/>
        <line num="49" count="1" type="stmt"/>
        <line num="55" count="9" type="stmt"/>
        <line num="57" count="9" type="cond" truecount="1" falsecount="0"/>
        <line num="58" count="1" type="stmt"/>
        <line num="66" count="8" type="stmt"/>
        <line num="68" count="8" type="stmt"/>
        <line num="78" count="8" type="stmt"/>
        <line num="90" count="0" type="stmt"/>
        <line num="91" count="0" type="stmt"/>
      </file>
    </package>
    <package name="app.api.me">
      <metrics statements="12" coveredstatements="12" conditionals="2" coveredconditionals="2" methods="1" coveredmethods="1"/>
      <file name="route.ts" path="/home/dfcastro/WebstormProjects/vtm-elysium-next/app/api/me/route.ts">
        <metrics statements="12" coveredstatements="12" conditionals="2" coveredconditionals="2" methods="1" coveredmethods="1"/>
        <line num="2" count="1" type="stmt"/>
        <line num="3" count="1" type="stmt"/>
        <line num="4" count="1" type="stmt"/>
        <line num="6" count="1" type="stmt"/>
        <line num="7" count="5" type="stmt"/>
        <line num="9" count="5" type="cond" truecount="1" falsecount="0"/>
        <line num="10" count="3" type="stmt"/>
        <line num="13" count="2" type="stmt"/>
        <line num="23" count="2" type="cond" truecount="1" falsecount="0"/>
        <line num="24" count="1" type="stmt"/>
        <line num="30" count="1" type="stmt"/>
        <line num="32" count="1" type="stmt"/>
      </file>
    </package>
    <package name="app.api.storyteller.characters.[id].approve">
      <metrics statements="32" coveredstatements="30" conditionals="15" coveredconditionals="7" methods="3" coveredmethods="3"/>
      <file name="route.ts" path="/home/dfcastro/WebstormProjects/vtm-elysium-next/app/api/storyteller/characters/[id]/approve/route.ts">
        <metrics statements="32" coveredstatements="30" conditionals="15" coveredconditionals="7" methods="3" coveredmethods="3"/>
        <line num="3" count="1" type="stmt"/>
        <line num="4" count="1" type="stmt"/>
        <line num="5" count="1" type="stmt"/>
        <line num="6" count="1" type="stmt"/>
        <line num="9" count="3" type="stmt"/>
        <line num="16" count="3" type="cond" truecount="1" falsecount="1"/>
        <line num="17" count="3" type="cond" truecount="1" falsecount="1"/>
        <line num="20" count="1" type="stmt"/>
        <line num="21" count="4" type="stmt"/>
        <line num="22" count="4" type="stmt"/>
        <line num="23" count="4" type="stmt"/>
        <line num="24" count="3" type="stmt"/>
        <line num="25" count="3" type="cond" truecount="0" falsecount="1"/>
        <line num="27" count="3" type="stmt"/>
        <line num="30" count="3" type="stmt"/>
        <line num="39" count="3" type="cond" truecount="1" falsecount="2"/>
        <line num="40" count="0" type="stmt"/>
        <line num="41" count="0" type="stmt"/>
        <line num="44" count="3" type="stmt"/>
        <line num="47" count="3" type="stmt"/>
        <line num="50" count="3" type="cond" truecount="1" falsecount="0"/>
        <line num="51" count="1" type="stmt"/>
        <line num="52" count="1" type="stmt"/>
        <line num="55" count="2" type="cond" truecount="1" falsecount="0"/>
        <line num="56" count="1" type="stmt"/>
        <line num="57" count="1" type="stmt"/>
        <line num="60" count="1" type="stmt"/>
        <line num="94" count="1" type="stmt"/>
        <line num="95" count="1" type="stmt"/>
        <line num="97" count="1" type="stmt"/>
        <line num="98" count="1" type="cond" truecount="2" falsecount="2"/>
        <line num="100" count="4" type="stmt"/>
      </file>
    </package>
    <package name="app.api.storyteller.characters.[id].move">
      <metrics statements="52" coveredstatements="43" conditionals="27" coveredconditionals="12" methods="5" coveredmethods="3"/>
      <file name="route.ts" path="/home/dfcastro/WebstormProjects/vtm-elysium-next/app/api/storyteller/characters/[id]/move/route.ts">
        <metrics statements="52" coveredstatements="43" conditionals="27" coveredconditionals="12" methods="5" coveredmethods="3"/>
        <line num="1" count="1" type="stmt"/>
        <line num="2" count="1" type="stmt"/>
        <line num="3" count="1" type="stmt"/>
        <line num="4" count="1" type="stmt"/>
        <line num="7" count="3" type="stmt"/>
        <line num="14" count="3" type="cond" truecount="1" falsecount="1"/>
        <line num="15" count="3" type="cond" truecount="1" falsecount="1"/>
        <line num="26" count="1" type="stmt"/>
        <line num="27" count="4" type="stmt"/>
        <line num="29" count="4" type="stmt"/>
        <line num="30" count="4" type="stmt"/>
        <line num="31" count="3" type="stmt"/>
        <line num="32" count="3" type="cond" truecount="0" falsecount="1"/>
        <line num="34" count="3" type="stmt"/>
        <line num="35" count="3" type="cond" truecount="1" falsecount="1"/>
        <line num="36" count="3" type="stmt"/>
        <line num="37" count="3" type="cond" truecount="1" falsecount="1"/>
        <line num="39" count="3" type="cond" truecount="0" falsecount="1"/>
        <line num="40" count="0" type="stmt"/>
        <line num="43" count="3" type="stmt"/>
        <line num="46" count="3" type="stmt"/>
        <line num="61" count="3" type="cond" truecount="3" falsecount="0"/>
        <line num="62" count="1" type="stmt"/>
        <line num="63" count="1" type="stmt"/>
        <line num="66" count="2" type="stmt"/>
        <line num="67" count="2" type="stmt"/>
        <line num="69" count="2" type="cond" truecount="0" falsecount="1"/>
        <line num="70" count="0" type="stmt"/>
        <line num="71" count="0" type="stmt"/>
        <line num="75" count="2" type="stmt"/>
        <line num="79" count="2" type="cond" truecount="1" falsecount="0"/>
        <line num="80" count="1" type="stmt"/>
        <line num="81" count="1" type="stmt"/>
        <line num="85" count="1" type="stmt"/>
        <line num="89" count="1" type="cond" truecount="0" falsecount="1"/>
        <line num="90" count="0" type="stmt"/>
        <line num="91" count="0" type="stmt"/>
        <line num="95" count="1" type="stmt"/>
        <line num="99" count="1" type="cond" truecount="0" falsecount="1"/>
        <line num="100" count="0" type="stmt"/>
        <line num="101" count="0" type="stmt"/>
        <line num="106" count="1" type="stmt"/>
        <line num="117" count="1" type="cond" truecount="1" falsecount="2"/>
        <line num="118" count="0" type="stmt"/>
        <line num="119" count="0" type="stmt"/>
        <line num="128" count="1" type="cond" truecount="1" falsecount="1"/>
        <line num="130" count="1" type="stmt"/>
        <line num="170" count="1" type="stmt"/>
        <line num="172" count="1" type="stmt"/>
        <line num="188" count="1" type="stmt"/>
        <line num="189" count="1" type="cond" truecount="2" falsecount="2"/>
        <line num="191" count="4" type="stmt"/>
      </file>
    </package>
    <package name="app.api.storyteller.characters.[id].reject">
      <metrics statements="34" coveredstatements="32" conditionals="17" coveredconditionals="8" methods="4" coveredmethods="3"/>
      <file name="route.ts" path="/home/dfcastro/WebstormProjects/vtm-elysium-next/app/api/storyteller/characters/[id]/reject/route.ts">
        <metrics statements="34" coveredstatements="32" conditionals="17" coveredconditionals="8" methods="4" coveredmethods="3"/>
        <line num="3" count="1" type="stmt"/>
        <line num="4" count="1" type="stmt"/>
        <line num="5" count="1" type="stmt"/>
        <line num="6" count="1" type="stmt"/>
        <line num="9" count="3" type="stmt"/>
        <line num="16" count="3" type="cond" truecount="1" falsecount="1"/>
        <line num="17" count="3" type="cond" truecount="1" falsecount="1"/>
        <line num="20" count="1" type="stmt"/>
        <line num="21" count="4" type="stmt"/>
        <line num="22" count="4" type="stmt"/>
        <line num="23" count="4" type="stmt"/>
        <line num="24" count="3" type="stmt"/>
        <line num="25" count="3" type="cond" truecount="0" falsecount="1"/>
        <line num="27" count="3" type="stmt"/>
        <line num="28" count="3" type="cond" truecount="1" falsecount="1"/>
        <line num="30" count="3" type="stmt"/>
        <line num="32" count="3" type="stmt"/>
        <line num="36" count="3" type="cond" truecount="1" falsecount="2"/>
        <line num="37" count="0" type="stmt"/>
        <line num="38" count="0" type="stmt"/>
        <line num="41" count="3" type="stmt"/>
        <line num="42" count="3" type="stmt"/>
        <line num="45" count="3" type="cond" truecount="1" falsecount="0"/>
        <line num="46" count="1" type="stmt"/>
        <line num="47" count="1" type="stmt"/>
        <line num="50" count="2" type="cond" truecount="1" falsecount="0"/>
        <line num="51" count="1" type="stmt"/>
        <line num="52" count="1" type="stmt"/>
        <line num="55" count="1" type="stmt"/>
        <line num="89" count="1" type="stmt"/>
        <line num="90" count="1" type="stmt"/>
        <line num="92" count="1" type="stmt"/>
        <line num="93" count="1" type="cond" truecount="2" falsecount="2"/>
        <line num="95" count="4" type="stmt"/>
      </file>
    </package>
    <package name="app.api.storyteller.characters.[id].revert">
      <metrics statements="47" coveredstatements="36" conditionals="37" coveredconditionals="19" methods="5" coveredmethods="3"/>
      <file name="route.ts" path="/home/dfcastro/WebstormProjects/vtm-elysium-next/app/api/storyteller/characters/[id]/revert/route.ts">
        <metrics statements="47" coveredstatements="36" conditionals="37" coveredconditionals="19" methods="5" coveredmethods="3"/>
        <line num="1" count="1" type="stmt"/>
        <line num="2" count="1" type="stmt"/>
        <line num="3" count="1" type="stmt"/>
        <line num="4" count="1" type="stmt"/>
        <line num="7" count="1" type="stmt"/>
        <line num="13" count="2" type="cond" truecount="1" falsecount="1"/>
        <line num="14" count="2" type="cond" truecount="1" falsecount="1"/>
        <line num="17" count="1" type="stmt"/>
        <line num="18" count="3" type="stmt"/>
        <line num="19" count="2" type="stmt"/>
        <line num="20" count="2" type="cond" truecount="0" falsecount="1"/>
        <line num="22" count="2" type="stmt"/>
        <line num="23" count="2" type="cond" truecount="3" falsecount="0"/>
        <line num="24" count="2" type="cond" truecount="1" falsecount="3"/>
        <line num="27" count="2" type="cond" truecount="3" falsecount="1"/>
        <line num="28" count="0" type="stmt"/>
        <line num="31" count="2" type="stmt"/>
        <line num="32" count="2" type="stmt"/>
        <line num="34" count="2" type="stmt"/>
        <line num="35" count="2" type="stmt"/>
        <line num="38" count="2" type="stmt"/>
        <line num="52" count="2" type="cond" truecount="3" falsecount="0"/>
        <line num="53" count="1" type="stmt"/>
        <line num="54" count="1" type="stmt"/>
        <line num="57" count="1" type="stmt"/>
        <line num="59" count="1" type="stmt"/>
        <line num="63" count="1" type="cond" truecount="0" falsecount="1"/>
        <line num="64" count="0" type="stmt"/>
        <line num="65" count="0" type="stmt"/>
        <line num="71" count="1" type="cond" truecount="1" falsecount="1"/>
        <line num="72" count="0" type="stmt"/>
        <line num="73" count="0" type="stmt"/>
        <line num="98" count="1" type="stmt"/>
        <line num="99" count="1" type="cond" truecount="2" falsecount="1"/>
        <line num="100" count="0" type="stmt"/>
        <line num="101" count="0" type="stmt"/>
        <line num="104" count="1" type="stmt"/>
        <line num="131" count="1" type="cond" truecount="1" falsecount="2"/>
        <line num="132" count="0" type="stmt"/>
        <line num="133" count="0" type="stmt"/>
        <line num="136" count="1" type="stmt"/>
        <line num="139" count="1" type="stmt"/>
        <line num="172" count="1" type="stmt"/>
        <line num="174" count="1" type="stmt"/>
        <line num="186" count="0" type="stmt"/>
        <line num="187" count="0" type="cond" truecount="0" falsecount="2"/>
        <line num="189" count="2" type="stmt"/>
      </file>
    </package>
    <package name="app.api.storyteller.characters.[id].xp.grant">
      <metrics statements="36" coveredstatements="28" conditionals="13" coveredconditionals="6" methods="4" coveredmethods="1"/>
      <file name="route.ts" path="/home/dfcastro/WebstormProjects/vtm-elysium-next/app/api/storyteller/characters/[id]/xp/grant/route.ts">
        <metrics statements="36" coveredstatements="28" conditionals="13" coveredconditionals="6" methods="4" coveredmethods="1"/>
        <line num="3" count="1" type="stmt"/>
        <line num="4" count="1" type="stmt"/>
        <line num="5" count="1" type="stmt"/>
        <line num="6" count="1" type="stmt"/>
        <line num="7" count="1" type="stmt"/>
        <line num="11" count="0" type="stmt"/>
        <line num="14" count="1" type="stmt"/>
        <line num="15" count="1" type="stmt"/>
        <line num="16" count="1" type="stmt"/>
        <line num="18" count="1" type="stmt"/>
        <line num="19" count="1" type="stmt"/>
        <line num="21" count="1" type="cond" truecount="1" falsecount="1"/>
        <line num="22" count="1" type="cond" truecount="1" falsecount="1"/>
        <line num="24" count="1" type="cond" truecount="2" falsecount="1"/>
        <line num="25" count="0" type="stmt"/>
        <line num="31" count="1" type="stmt"/>
        <line num="32" count="1" type="stmt"/>
        <line num="34" count="1" type="stmt"/>
        <line num="35" count="1" type="stmt"/>
        <line num="38" count="1" type="stmt"/>
        <line num="52" count="1" type="cond" truecount="2" falsecount="1"/>
        <line num="53" count="0" type="stmt"/>
        <line num="54" count="0" type="stmt"/>
        <line num="60" count="1" type="stmt"/>
        <line num="62" count="1" type="stmt"/>
        <line num="66" count="1" type="cond" truecount="0" falsecount="1"/>
        <line num="67" count="0" type="stmt"/>
        <line num="68" count="0" type="stmt"/>
        <line num="72" count="1" type="stmt"/>
        <line num="82" count="1" type="stmt"/>
        <line num="84" count="1" type="stmt"/>
        <line num="93" count="1" type="stmt"/>
        <line num="95" count="1" type="stmt"/>
        <line num="104" count="0" type="stmt"/>
        <line num="105" count="0" type="stmt"/>
        <line num="110" count="1" type="stmt"/>
      </file>
    </package>
    <package name="app.api.storyteller.games">
      <metrics statements="7" coveredstatements="7" conditionals="0" coveredconditionals="0" methods="1" coveredmethods="1"/>
      <file name="route.ts" path="/home/dfcastro/WebstormProjects/vtm-elysium-next/app/api/storyteller/games/route.ts">
        <metrics statements="7" coveredstatements="7" conditionals="0" coveredconditionals="0" methods="1" coveredmethods="1"/>
        <line num="2" count="1" type="stmt"/>
        <line num="3" count="1" type="stmt"/>
        <line num="4" count="1" type="stmt"/>
        <line num="6" count="1" type="stmt"/>
        <line num="7" count="2" type="stmt"/>
        <line num="9" count="1" type="stmt"/>
        <line num="29" count="1" type="stmt"/>
      </file>
    </package>
    <package name="app.api.storyteller.games.[gameId].characters">
      <metrics statements="25" coveredstatements="25" conditionals="8" coveredconditionals="4" methods="3" coveredmethods="3"/>
      <file name="route.ts" path="/home/dfcastro/WebstormProjects/vtm-elysium-next/app/api/storyteller/games/[gameId]/characters/route.ts">
        <metrics statements="25" coveredstatements="25" conditionals="8" coveredconditionals="4" methods="3" coveredmethods="3"/>
        <line num="2" count="1" type="stmt"/>
        <line num="3" count="1" type="stmt"/>
        <line num="4" count="1" type="stmt"/>
        <line num="5" count="1" type="stmt"/>
        <line num="8" count="1" type="stmt"/>
        <line num="14" count="3" type="cond" truecount="1" falsecount="1"/>
        <line num="15" count="3" type="cond" truecount="1" falsecount="1"/>
        <line num="18" count="1" type="stmt"/>
        <line num="19" count="3" type="stmt"/>
        <line num="20" count="3" type="stmt"/>
        <line num="21" count="3" type="stmt"/>
        <line num="22" count="3" type="stmt"/>
        <line num="23" count="3" type="cond" truecount="0" falsecount="1"/>
        <line num="25" count="3" type="stmt"/>
        <line num="28" count="3" type="cond" truecount="1" falsecount="0"/>
        <line num="30" count="2" type="stmt"/>
        <line num="31" count="2" type="stmt"/>
        <line num="33" count="2" type="stmt"/>
        <line num="34" count="2" type="stmt"/>
        <line num="35" count="2" type="cond" truecount="1" falsecount="0"/>
        <line num="36" count="1" type="stmt"/>
        <line num="37" count="1" type="stmt"/>
        <line num="40" count="2" type="stmt"/>
        <line num="68" count="2" type="stmt"/>
        <line num="70" count="3" type="stmt"/>
      </file>
    </package>
    <package name="src.core.affinity">
      <metrics statements="39" coveredstatements="38" conditionals="26" coveredconditionals="15" methods="4" coveredmethods="4"/>
      <file name="AffinityProcessorService.ts" path="/home/dfcastro/WebstormProjects/vtm-elysium-next/src/core/affinity/AffinityProcessorService.ts">
        <metrics statements="39" coveredstatements="38" conditionals="26" coveredconditionals="15" methods="4" coveredmethods="4"/>
        <line num="6" count="2" type="stmt"/>
        <line num="18" count="4" type="stmt"/>
        <line num="19" count="4" type="stmt"/>
        <line num="20" count="4" type="stmt"/>
        <line num="21" count="4" type="stmt"/>
        <line num="25" count="19" type="stmt"/>
        <line num="26" count="19" type="stmt"/>
        <line num="27" count="19" type="stmt"/>
        <line num="28" count="19" type="stmt"/>
        <line num="29" count="19" type="stmt"/>
        <line num="30" count="19" type="stmt"/>
        <line num="37" count="385" type="cond" truecount="1" falsecount="0"/>
        <line num="38" count="335" type="stmt"/>
        <line num="39" count="2650" type="cond" truecount="0" falsecount="1"/>
        <line num="40" count="2650" type="stmt"/>
        <line num="41" count="2650" type="cond" truecount="2" falsecount="0"/>
        <line num="42" count="2650" type="stmt"/>
        <line num="53" count="475" type="cond" truecount="0" falsecount="1"/>
        <line num="54" count="475" type="stmt"/>
        <line num="55" count="475" type="cond" truecount="1" falsecount="0"/>
        <line num="56" count="475" type="stmt"/>
        <line num="57" count="54744" type="cond" truecount="1" falsecount="1"/>
        <line num="58" count="54744" type="cond" truecount="1" falsecount="1"/>
        <line num="62" count="475" type="stmt"/>
        <line num="63" count="475" type="stmt"/>
        <line num="64" count="475" type="stmt"/>
        <line num="65" count="4420" type="stmt"/>
        <line num="66" count="4420" type="cond" truecount="1" falsecount="1"/>
        <line num="67" count="23276" type="cond" truecount="1" falsecount="1"/>
        <line num="68" count="23276" type="cond" truecount="3" falsecount="0"/>
        <line num="70" count="4420" type="stmt"/>
        <line num="71" count="4420" type="stmt"/>
        <line num="72" count="4420" type="stmt"/>
        <line num="74" count="475" type="cond" truecount="0" falsecount="3"/>
        <line num="76" count="475" type="stmt"/>
        <line num="77" count="475" type="stmt"/>
        <line num="78" count="2275" type="cond" truecount="1" falsecount="0"/>
        <line num="79" count="1800" type="stmt"/>
        <line num="81" count="0" type="cond" truecount="0" falsecount="2"/>
      </file>
    </package>
    <package name="src.core.data">
      <metrics statements="33" coveredstatements="33" conditionals="15" coveredconditionals="10" methods="6" coveredmethods="6"/>
      <file name="GameDataProvider.ts" path="/home/dfcastro/WebstormProjects/vtm-elysium-next/src/core/data/GameDataProvider.ts">
        <metrics statements="33" coveredstatements="33" conditionals="15" coveredconditionals="10" methods="6" coveredmethods="6"/>
        <line num="1" count="2" type="stmt"/>
        <line num="2" count="2" type="stmt"/>
        <line num="16" count="2" type="stmt"/>
        <line num="17" count="22" type="stmt"/>
        <line num="19" count="2" type="stmt"/>
        <line num="31" count="2" type="stmt"/>
        <line num="34" count="2" type="stmt"/>
        <line num="35" count="2" type="stmt"/>
        <line num="38" count="2" type="stmt"/>
        <line num="42" count="2" type="stmt"/>
        <line num="45" count="2" type="stmt"/>
        <line num="46" count="58" type="stmt"/>
        <line num="49" count="2" type="stmt"/>
        <line num="52" count="448" type="stmt"/>
        <line num="54" count="2" type="stmt"/>
        <line num="57" count="2" type="stmt"/>
        <line num="60" count="2" type="stmt"/>
        <line num="62" count="2" type="stmt"/>
        <line num="66" count="2" type="stmt"/>
        <line num="68" count="2" type="stmt"/>
        <line num="71" count="2" type="stmt"/>
        <line num="75" count="2" type="stmt"/>
        <line num="76" count="2" type="cond" truecount="0" falsecount="1"/>
        <line num="78" count="2" type="stmt"/>
        <line num="79" count="10" type="stmt"/>
        <line num="80" count="92" type="stmt"/>
        <line num="81" count="92" type="cond" truecount="2" falsecount="0"/>
        <line num="82" count="84" type="cond" truecount="3" falsecount="0"/>
        <line num="83" count="84" type="stmt"/>
        <line num="84" count="84" type="stmt"/>
        <line num="85" count="84" type="stmt"/>
        <line num="86" count="84" type="cond" truecount="1" falsecount="0"/>
        <line num="93" count="2" type="stmt"/>
      </file>
    </package>
    <package name="src.core.enums">
      <metrics statements="10" coveredstatements="10" conditionals="2" coveredconditionals="2" methods="1" coveredmethods="1"/>
      <file name="TraitType.ts" path="/home/dfcastro/WebstormProjects/vtm-elysium-next/src/core/enums/TraitType.ts">
        <metrics statements="10" coveredstatements="10" conditionals="2" coveredconditionals="2" methods="1" coveredmethods="1"/>
        <line num="1" count="1" type="cond" truecount="2" falsecount="0"/>
        <line num="2" count="1" type="stmt"/>
        <line num="3" count="1" type="stmt"/>
        <line num="4" count="1" type="stmt"/>
        <line num="5" count="1" type="stmt"/>
        <line num="6" count="1" type="stmt"/>
        <line num="7" count="1" type="stmt"/>
        <line num="8" count="1" type="stmt"/>
        <line num="9" count="1" type="stmt"/>
        <line num="10" count="1" type="stmt"/>
      </file>
    </package>
    <package name="src.core.services">
      <metrics statements="613" coveredstatements="514" conditionals="366" coveredconditionals="200" methods="90" coveredmethods="79"/>
      <file name="AbilityDistributionService.ts" path="/home/dfcastro/WebstormProjects/vtm-elysium-next/src/core/services/AbilityDistributionService.ts">
        <metrics statements="29" coveredstatements="29" conditionals="8" coveredconditionals="5" methods="5" coveredmethods="5"/>
        <line num="9" count="1" type="stmt"/>
        <line num="11" count="3" type="stmt"/>
        <line num="12" count="3" type="stmt"/>
        <line num="13" count="3" type="stmt"/>
        <line num="20" count="3" type="stmt"/>
        <line num="21" count="3" type="stmt"/>
        <line num="22" count="90" type="stmt"/>
        <line num="25" count="3" type="stmt"/>
        <line num="26" count="3" type="stmt"/>
        <line num="27" count="6" type="stmt"/>
        <line num="29" count="3" type="stmt"/>
        <line num="30" count="3" type="stmt"/>
        <line num="31" count="9" type="stmt"/>
        <line num="32" count="27" type="stmt"/>
        <line num="33" count="18" type="stmt"/>
        <line num="34" count="9" type="stmt"/>
        <line num="38" count="9" type="cond" truecount="0" falsecount="1"/>
        <line num="39" count="9" type="stmt"/>
        <line num="42" count="3" type="stmt"/>
        <line num="43" count="9" type="cond" truecount="1" falsecount="1"/>
        <line num="44" count="9" type="stmt"/>
        <line num="45" count="94" type="stmt"/>
        <line num="49" count="94" type="cond" truecount="0" falsecount="1"/>
        <line num="50" count="94" type="stmt"/>
        <line num="51" count="94" type="cond" truecount="2" falsecount="0"/>
        <line num="53" count="94" type="cond" truecount="2" falsecount="0"/>
        <line num="54" count="81" type="stmt"/>
        <line num="55" count="81" type="stmt"/>
        <line num="60" count="13" type="stmt"/>
      </file>
      <file name="AttributeService.ts" path="/home/dfcastro/WebstormProjects/vtm-elysium-next/src/core/services/AttributeService.ts">
        <metrics statements="32" coveredstatements="31" conditionals="17" coveredconditionals="6" methods="6" coveredmethods="6"/>
        <line num="5" count="1" type="stmt"/>
        <line num="7" count="3" type="stmt"/>
        <line num="8" count="3" type="stmt"/>
        <line num="15" count="3" type="stmt"/>
        <line num="16" count="9" type="stmt"/>
        <line num="18" count="3" type="stmt"/>
        <line num="19" count="27" type="cond" truecount="2" falsecount="2"/>
        <line num="20" count="0" type="stmt"/>
        <line num="21" count="27" type="stmt"/>
        <line num="24" count="3" type="stmt"/>
        <line num="25" count="3" type="stmt"/>
        <line num="26" count="3" type="stmt"/>
        <line num="28" count="3" type="stmt"/>
        <line num="29" count="9" type="stmt"/>
        <line num="33" count="9" type="cond" truecount="0" falsecount="1"/>
        <line num="34" count="9" type="stmt"/>
        <line num="35" count="13" type="stmt"/>
        <line num="36" count="9" type="cond" truecount="1" falsecount="0"/>
        <line num="39" count="3" type="stmt"/>
        <line num="40" count="9" type="stmt"/>
        <line num="41" count="18" type="stmt"/>
        <line num="43" count="9" type="cond" truecount="0" falsecount="1"/>
        <line num="45" count="9" type="stmt"/>
        <line num="46" count="45" type="stmt"/>
        <line num="47" count="135" type="cond" truecount="1" falsecount="2"/>
        <line num="48" count="135" type="cond" truecount="1" falsecount="1"/>
        <line num="50" count="45" type="cond" truecount="0" falsecount="1"/>
        <line num="51" count="45" type="stmt"/>
        <line num="55" count="45" type="cond" truecount="0" falsecount="1"/>
        <line num="56" count="45" type="cond" truecount="1" falsecount="1"/>
        <line num="57" count="45" type="stmt"/>
        <line num="61" count="3" type="stmt"/>
      </file>
      <file name="BackgroundDistributionService.ts" path="/home/dfcastro/WebstormProjects/vtm-elysium-next/src/core/services/BackgroundDistributionService.ts">
        <metrics statements="15" coveredstatements="14" conditionals="6" coveredconditionals="3" methods="2" coveredmethods="2"/>
        <line num="5" count="1" type="stmt"/>
        <line num="6" count="3" type="stmt"/>
        <line num="8" count="3" type="stmt"/>
        <line num="9" count="3" type="stmt"/>
        <line num="16" count="3" type="cond" truecount="0" falsecount="1"/>
        <line num="17" count="3" type="stmt"/>
        <line num="19" count="3" type="stmt"/>
        <line num="20" count="15" type="stmt"/>
        <line num="24" count="15" type="cond" truecount="0" falsecount="1"/>
        <line num="25" count="15" type="stmt"/>
        <line num="26" count="15" type="cond" truecount="2" falsecount="0"/>
        <line num="27" count="15" type="cond" truecount="1" falsecount="1"/>
        <line num="28" count="15" type="stmt"/>
        <line num="29" count="15" type="stmt"/>
        <line num="31" count="0" type="stmt"/>
      </file>
      <file name="CharacterGeneratorService.ts" path="/home/dfcastro/WebstormProjects/vtm-elysium-next/src/core/services/CharacterGeneratorService.ts">
        <metrics statements="29" coveredstatements="29" conditionals="18" coveredconditionals="13" methods="2" coveredmethods="2"/>
        <line num="16" count="1" type="stmt"/>
        <line num="18" count="3" type="stmt"/>
        <line num="19" count="3" type="stmt"/>
        <line num="20" count="3" type="stmt"/>
        <line num="21" count="3" type="stmt"/>
        <line num="22" count="3" type="stmt"/>
        <line num="23" count="3" type="stmt"/>
        <line num="24" count="3" type="stmt"/>
        <line num="25" count="3" type="stmt"/>
        <line num="26" count="3" type="stmt"/>
        <line num="27" count="3" type="stmt"/>
        <line num="28" count="3" type="stmt"/>
        <line num="29" count="3" type="stmt"/>
        <line num="33" count="3" type="stmt"/>
        <line num="34" count="3" type="stmt"/>
        <line num="36" count="3" type="stmt"/>
        <line num="69" count="3" type="stmt"/>
        <line num="73" count="3" type="stmt"/>
        <line num="77" count="3" type="stmt"/>
        <line num="83" count="3" type="stmt"/>
        <line num="90" count="3" type="stmt"/>
        <line num="93" count="3" type="stmt"/>
        <line num="97" count="3" type="stmt"/>
        <line num="103" count="3" type="stmt"/>
        <line num="106" count="3" type="stmt"/>
        <line num="112" count="3" type="stmt"/>
        <line num="115" count="3" type="stmt"/>
        <line num="116" count="3" type="stmt"/>
        <line num="118" count="3" type="stmt"/>
      </file>
      <file name="CoreStatsService.ts" path="/home/dfcastro/WebstormProjects/vtm-elysium-next/src/core/services/CoreStatsService.ts">
        <metrics statements="35" coveredstatements="27" conditionals="19" coveredconditionals="8" methods="6" coveredmethods="5"/>
        <line num="5" count="1" type="stmt"/>
        <line num="7" count="3" type="stmt"/>
        <line num="8" count="3" type="stmt"/>
        <line num="12" count="3" type="stmt"/>
        <line num="14" count="3" type="cond" truecount="0" falsecount="1"/>
        <line num="15" count="0" type="stmt"/>
        <line num="16" count="0" type="stmt"/>
        <line num="20" count="3" type="cond" truecount="1" falsecount="2"/>
        <line num="21" count="0" type="stmt"/>
        <line num="23" count="3" type="cond" truecount="1" falsecount="0"/>
        <line num="25" count="3" type="cond" truecount="1" falsecount="1"/>
        <line num="26" count="3" type="stmt"/>
        <line num="27" count="3" type="stmt"/>
        <line num="28" count="3" type="stmt"/>
        <line num="29" count="3" type="stmt"/>
        <line num="31" count="0" type="stmt"/>
        <line num="32" count="0" type="stmt"/>
        <line num="33" count="0" type="stmt"/>
        <line num="34" count="0" type="stmt"/>
        <line num="36" count="3" type="cond" truecount="1" falsecount="1"/>
        <line num="37" count="3" type="cond" truecount="1" falsecount="1"/>
        <line num="38" count="3" type="cond" truecount="1" falsecount="1"/>
        <line num="40" count="3" type="stmt"/>
        <line num="41" count="3" type="stmt"/>
        <line num="43" count="3" type="stmt"/>
        <line num="52" count="3" type="cond" truecount="0" falsecount="1"/>
        <line num="53" count="3" type="stmt"/>
        <line num="54" count="36" type="cond" truecount="1" falsecount="1"/>
        <line num="57" count="3" type="stmt"/>
        <line num="58" count="3" type="stmt"/>
        <line num="59" count="33" type="stmt"/>
        <line num="61" count="3" type="stmt"/>
        <line num="62" count="25" type="cond" truecount="1" falsecount="0"/>
        <line num="63" count="22" type="stmt"/>
        <line num="65" count="0" type="cond" truecount="0" falsecount="2"/>
      </file>
      <file name="DisciplineDistributionService.ts" path="/home/dfcastro/WebstormProjects/vtm-elysium-next/src/core/services/DisciplineDistributionService.ts">
        <metrics statements="18" coveredstatements="18" conditionals="12" coveredconditionals="6" methods="4" coveredmethods="4"/>
        <line num="5" count="1" type="stmt"/>
        <line num="6" count="3" type="stmt"/>
        <line num="9" count="3" type="stmt"/>
        <line num="10" count="3" type="stmt"/>
        <line num="17" count="3" type="cond" truecount="1" falsecount="1"/>
        <line num="18" count="3" type="cond" truecount="0" falsecount="1"/>
        <line num="20" count="3" type="stmt"/>
        <line num="21" count="51" type="stmt"/>
        <line num="23" count="3" type="cond" truecount="0" falsecount="1"/>
        <line num="26" count="3" type="cond" truecount="1" falsecount="1"/>
        <line num="28" count="3" type="stmt"/>
        <line num="29" count="9" type="stmt"/>
        <line num="30" count="27" type="cond" truecount="2" falsecount="0"/>
        <line num="32" count="9" type="cond" truecount="0" falsecount="1"/>
        <line num="34" count="9" type="stmt"/>
        <line num="38" count="9" type="cond" truecount="0" falsecount="1"/>
        <line num="40" count="9" type="stmt"/>
        <line num="42" count="9" type="stmt"/>
      </file>
      <file name="FreebieSpendingService.ts" path="/home/dfcastro/WebstormProjects/vtm-elysium-next/src/core/services/FreebieSpendingService.ts">
        <metrics statements="127" coveredstatements="96" conditionals="70" coveredconditionals="37" methods="22" coveredmethods="17"/>
        <line num="5" count="1" type="stmt"/>
        <line num="6" count="1" type="stmt"/>
        <line num="10" count="1" type="stmt"/>
        <line num="12" count="3" type="stmt"/>
        <line num="13" count="3" type="stmt"/>
        <line num="26" count="3" type="stmt"/>
        <line num="27" count="3" type="stmt"/>
        <line num="28" count="3" type="stmt"/>
        <line num="29" count="3" type="stmt"/>
        <line num="36" count="3" type="stmt"/>
        <line num="37" count="3" type="stmt"/>
        <line num="39" count="3" type="stmt"/>
        <line num="40" count="27" type="stmt"/>
        <line num="42" count="3" type="stmt"/>
        <line num="43" count="26" type="stmt"/>
        <line num="48" count="26" type="stmt"/>
        <line num="49" count="26" type="cond" truecount="0" falsecount="1"/>
        <line num="51" count="26" type="stmt"/>
        <line num="52" count="26" type="stmt"/>
        <line num="58" count="26" type="cond" truecount="2" falsecount="2"/>
        <line num="61" count="0" type="cond" truecount="0" falsecount="2"/>
        <line num="71" count="26" type="stmt"/>
        <line num="73" count="26" type="stmt"/>
        <line num="74" count="234" type="stmt"/>
        <line num="75" count="234" type="stmt"/>
        <line num="77" count="234" type="stmt"/>
        <line num="78" count="234" type="cond" truecount="1" falsecount="0"/>
        <line num="79" count="234" type="cond" truecount="1" falsecount="0"/>
        <line num="81" count="218" type="cond" truecount="1" falsecount="1"/>
        <line num="82" count="218" type="stmt"/>
        <line num="83" count="218" type="cond" truecount="1" falsecount="0"/>
        <line num="84" count="218" type="cond" truecount="1" falsecount="0"/>
        <line num="85" count="218" type="cond" truecount="1" falsecount="0"/>
        <line num="86" count="218" type="stmt"/>
        <line num="88" count="218" type="stmt"/>
        <line num="89" count="218" type="cond" truecount="0" falsecount="1"/>
        <line num="90" count="0" type="stmt"/>
        <line num="93" count="218" type="cond" truecount="1" falsecount="0"/>
        <line num="94" count="218" type="stmt"/>
        <line num="97" count="26" type="stmt"/>
        <line num="105" count="3" type="cond" truecount="1" falsecount="0"/>
        <line num="106" count="3" type="stmt"/>
        <line num="110" count="3" type="cond" truecount="3" falsecount="0"/>
        <line num="111" count="3" type="stmt"/>
        <line num="115" count="3" type="cond" truecount="1" falsecount="0"/>
        <line num="116" count="3" type="stmt"/>
        <line num="117" count="189" type="stmt"/>
        <line num="118" count="3" type="cond" truecount="1" falsecount="0"/>
        <line num="119" count="3" type="stmt"/>
        <line num="123" count="3" type="cond" truecount="3" falsecount="0"/>
        <line num="124" count="3" type="stmt"/>
        <line num="133" count="26" type="stmt"/>
        <line num="134" count="218" type="stmt"/>
        <line num="135" count="26" type="stmt"/>
        <line num="136" count="26" type="stmt"/>
        <line num="137" count="103" type="cond" truecount="1" falsecount="0"/>
        <line num="138" count="77" type="stmt"/>
        <line num="140" count="0" type="stmt"/>
        <line num="149" count="26" type="cond" truecount="6" falsecount="3"/>
        <line num="151" count="0" type="stmt"/>
        <line num="153" count="4" type="stmt"/>
        <line num="155" count="1" type="stmt"/>
        <line num="157" count="0" type="stmt"/>
        <line num="159" count="4" type="stmt"/>
        <line num="161" count="9" type="stmt"/>
        <line num="170" count="5" type="stmt"/>
        <line num="179" count="3" type="stmt"/>
        <line num="181" count="0" type="stmt"/>
        <line num="190" count="0" type="stmt"/>
        <line num="191" count="0" type="stmt"/>
        <line num="192" count="0" type="cond" truecount="0" falsecount="3"/>
        <line num="193" count="0" type="stmt"/>
        <line num="194" count="0" type="cond" truecount="0" falsecount="2"/>
        <line num="196" count="0" type="cond" truecount="0" falsecount="1"/>
        <line num="197" count="0" type="stmt"/>
        <line num="201" count="0" type="cond" truecount="0" falsecount="1"/>
        <line num="202" count="0" type="cond" truecount="0" falsecount="1"/>
        <line num="212" count="0" type="stmt"/>
        <line num="213" count="0" type="stmt"/>
        <line num="215" count="0" type="stmt"/>
        <line num="223" count="4" type="stmt"/>
        <line num="224" count="120" type="cond" truecount="2" falsecount="0"/>
        <line num="226" count="4" type="cond" truecount="0" falsecount="1"/>
        <line num="227" count="4" type="stmt"/>
        <line num="231" count="4" type="cond" truecount="0" falsecount="1"/>
        <line num="232" count="4" type="cond" truecount="1" falsecount="0"/>
        <line num="242" count="4" type="stmt"/>
        <line num="243" count="4" type="stmt"/>
        <line num="245" count="0" type="stmt"/>
        <line num="253" count="1" type="stmt"/>
        <line num="254" count="1" type="stmt"/>
        <line num="255" count="17" type="cond" truecount="3" falsecount="1"/>
        <line num="257" count="1" type="cond" truecount="0" falsecount="1"/>
        <line num="258" count="1" type="stmt"/>
        <line num="262" count="1" type="cond" truecount="0" falsecount="1"/>
        <line num="263" count="1" type="cond" truecount="1" falsecount="0"/>
        <line num="273" count="1" type="stmt"/>
        <line num="274" count="1" type="stmt"/>
        <line num="276" count="0" type="stmt"/>
        <line num="284" count="0" type="stmt"/>
        <line num="285" count="0" type="cond" truecount="0" falsecount="2"/>
        <line num="287" count="0" type="cond" truecount="0" falsecount="1"/>
        <line num="288" count="0" type="stmt"/>
        <line num="292" count="0" type="cond" truecount="0" falsecount="1"/>
        <line num="293" count="0" type="cond" truecount="0" falsecount="1"/>
        <line num="303" count="0" type="stmt"/>
        <line num="304" count="0" type="stmt"/>
        <line num="306" count="0" type="stmt"/>
        <line num="314" count="4" type="stmt"/>
        <line num="315" count="12" type="cond" truecount="1" falsecount="1"/>
        <line num="317" count="4" type="cond" truecount="0" falsecount="1"/>
        <line num="318" count="4" type="stmt"/>
        <line num="322" count="4" type="cond" truecount="0" falsecount="1"/>
        <line num="323" count="4" type="cond" truecount="1" falsecount="0"/>
        <line num="333" count="4" type="stmt"/>
        <line num="334" count="4" type="stmt"/>
        <line num="336" count="0" type="stmt"/>
        <line num="344" count="3" type="stmt"/>
        <line num="345" count="3" type="stmt"/>
        <line num="346" count="189" type="cond" truecount="2" falsecount="0"/>
        <line num="348" count="3" type="cond" truecount="0" falsecount="1"/>
        <line num="349" count="3" type="stmt"/>
        <line num="353" count="3" type="cond" truecount="0" falsecount="1"/>
        <line num="354" count="3" type="cond" truecount="1" falsecount="0"/>
        <line num="355" count="3" type="stmt"/>
        <line num="356" count="3" type="stmt"/>
        <line num="358" count="0" type="stmt"/>
      </file>
      <file name="LifeCycleService.ts" path="/home/dfcastro/WebstormProjects/vtm-elysium-next/src/core/services/LifeCycleService.ts">
        <metrics statements="110" coveredstatements="79" conditionals="73" coveredconditionals="35" methods="9" coveredmethods="8"/>
        <line num="6" count="1" type="stmt"/>
        <line num="8" count="3" type="stmt"/>
        <line num="9" count="3" type="stmt"/>
        <line num="10" count="3" type="stmt"/>
        <line num="14" count="3" type="cond" truecount="1" falsecount="1"/>
        <line num="15" count="0" type="stmt"/>
        <line num="16" count="3" type="cond" truecount="1" falsecount="1"/>
        <line num="17" count="0" type="stmt"/>
        <line num="19" count="3" type="cond" truecount="1" falsecount="1"/>
        <line num="20" count="3" type="stmt"/>
        <line num="22" count="3" type="stmt"/>
        <line num="25" count="3" type="stmt"/>
        <line num="29" count="3" type="stmt"/>
        <line num="33" count="0" type="cond" truecount="0" falsecount="1"/>
        <line num="34" count="0" type="cond" truecount="0" falsecount="1"/>
        <line num="35" count="0" type="cond" truecount="0" falsecount="1"/>
        <line num="36" count="0" type="stmt"/>
        <line num="40" count="3" type="stmt"/>
        <line num="41" count="3" type="cond" truecount="2" falsecount="0"/>
        <line num="42" count="1" type="cond" truecount="1" falsecount="0"/>
        <line num="43" count="0" type="cond" truecount="0" falsecount="1"/>
        <line num="44" count="0" type="stmt"/>
        <line num="45" count="2" type="cond" truecount="1" falsecount="1"/>
        <line num="46" count="2" type="cond" truecount="0" falsecount="1"/>
[...]
        <line num="148" count="0" type="stmt"/>
        <line num="149" count="0" type="stmt"/>
        <line num="150" count="0" type="cond" truecount="0" falsecount="2"/>
        <line num="151" count="0" type="stmt"/>
        <line num="152" count="0" type="stmt"/>
        <line num="154" count="0" type="stmt"/>
        <line num="155" count="0" type="stmt"/>
        <line num="158" count="0" type="cond" truecount="0" falsecount="2"/>
        <line num="159" count="0" type="stmt"/>
        <line num="160" count="0" type="stmt"/>
        <line num="161" count="0" type="stmt"/>
        <line num="162" count="0" type="cond" truecount="0" falsecount="2"/>
        <line num="163" count="0" type="stmt"/>
        <line num="164" count="0" type="stmt"/>
        <line num="165" count="0" type="stmt"/>
        <line num="166" count="0" type="cond" truecount="0" falsecount="2"/>
        <line num="167" count="0" type="stmt"/>
        <line num="168" count="0" type="stmt"/>
        <line num="169" count="0" type="stmt"/>
        <line num="171" count="0" type="stmt"/>
        <line num="172" count="0" type="stmt"/>
        <line num="173" count="0" type="stmt"/>
        <line num="177" count="0" type="stmt"/>
        <line num="178" count="0" type="stmt"/>
        <line num="179" count="0" type="stmt"/>
        <line num="181" count="0" type="stmt"/>
        <line num="182" count="0" type="stmt"/>
        <line num="183" count="0" type="stmt"/>
        <line num="184" count="0" type="stmt"/>
        <line num="186" count="0" type="stmt"/>
        <line num="187" count="0" type="cond" truecount="0" falsecount="1"/>
        <line num="188" count="0" type="stmt"/>
        <line num="189" count="0" type="stmt"/>
        <line num="191" count="0" type="stmt"/>
        <line num="194" count="0" type="stmt"/>
        <line num="195" count="0" type="cond" truecount="0" falsecount="2"/>
        <line num="196" count="0" type="stmt"/>
        <line num="203" count="0" type="cond" truecount="0" falsecount="2"/>
        <line num="204" count="0" type="stmt"/>
        <line num="211" count="0" type="cond" truecount="0" falsecount="1"/>
        <line num="212" count="0" type="stmt"/>
        <line num="221" count="0" type="cond" truecount="0" falsecount="1"/>
        <line num="222" count="0" type="stmt"/>
        <line num="224" count="0" type="stmt"/>
        <line num="234" count="0" type="cond" truecount="0" falsecount="2"/>
        <line num="235" count="0" type="cond" truecount="0" falsecount="1"/>
        <line num="236" count="0" type="stmt"/>
        <line num="237" count="0" type="cond" truecount="0" falsecount="1"/>
        <line num="239" count="0" type="stmt"/>
        <line num="240" count="0" type="stmt"/>
        <line num="241" count="0" type="stmt"/>
        <line num="242" count="0" type="stmt"/>
        <line num="246" count="0" type="cond" truecount="0" falsecount="1"/>
        <line num="247" count="0" type="stmt"/>
        <line num="257" count="0" type="cond" truecount="0" falsecount="1"/>
        <line num="258" count="0" type="stmt"/>
        <line num="260" count="0" type="stmt"/>
        <line num="261" count="0" type="cond" truecount="0" falsecount="2"/>
        <line num="262" count="0" type="cond" truecount="0" falsecount="1"/>
        <line num="263" count="0" type="cond" truecount="0" falsecount="1"/>
        <line num="265" count="0" type="stmt"/>
        <line num="271" count="0" type="cond" truecount="0" falsecount="1"/>
        <line num="272" count="0" type="stmt"/>
        <line num="273" count="0" type="stmt"/>
        <line num="274" count="0" type="stmt"/>
        <line num="275" count="0" type="stmt"/>
        <line num="278" count="0" type="stmt"/>
        <line num="281" count="0" type="stmt"/>
        <line num="292" count="0" type="cond" truecount="0" falsecount="1"/>
        <line num="293" count="0" type="stmt"/>
        <line num="294" count="0" type="cond" truecount="0" falsecount="1"/>
        <line num="296" count="0" type="stmt"/>
        <line num="297" count="0" type="stmt"/>
        <line num="298" count="0" type="stmt"/>
        <line num="299" count="0" type="stmt"/>
        <line num="301" count="0" type="stmt"/>
        <line num="302" count="0" type="stmt"/>
        <line num="303" count="0" type="stmt"/>
        <line num="304" count="0" type="stmt"/>
        <line num="307" count="0" type="stmt"/>
        <line num="317" count="44" type="stmt"/>
        <line num="318" count="44" type="cond" truecount="0" falsecount="1"/>
        <line num="319" count="44" type="stmt"/>
        <line num="328" count="44" type="stmt"/>
        <line num="334" count="0" type="stmt"/>
        <line num="335" count="0" type="stmt"/>
        <line num="337" count="0" type="stmt"/>
        <line num="338" count="0" type="cond" truecount="0" falsecount="2"/>
        <line num="341" count="0" type="cond" truecount="0" falsecount="2"/>
        <line num="342" count="0" type="stmt"/>
        <line num="343" count="0" type="cond" truecount="0" falsecount="2"/>
        <line num="344" count="0" type="stmt"/>
        <line num="348" count="0" type="stmt"/>
        <line num="349" count="0" type="stmt"/>
        <line num="350" count="0" type="stmt"/>
        <line num="351" count="0" type="stmt"/>
        <line num="352" count="0" type="stmt"/>
        <line num="353" count="0" type="stmt"/>
      </file>
      <file name="XpHumanityStrategy.ts" path="/home/dfcastro/WebstormProjects/vtm-elysium-next/src/core/xpStrategies/XpHumanityStrategy.ts">
        <metrics statements="23" coveredstatements="23" conditionals="3" coveredconditionals="2" methods="2" coveredmethods="2"/>
        <line num="1" count="1" type="stmt"/>
        <line num="2" count="1" type="stmt"/>
        <line num="6" count="1" type="stmt"/>
        <line num="7" count="3" type="stmt"/>
        <line num="8" count="3" type="stmt"/>
        <line num="9" count="3" type="stmt"/>
        <line num="10" count="3" type="stmt"/>
        <line num="19" count="7" type="cond" truecount="1" falsecount="0"/>
        <line num="20" count="2" type="stmt"/>
        <line num="21" count="2" type="stmt"/>
        <line num="23" count="5" type="stmt"/>
        <line num="24" count="5" type="stmt"/>
        <line num="25" count="5" type="cond" truecount="1" falsecount="0"/>
        <line num="26" count="1" type="stmt"/>
        <line num="27" count="1" type="stmt"/>
        <line num="30" count="4" type="stmt"/>
        <line num="31" count="4" type="stmt"/>
        <line num="34" count="4" type="stmt"/>
        <line num="35" count="4" type="cond" truecount="0" falsecount="1"/>
        <line num="36" count="4" type="stmt"/>
        <line num="45" count="4" type="stmt"/>
        <line num="48" count="4" type="stmt"/>
        <line num="51" count="4" type="stmt"/>
      </file>
      <file name="XpVirtueStrategy.ts" path="/home/dfcastro/WebstormProjects/vtm-elysium-next/src/core/xpStrategies/XpVirtueStrategy.ts">
        <metrics statements="48" coveredstatements="46" conditionals="16" coveredconditionals="9" methods="2" coveredmethods="2"/>
        <line num="1" count="1" type="stmt"/>
        <line num="2" count="1" type="stmt"/>
        <line num="8" count="1" type="stmt"/>
        <line num="9" count="3" type="stmt"/>
        <line num="10" count="3" type="stmt"/>
        <line num="13" count="3" type="stmt"/>
        <line num="14" count="3" type="stmt"/>
        <line num="15" count="3" type="stmt"/>
        <line num="17" count="3" type="stmt"/>
        <line num="26" count="4" type="stmt"/>
        <line num="27" count="4" type="stmt"/>
        <line num="29" count="4" type="stmt"/>
        <line num="30" count="12" type="cond" truecount="0" falsecount="1"/>
        <line num="31" count="12" type="stmt"/>
        <line num="32" count="12" type="cond" truecount="1" falsecount="0"/>
        <line num="34" count="8" type="stmt"/>
        <line num="35" count="8" type="cond" truecount="0" falsecount="1"/>
        <line num="37" count="8" type="stmt"/>
        <line num="38" count="8" type="cond" truecount="1" falsecount="1"/>
        <line num="39" count="48" type="cond" truecount="1" falsecount="1"/>
        <line num="40" count="48" type="cond" truecount="1" falsecount="0"/>
        <line num="42" count="8" type="cond" truecount="2" falsecount="0"/>
        <line num="43" count="6" type="cond" truecount="1" falsecount="0"/>
        <line num="45" count="8" type="cond" truecount="1" falsecount="0"/>
        <line num="46" count="8" type="stmt"/>
        <line num="47" count="8" type="stmt"/>
        <line num="50" count="4" type="cond" truecount="0" falsecount="1"/>
        <line num="51" count="0" type="stmt"/>
        <line num="52" count="0" type="stmt"/>
        <line num="55" count="4" type="stmt"/>
        <line num="56" count="4" type="stmt"/>
        <line num="57" count="4" type="stmt"/>
        <line num="58" count="8" type="cond" truecount="1" falsecount="0"/>
        <line num="59" count="4" type="stmt"/>
        <line num="60" count="4" type="stmt"/>
        <line num="62" count="4" type="stmt"/>
        <line num="64" count="4" type="cond" truecount="0" falsecount="1"/>
        <line num="66" count="4" type="stmt"/>
        <line num="67" count="4" type="stmt"/>
        <line num="68" count="4" type="stmt"/>
        <line num="69" count="4" type="stmt"/>
        <line num="70" count="4" type="stmt"/>
        <line num="73" count="4" type="stmt"/>
        <line num="74" count="4" type="cond" truecount="0" falsecount="1"/>
        <line num="75" count="4" type="stmt"/>
        <line num="84" count="4" type="stmt"/>
        <line num="87" count="4" type="stmt"/>
        <line num="90" count="4" type="stmt"/>
      </file>
      <file name="XpWillpowerStrategy.ts" path="/home/dfcastro/WebstormProjects/vtm-elysium-next/src/core/xpStrategies/XpWillpowerStrategy.ts">
        <metrics statements="23" coveredstatements="21" conditionals="3" coveredconditionals="1" methods="2" coveredmethods="2"/>
        <line num="1" count="1" type="stmt"/>
        <line num="2" count="1" type="stmt"/>
        <line num="6" count="1" type="stmt"/>
        <line num="7" count="3" type="stmt"/>
        <line num="8" count="3" type="stmt"/>
        <line num="9" count="3" type="stmt"/>
        <line num="10" count="3" type="stmt"/>
        <line num="19" count="9" type="cond" truecount="1" falsecount="0"/>
        <line num="20" count="2" type="stmt"/>
        <line num="21" count="2" type="stmt"/>
        <line num="23" count="7" type="stmt"/>
        <line num="24" count="7" type="stmt"/>
        <line num="25" count="7" type="cond" truecount="0" falsecount="1"/>
        <line num="26" count="0" type="stmt"/>
        <line num="27" count="0" type="stmt"/>
        <line num="29" count="7" type="stmt"/>
        <line num="30" count="7" type="stmt"/>
        <line num="33" count="7" type="stmt"/>
        <line num="34" count="7" type="cond" truecount="0" falsecount="1"/>
        <line num="35" count="7" type="stmt"/>
        <line num="44" count="7" type="stmt"/>
        <line num="47" count="7" type="stmt"/>
        <line num="50" count="7" type="stmt"/>
      </file>
    </package>
    <package name="src.lib">
      <metrics statements="42" coveredstatements="41" conditionals="24" coveredconditionals="18" methods="5" coveredmethods="5"/>
      <file name="auth.ts" path="/home/dfcastro/WebstormProjects/vtm-elysium-next/src/lib/auth.ts">
        <metrics statements="27" coveredstatements="27" conditionals="16" coveredconditionals="12" methods="2" coveredmethods="2"/>
        <line num="3" count="21" type="stmt"/>
        <line num="11" count="21" type="cond" truecount="1" falsecount="1"/>
        <line num="12" count="21" type="stmt"/>
        <line num="13" count="21" type="stmt"/>
        <line num="15" count="21" type="stmt"/>
        <line num="19" count="75" type="cond" truecount="2" falsecount="0"/>
        <line num="20" count="75" type="cond" truecount="1" falsecount="0"/>
        <line num="22" count="60" type="stmt"/>
        <line num="23" count="60" type="cond" truecount="3" falsecount="0"/>
        <line num="25" count="59" type="stmt"/>
        <line num="26" count="59" type="stmt"/>
        <line num="28" count="58" type="stmt"/>
        <line num="29" count="58" type="stmt"/>
        <line num="30" count="58" type="stmt"/>
        <line num="32" count="58" type="cond" truecount="0" falsecount="1"/>
        <line num="33" count="58" type="cond" truecount="2" falsecount="1"/>
        <line num="34" count="58" type="cond" truecount="2" falsecount="1"/>
        <line num="36" count="58" type="stmt"/>
        <line num="38" count="1" type="stmt"/>
        <line num="39" count="1" type="stmt"/>
        <line num="44" count="21" type="stmt"/>
        <line num="45" count="70" type="stmt"/>
        <line num="46" count="70" type="cond" truecount="1" falsecount="0"/>
        <line num="47" count="14" type="stmt"/>
        <line num="48" count="14" type="stmt"/>
        <line num="49" count="14" type="stmt"/>
        <line num="51" count="56" type="stmt"/>
      </file>
      <file name="db.ts" path="/home/dfcastro/WebstormProjects/vtm-elysium-next/src/lib/db.ts">
        <metrics statements="6" coveredstatements="5" conditionals="1" coveredconditionals="0" methods="1" coveredmethods="1"/>
        <line num="2" count="22" type="stmt"/>
        <line num="4" count="22" type="cond" truecount="0" falsecount="1"/>
        <line num="5" count="0" type="stmt"/>
        <line num="8" count="22" type="stmt"/>
        <line num="13" count="22" type="stmt"/>
        <line num="14" count="15" type="stmt"/>
      </file>
      <file name="roles.ts" path="/home/dfcastro/WebstormProjects/vtm-elysium-next/src/lib/roles.ts">
        <metrics statements="4" coveredstatements="4" conditionals="3" coveredconditionals="2" methods="1" coveredmethods="1"/>
        <line num="4" count="11" type="stmt"/>
        <line num="10" count="17" type="stmt"/>
        <line num="15" count="17" type="cond" truecount="2" falsecount="1"/>
        <line num="16" count="14" type="stmt"/>
      </file>
      <file name="sheet.ts" path="/home/dfcastro/WebstormProjects/vtm-elysium-next/src/lib/sheet.ts">
        <metrics statements="5" coveredstatements="5" conditionals="4" coveredconditionals="4" methods="1" coveredmethods="1"/>
        <line num="2" count="2" type="stmt"/>
        <line num="6" count="5" type="cond" truecount="2" falsecount="0"/>
        <line num="7" count="5" type="cond" truecount="2" falsecount="0"/>
        <line num="9" count="5" type="stmt"/>
        <line num="44" count="5" type="stmt"/>
      </file>
    </package>
    <package name="src.lib.xp">
      <metrics statements="81" coveredstatements="62" conditionals="48" coveredconditionals="18" methods="12" coveredmethods="12"/>
      <file name="xpLedger.ts" path="/home/dfcastro/WebstormProjects/vtm-elysium-next/src/lib/xp/xpLedger.ts">
        <metrics statements="9" coveredstatements="9" conditionals="4" coveredconditionals="2" methods="2" coveredmethods="2"/>
        <line num="17" count="3" type="stmt"/>
        <line num="21" count="4" type="stmt"/>
        <line num="30" count="4" type="cond" truecount="1" falsecount="1"/>
        <line num="31" count="4" type="cond" truecount="1" falsecount="1"/>
        <line num="32" count="4" type="stmt"/>
        <line num="39" count="3" type="stmt"/>
        <line num="48" count="1" type="stmt"/>
        <line num="50" count="1" type="stmt"/>
        <line num="61" count="1" type="stmt"/>
      </file>
      <file name="xpSpendService.ts" path="/home/dfcastro/WebstormProjects/vtm-elysium-next/src/lib/xp/xpSpendService.ts">
        <metrics statements="72" coveredstatements="53" conditionals="44" coveredconditionals="16" methods="10" coveredmethods="10"/>
        <line num="4" count="1" type="stmt"/>
        <line num="23" count="9" type="cond" truecount="3" falsecount="0"/>
        <line num="27" count="3" type="cond" truecount="2" falsecount="5"/>
        <line num="29" count="1" type="stmt"/>
        <line num="31" count="2" type="stmt"/>
        <line num="33" count="0" type="stmt"/>
        <line num="35" count="0" type="stmt"/>
        <line num="37" count="0" type="stmt"/>
        <line num="39" count="0" type="stmt"/>
        <line num="41" count="0" type="stmt"/>
        <line num="45" count="1" type="stmt"/>
        <line num="46" count="2" type="cond" truecount="2" falsecount="5"/>
        <line num="48" count="1" type="stmt"/>
        <line num="50" count="1" type="stmt"/>
        <line num="52" count="0" type="stmt"/>
        <line num="54" count="0" type="stmt"/>
        <line num="56" count="0" type="stmt"/>
        <line num="58" count="0" type="stmt"/>
        <line num="60" count="0" type="stmt"/>
        <line num="65" count="1" type="stmt"/>
        <line num="66" count="1" type="stmt"/>
        <line num="67" count="2" type="cond" truecount="2" falsecount="1"/>
        <line num="68" count="2" type="stmt"/>
        <line num="70" count="1" type="cond" truecount="1" falsecount="1"/>
        <line num="73" count="1" type="stmt"/>
        <line num="74" count="2" type="cond" truecount="2" falsecount="1"/>
        <line num="75" count="2" type="stmt"/>
        <line num="77" count="2" type="cond" truecount="0" falsecount="1"/>
        <line num="78" count="0" type="cond" truecount="0" falsecount="2"/>
        <line num="80" count="2" type="cond" truecount="0" falsecount="1"/>
        <line num="81" count="0" type="cond" truecount="0" falsecount="2"/>
        <line num="84" count="2" type="stmt"/>
        <line num="91" count="2" type="stmt"/>
        <line num="92" count="2" type="cond" truecount="0" falsecount="1"/>
        <line num="93" count="2" type="stmt"/>
        <line num="94" count="2" type="cond" truecount="1" falsecount="1"/>
        <line num="97" count="1" type="stmt"/>
        <line num="98" count="1" type="cond" truecount="2" falsecount="1"/>
        <line num="99" count="0" type="stmt"/>
        <line num="101" count="1" type="stmt"/>
        <line num="103" count="1" type="cond" truecount="0" falsecount="1"/>
        <line num="104" count="0" type="stmt"/>
        <line num="105" count="0" type="stmt"/>
        <line num="107" count="1" type="cond" truecount="0" falsecount="1"/>
        <line num="108" count="0" type="stmt"/>
        <line num="109" count="0" type="stmt"/>
        <line num="112" count="1" type="stmt"/>
        <line num="119" count="1" type="cond" truecount="0" falsecount="1"/>
        <line num="120" count="1" type="stmt"/>
        <line num="123" count="1" type="stmt"/>
        <line num="124" count="1" type="stmt"/>
        <line num="131" count="1" type="stmt"/>
        <line num="138" count="1" type="stmt"/>
        <line num="139" count="1" type="cond" truecount="0" falsecount="1"/>
        <line num="140" count="1" type="cond" truecount="0" falsecount="1"/>
        <line num="141" count="0" type="stmt"/>
        <line num="162" count="1" type="stmt"/>
        <line num="171" count="2" type="stmt"/>
        <line num="174" count="2" type="stmt"/>
        <line num="178" count="2" type="stmt"/>
        <line num="179" count="2" type="cond" truecount="0" falsecount="1"/>
        <line num="180" count="0" type="stmt"/>
        <line num="187" count="2" type="stmt"/>
        <line num="188" count="2" type="cond" truecount="1" falsecount="0"/>
        <line num="189" count="1" type="stmt"/>
        <line num="198" count="1" type="stmt"/>
        <line num="199" count="1" type="stmt"/>
        <line num="202" count="1" type="stmt"/>
        <line num="208" count="1" type="stmt"/>
        <line num="216" count="1" type="stmt"/>
        <line num="223" count="1" type="stmt"/>
        <line num="240" count="1" type="stmt"/>
      </file>
    </package>
  </project>
</coverage>
