{"/home/dfcastro/WebstormProjects/vtm-elysium-next/__tests__/helpers/testDb.ts": {"path":"/home/dfcastro/WebstormProjects/vtm-elysium-next/__tests__/helpers/testDb.ts","statementMap":{"0":{"start":{"line":15,"column":0},"end":{"line":15,"column":7}},"1":{"start":{"line":22,"column":0},"end":{"line":22,"column":16}},"2":{"start":{"line":36,"column":0},"end":{"line":36,"column":7}},"3":{"start":{"line":57,"column":0},"end":{"line":57,"column":7}},"4":{"start":{"line":62,"column":0},"end":{"line":62,"column":7}},"5":{"start":{"line":78,"column":0},"end":{"line":78,"column":7}},"6":{"start":{"line":102,"column":0},"end":{"line":102,"column":7}},"7":{"start":{"line":195,"column":0},"end":{"line":195,"column":7}},"8":{"start":{"line":2,"column":0},"end":{"line":2,"column":30}},"9":{"start":{"line":3,"column":0},"end":{"line":3,"column":32}},"10":{"start":{"line":8,"column":13},"end":{"line":8,"column":46}},"11":{"start":{"line":9,"column":13},"end":{"line":9,"column":58}},"12":{"start":{"line":10,"column":13},"end":{"line":10,"column":45}},"13":{"start":{"line":23,"column":2},"end":{"line":23,"column":74}},"14":{"start":{"line":27,"column":2},"end":{"line":27,"column":52}},"15":{"start":{"line":27,"column":31},"end":{"line":27,"column":52}},"16":{"start":{"line":28,"column":2},"end":{"line":28,"column":60}},"17":{"start":{"line":28,"column":37},"end":{"line":28,"column":60}},"18":{"start":{"line":29,"column":2},"end":{"line":29,"column":29}},"19":{"start":{"line":37,"column":15},"end":{"line":37,"column":51}},"20":{"start":{"line":39,"column":2},"end":{"line":49,"column":4}},"21":{"start":{"line":51,"column":2},"end":{"line":51,"column":33}},"22":{"start":{"line":58,"column":2},"end":{"line":58,"column":42}},"23":{"start":{"line":59,"column":2},"end":{"line":59,"column":49}},"24":{"start":{"line":63,"column":12},"end":{"line":65,"column":null}},"25":{"start":{"line":67,"column":2},"end":{"line":69,"column":3}},"26":{"start":{"line":68,"column":4},"end":{"line":68,"column":75}},"27":{"start":{"line":70,"column":2},"end":{"line":70,"column":22}},"28":{"start":{"line":82,"column":21},"end":{"line":82,"column":59}},"29":{"start":{"line":84,"column":12},"end":{"line":90,"column":null}},"30":{"start":{"line":93,"column":2},"end":{"line":93,"column":22}},"31":{"start":{"line":112,"column":17},"end":{"line":114,"column":null}},"32":{"start":{"line":117,"column":17},"end":{"line":117,"column":41}},"33":{"start":{"line":118,"column":22},"end":{"line":118,"column":49}},"34":{"start":{"line":119,"column":21},"end":{"line":119,"column":47}},"35":{"start":{"line":120,"column":21},"end":{"line":120,"column":47}},"36":{"start":{"line":122,"column":22},"end":{"line":122,"column":49}},"37":{"start":{"line":123,"column":21},"end":{"line":123,"column":47}},"38":{"start":{"line":124,"column":27},"end":{"line":124,"column":31}},"39":{"start":{"line":125,"column":21},"end":{"line":125,"column":47}},"40":{"start":{"line":126,"column":27},"end":{"line":126,"column":31}},"41":{"start":{"line":127,"column":26},"end":{"line":127,"column":30}},"42":{"start":{"line":129,"column":16},"end":{"line":133,"column":4}},"43":{"start":{"line":135,"column":12},"end":{"line":186,"column":null}},"44":{"start":{"line":189,"column":2},"end":{"line":189,"column":47}},"45":{"start":{"line":200,"column":63},"end":{"line":200,"column":68}},"46":{"start":{"line":202,"column":2},"end":{"line":207,"column":3}},"47":{"start":{"line":203,"column":4},"end":{"line":206,"column":6}},"48":{"start":{"line":209,"column":2},"end":{"line":213,"column":3}},"49":{"start":{"line":210,"column":4},"end":{"line":212,"column":7}},"50":{"start":{"line":215,"column":2},"end":{"line":233,"column":3}},"51":{"start":{"line":218,"column":4},"end":{"line":223,"column":6}},"52":{"start":{"line":225,"column":4},"end":{"line":228,"column":6}},"53":{"start":{"line":230,"column":4},"end":{"line":232,"column":7}},"54":{"start":{"line":237,"column":2},"end":{"line":241,"column":3}},"55":{"start":{"line":238,"column":4},"end":{"line":238,"column":34}}},"fnMap":{"0":{"name":"resetUsersTable","decl":{"start":{"line":15,"column":22},"end":{"line":15,"column":37}},"loc":{"start":{"line":15,"column":37},"end":{"line":17,"column":1}}},"1":{"name":"makeRunTag","decl":{"start":{"line":22,"column":16},"end":{"line":22,"column":26}},"loc":{"start":{"line":22,"column":41},"end":{"line":24,"column":1}}},"2":{"name":"defaultNameForEmail","decl":{"start":{"line":26,"column":9},"end":{"line":26,"column":28}},"loc":{"start":{"line":26,"column":42},"end":{"line":30,"column":1}}},"3":{"name":"seedTestUser","decl":{"start":{"line":36,"column":22},"end":{"line":36,"column":34}},"loc":{"start":{"line":36,"column":65},"end":{"line":52,"column":1}}},"4":{"name":"seedTestUsers","decl":{"start":{"line":57,"column":22},"end":{"line":57,"column":35}},"loc":{"start":{"line":57,"column":35},"end":{"line":60,"column":1}}},"5":{"name":"getUserIdByEmail","decl":{"start":{"line":62,"column":22},"end":{"line":62,"column":38}},"loc":{"start":{"line":62,"column":52},"end":{"line":71,"column":1}}},"6":{"name":"ensureTestGameForUser","decl":{"start":{"line":78,"column":22},"end":{"line":78,"column":43}},"loc":{"start":{"line":80,"column":26},"end":{"line":94,"column":1}}},"7":{"name":"seedCharacter","decl":{"start":{"line":102,"column":22},"end":{"line":102,"column":35}},"loc":{"start":{"line":110,"column":17},"end":{"line":190,"column":1}}},"8":{"name":"cleanupTestArtifacts","decl":{"start":{"line":195,"column":22},"end":{"line":195,"column":42}},"loc":{"start":{"line":199,"column":1},"end":{"line":234,"column":1}}},"9":{"name":"safeExec","decl":{"start":{"line":236,"column":15},"end":{"line":236,"column":23}},"loc":{"start":{"line":236,"column":50},"end":{"line":242,"column":1}}}},"branchMap":{"0":{"loc":{"start":{"line":27,"column":2},"end":{"line":27,"column":52}},"type":"if","locations":[{"start":{"line":27,"column":2},"end":{"line":27,"column":52}}]},"1":{"loc":{"start":{"line":28,"column":2},"end":{"line":28,"column":60}},"type":"if","locations":[{"start":{"line":28,"column":2},"end":{"line":28,"column":60}}]},"2":{"loc":{"start":{"line":36,"column":50},"end":{"line":36,"column":65}},"type":"default-arg","locations":[{"start":{"line":36,"column":61},"end":{"line":36,"column":65}}]},"3":{"loc":{"start":{"line":67,"column":2},"end":{"line":69,"column":3}},"type":"if","locations":[{"start":{"line":67,"column":2},"end":{"line":69,"column":3}}]},"4":{"loc":{"start":{"line":67,"column":7},"end":{"line":67,"column":22}},"type":"binary-expr","locations":[{"start":{"line":67,"column":7},"end":{"line":67,"column":17}},{"start":{"line":67,"column":21},"end":{"line":67,"column":22}}]},"5":{"loc":{"start":{"line":80,"column":2},"end":{"line":80,"column":26}},"type":"default-arg","locations":[{"start":{"line":80,"column":15},"end":{"line":80,"column":26}}]},"6":{"loc":{"start":{"line":114,"column":15},"end":{"line":114,"column":41}},"type":"cond-expr","locations":[{"start":{"line":114,"column":24},"end":{"line":114,"column":36}},{"start":{"line":114,"column":39},"end":{"line":114,"column":41}}]},"7":{"loc":{"start":{"line":122,"column":22},"end":{"line":122,"column":49}},"type":"cond-expr","locations":[{"start":{"line":122,"column":36},"end":{"line":122,"column":42}},{"start":{"line":122,"column":45},"end":{"line":122,"column":49}}]},"8":{"loc":{"start":{"line":123,"column":21},"end":{"line":123,"column":47}},"type":"cond-expr","locations":[{"start":{"line":123,"column":34},"end":{"line":123,"column":40}},{"start":{"line":123,"column":43},"end":{"line":123,"column":47}}]},"9":{"loc":{"start":{"line":125,"column":21},"end":{"line":125,"column":47}},"type":"cond-expr","locations":[{"start":{"line":125,"column":34},"end":{"line":125,"column":40}},{"start":{"line":125,"column":43},"end":{"line":125,"column":47}}]},"10":{"loc":{"start":{"line":132,"column":12},"end":{"line":132,"column":26}},"type":"binary-expr","locations":[{"start":{"line":132,"column":12},"end":{"line":132,"column":18}},{"start":{"line":132,"column":22},"end":{"line":132,"column":26}}]},"11":{"loc":{"start":{"line":200,"column":10},"end":{"line":200,"column":27}},"type":"default-arg","locations":[{"start":{"line":200,"column":25},"end":{"line":200,"column":27}}]},"12":{"loc":{"start":{"line":200,"column":29},"end":{"line":200,"column":41}},"type":"default-arg","locations":[{"start":{"line":200,"column":39},"end":{"line":200,"column":41}}]},"13":{"loc":{"start":{"line":200,"column":43},"end":{"line":200,"column":58}},"type":"default-arg","locations":[{"start":{"line":200,"column":56},"end":{"line":200,"column":58}}]},"14":{"loc":{"start":{"line":202,"column":2},"end":{"line":207,"column":3}},"type":"if","locations":[{"start":{"line":202,"column":2},"end":{"line":207,"column":3}}]},"15":{"loc":{"start":{"line":209,"column":2},"end":{"line":213,"column":3}},"type":"if","locations":[{"start":{"line":209,"column":2},"end":{"line":213,"column":3}}]},"16":{"loc":{"start":{"line":215,"column":2},"end":{"line":233,"column":3}},"type":"if","locations":[{"start":{"line":215,"column":2},"end":{"line":233,"column":3}}]}},"s":{"0":22,"1":22,"2":22,"3":22,"4":22,"5":22,"6":22,"7":22,"8":22,"9":22,"10":22,"11":22,"12":22,"13":20,"14":71,"15":2,"16":69,"17":2,"18":67,"19":71,"20":71,"21":71,"22":2,"23":2,"24":71,"25":71,"26":0,"27":71,"28":46,"29":46,"30":46,"31":27,"32":27,"33":27,"34":27,"35":27,"36":27,"37":27,"38":27,"39":27,"40":27,"41":27,"42":27,"43":27,"44":27,"45":20,"46":20,"47":18,"48":20,"49":19,"50":20,"51":20,"52":20,"53":20,"54":40,"55":40},"f":{"0":4,"1":20,"2":71,"3":71,"4":2,"5":71,"6":46,"7":27,"8":20,"9":40},"b":{"0":[2],"1":[2],"2":[0],"3":[0],"4":[71,0],"5":[0],"6":[27,0],"7":[2,25],"8":[9,18],"9":[0,27],"10":[27,0],"11":[2],"12":[0],"13":[0],"14":[18],"15":[19],"16":[20]}}
,"/home/dfcastro/WebstormProjects/vtm-elysium-next/__tests__/helpers/testRequest.ts": {"path":"/home/dfcastro/WebstormProjects/vtm-elysium-next/__tests__/helpers/testRequest.ts","statementMap":{"0":{"start":{"line":4,"column":0},"end":{"line":4,"column":16}},"1":{"start":{"line":2,"column":0},"end":{"line":2,"column":42}},"2":{"start":{"line":10,"column":28},"end":{"line":16,"column":4}},"3":{"start":{"line":18,"column":2},"end":{"line":20,"column":3}},"4":{"start":{"line":19,"column":4},"end":{"line":19,"column":37}},"5":{"start":{"line":22,"column":14},"end":{"line":22,"column":36}},"6":{"start":{"line":23,"column":2},"end":{"line":23,"column":30}}},"fnMap":{"0":{"name":"makeNextJsonRequest","decl":{"start":{"line":4,"column":16},"end":{"line":4,"column":35}},"loc":{"start":{"line":8,"column":38},"end":{"line":24,"column":1}}}},"branchMap":{"0":{"loc":{"start":{"line":8,"column":2},"end":{"line":8,"column":38}},"type":"default-arg","locations":[{"start":{"line":8,"column":36},"end":{"line":8,"column":38}}]},"1":{"loc":{"start":{"line":18,"column":2},"end":{"line":20,"column":3}},"type":"if","locations":[{"start":{"line":18,"column":2},"end":{"line":20,"column":3}}]}},"s":{"0":23,"1":23,"2":92,"3":92,"4":48,"5":92,"6":92},"f":{"0":92},"b":{"0":[32],"1":[48]}}
,"/home/dfcastro/WebstormProjects/vtm-elysium-next/app/api/characters/[id]/route.ts": {"path":"/home/dfcastro/WebstormProjects/vtm-elysium-next/app/api/characters/[id]/route.ts","statementMap":{"0":{"start":{"line":41,"column":0},"end":{"line":41,"column":7}},"1":{"start":{"line":93,"column":0},"end":{"line":93,"column":7}},"2":{"start":{"line":209,"column":0},"end":{"line":209,"column":7}},"3":{"start":{"line":2,"column":0},"end":{"line":2,"column":56}},"4":{"start":{"line":3,"column":0},"end":{"line":3,"column":32}},"5":{"start":{"line":4,"column":0},"end":{"line":4,"column":41}},"6":{"start":{"line":7,"column":2},"end":{"line":7,"column":59}},"7":{"start":{"line":17,"column":4},"end":{"line":17,"column":77}},"8":{"start":{"line":18,"column":2},"end":{"line":18,"column":22}},"9":{"start":{"line":22,"column":26},"end":{"line":22,"column":79}},"10":{"start":{"line":27,"column":19},"end":{"line":27,"column":31}},"11":{"start":{"line":30,"column":16},"end":{"line":30,"column":74}},"12":{"start":{"line":32,"column":2},"end":{"line":36,"column":3}},"13":{"start":{"line":33,"column":4},"end":{"line":35,"column":7}},"14":{"start":{"line":38,"column":2},"end":{"line":38,"column":55}},"15":{"start":{"line":42,"column":17},"end":{"line":42,"column":37}},"16":{"start":{"line":44,"column":2},"end":{"line":90,"column":3}},"17":{"start":{"line":45,"column":17},"end":{"line":45,"column":39}},"18":{"start":{"line":46,"column":19},"end":{"line":46,"column":27}},"19":{"start":{"line":47,"column":24},"end":{"line":47,"column":48}},"20":{"start":{"line":48,"column":14},"end":{"line":72,"column":null}},"21":{"start":{"line":75,"column":4},"end":{"line":77,"column":5}},"22":{"start":{"line":76,"column":6},"end":{"line":76,"column":51}},"23":{"start":{"line":79,"column":22},"end":{"line":79,"column":31}},"24":{"start":{"line":81,"column":4},"end":{"line":83,"column":5}},"25":{"start":{"line":82,"column":6},"end":{"line":82,"column":41}},"26":{"start":{"line":85,"column":4},"end":{"line":85,"column":61}},"27":{"start":{"line":87,"column":4},"end":{"line":87,"column":71}},"28":{"start":{"line":89,"column":4},"end":{"line":89,"column":21}},"29":{"start":{"line":94,"column":17},"end":{"line":94,"column":37}},"30":{"start":{"line":96,"column":2},"end":{"line":206,"column":3}},"31":{"start":{"line":97,"column":17},"end":{"line":97,"column":39}},"32":{"start":{"line":98,"column":19},"end":{"line":98,"column":27}},"33":{"start":{"line":99,"column":24},"end":{"line":99,"column":48}},"34":{"start":{"line":101,"column":17},"end":{"line":101,"column":51}},"35":{"start":{"line":101,"column":46},"end":{"line":101,"column":50}},"36":{"start":{"line":102,"column":4},"end":{"line":104,"column":5}},"37":{"start":{"line":103,"column":6},"end":{"line":103,"column":49}},"38":{"start":{"line":106,"column":19},"end":{"line":106,"column":37}},"39":{"start":{"line":107,"column":4},"end":{"line":109,"column":5}},"40":{"start":{"line":108,"column":6},"end":{"line":108,"column":71}},"41":{"start":{"line":113,"column":4},"end":{"line":117,"column":5}},"42":{"start":{"line":114,"column":6},"end":{"line":114,"column":53}},"43":{"start":{"line":116,"column":6},"end":{"line":116,"column":78}},"44":{"start":{"line":119,"column":4},"end":{"line":119,"column":32}},"45":{"start":{"line":122,"column":16},"end":{"line":133,"column":null}},"46":{"start":{"line":136,"column":4},"end":{"line":139,"column":5}},"47":{"start":{"line":137,"column":6},"end":{"line":137,"column":37}},"48":{"start":{"line":138,"column":6},"end":{"line":138,"column":51}},"49":{"start":{"line":141,"column":20},"end":{"line":141,"column":31}},"50":{"start":{"line":143,"column":4},"end":{"line":146,"column":5}},"51":{"start":{"line":144,"column":6},"end":{"line":144,"column":37}},"52":{"start":{"line":145,"column":6},"end":{"line":145,"column":41}},"53":{"start":{"line":148,"column":4},"end":{"line":154,"column":5}},"54":{"start":{"line":149,"column":6},"end":{"line":149,"column":37}},"55":{"start":{"line":150,"column":6},"end":{"line":153,"column":8}},"56":{"start":{"line":160,"column":20},"end":{"line":196,"column":null}},"57":{"start":{"line":199,"column":4},"end":{"line":199,"column":33}},"58":{"start":{"line":200,"column":4},"end":{"line":200,"column":78}},"59":{"start":{"line":202,"column":4},"end":{"line":202,"column":35}},"60":{"start":{"line":203,"column":4},"end":{"line":203,"column":71}},"61":{"start":{"line":205,"column":4},"end":{"line":205,"column":21}},"62":{"start":{"line":210,"column":17},"end":{"line":210,"column":37}},"63":{"start":{"line":212,"column":2},"end":{"line":262,"column":3}},"64":{"start":{"line":213,"column":17},"end":{"line":213,"column":39}},"65":{"start":{"line":214,"column":19},"end":{"line":214,"column":27}},"66":{"start":{"line":215,"column":24},"end":{"line":215,"column":48}},"67":{"start":{"line":218,"column":14},"end":{"line":226,"column":null}},"68":{"start":{"line":229,"column":4},"end":{"line":231,"column":5}},"69":{"start":{"line":230,"column":6},"end":{"line":230,"column":51}},"70":{"start":{"line":233,"column":16},"end":{"line":233,"column":25}},"71":{"start":{"line":236,"column":4},"end":{"line":238,"column":5}},"72":{"start":{"line":237,"column":6},"end":{"line":237,"column":41}},"73":{"start":{"line":242,"column":4},"end":{"line":244,"column":5}},"74":{"start":{"line":243,"column":6},"end":{"line":243,"column":80}},"75":{"start":{"line":247,"column":4},"end":{"line":255,"column":6}},"76":{"start":{"line":257,"column":4},"end":{"line":257,"column":60}},"77":{"start":{"line":259,"column":4},"end":{"line":259,"column":71}},"78":{"start":{"line":261,"column":4},"end":{"line":261,"column":21}}},"fnMap":{"0":{"name":"jsonError","decl":{"start":{"line":6,"column":9},"end":{"line":6,"column":18}},"loc":{"start":{"line":6,"column":48},"end":{"line":8,"column":1}}},"1":{"name":"resolveId","decl":{"start":{"line":15,"column":15},"end":{"line":15,"column":24}},"loc":{"start":{"line":15,"column":46},"end":{"line":19,"column":1}}},"2":{"name":"deriveDraftStatusFromSheet","decl":{"start":{"line":24,"column":9},"end":{"line":24,"column":35}},"loc":{"start":{"line":25,"column":12},"end":{"line":39,"column":1}}},"3":{"name":"GET","decl":{"start":{"line":41,"column":22},"end":{"line":41,"column":25}},"loc":{"start":{"line":41,"column":65},"end":{"line":91,"column":1}}},"4":{"name":"PUT","decl":{"start":{"line":93,"column":22},"end":{"line":93,"column":25}},"loc":{"start":{"line":93,"column":65},"end":{"line":207,"column":1}}},"5":{"name":"(anonymous_5)","decl":{"start":{"line":101,"column":40},"end":{"line":101,"column":43}},"loc":{"start":{"line":101,"column":46},"end":{"line":101,"column":50}}},"6":{"name":"DELETE","decl":{"start":{"line":209,"column":22},"end":{"line":209,"column":28}},"loc":{"start":{"line":209,"column":68},"end":{"line":263,"column":1}}}},"branchMap":{"0":{"loc":{"start":{"line":6,"column":36},"end":{"line":6,"column":48}},"type":"default-arg","locations":[{"start":{"line":6,"column":45},"end":{"line":6,"column":48}}]},"1":{"loc":{"start":{"line":17,"column":4},"end":{"line":17,"column":77}},"type":"cond-expr","locations":[{"start":{"line":17,"column":40},"end":{"line":17,"column":60}},{"start":{"line":17,"column":63},"end":{"line":17,"column":77}}]},"2":{"loc":{"start":{"line":30,"column":16},"end":{"line":30,"column":74}},"type":"cond-expr","locations":[{"start":{"line":30,"column":47},"end":{"line":30,"column":63}},{"start":{"line":30,"column":66},"end":{"line":30,"column":74}}]},"3":{"loc":{"start":{"line":32,"column":2},"end":{"line":36,"column":3}},"type":"if","locations":[{"start":{"line":32,"column":2},"end":{"line":36,"column":3}}]},"4":{"loc":{"start":{"line":32,"column":6},"end":{"line":32,"column":32}},"type":"binary-expr","locations":[{"start":{"line":32,"column":6},"end":{"line":32,"column":17}},{"start":{"line":32,"column":21},"end":{"line":32,"column":32}}]},"5":{"loc":{"start":{"line":38,"column":9},"end":{"line":38,"column":54}},"type":"cond-expr","locations":[{"start":{"line":38,"column":23},"end":{"line":38,"column":37}},{"start":{"line":38,"column":40},"end":{"line":38,"column":54}}]},"6":{"loc":{"start":{"line":75,"column":4},"end":{"line":77,"column":5}},"type":"if","locations":[{"start":{"line":75,"column":4},"end":{"line":77,"column":5}}]},"7":{"loc":{"start":{"line":75,"column":9},"end":{"line":75,"column":24}},"type":"binary-expr","locations":[{"start":{"line":75,"column":9},"end":{"line":75,"column":19}},{"start":{"line":75,"column":23},"end":{"line":75,"column":24}}]},"8":{"loc":{"start":{"line":81,"column":4},"end":{"line":83,"column":5}},"type":"if","locations":[{"start":{"line":81,"column":4},"end":{"line":83,"column":5}}]},"9":{"loc":{"start":{"line":87,"column":21},"end":{"line":87,"column":51}},"type":"binary-expr","locations":[{"start":{"line":87,"column":21},"end":{"line":87,"column":31}},{"start":{"line":87,"column":35},"end":{"line":87,"column":51}}]},"10":{"loc":{"start":{"line":87,"column":53},"end":{"line":87,"column":69}},"type":"binary-expr","locations":[{"start":{"line":87,"column":53},"end":{"line":87,"column":62}},{"start":{"line":87,"column":66},"end":{"line":87,"column":69}}]},"11":{"loc":{"start":{"line":102,"column":4},"end":{"line":104,"column":5}},"type":"if","locations":[{"start":{"line":102,"column":4},"end":{"line":104,"column":5}}]},"12":{"loc":{"start":{"line":102,"column":8},"end":{"line":102,"column":41}},"type":"binary-expr","locations":[{"start":{"line":102,"column":8},"end":{"line":102,"column":13}},{"start":{"line":102,"column":17},"end":{"line":102,"column":41}}]},"13":{"loc":{"start":{"line":107,"column":4},"end":{"line":109,"column":5}},"type":"if","locations":[{"start":{"line":107,"column":4},"end":{"line":109,"column":5}}]},"14":{"loc":{"start":{"line":107,"column":8},"end":{"line":107,"column":43}},"type":"binary-expr","locations":[{"start":{"line":107,"column":8},"end":{"line":107,"column":14}},{"start":{"line":107,"column":18},"end":{"line":107,"column":43}}]},"15":{"loc":{"start":{"line":116,"column":23},"end":{"line":116,"column":58}},"type":"binary-expr","locations":[{"start":{"line":116,"column":23},"end":{"line":116,"column":33}},{"start":{"line":116,"column":37},"end":{"line":116,"column":58}}]},"16":{"loc":{"start":{"line":116,"column":60},"end":{"line":116,"column":76}},"type":"binary-expr","locations":[{"start":{"line":116,"column":60},"end":{"line":116,"column":69}},{"start":{"line":116,"column":73},"end":{"line":116,"column":76}}]},"17":{"loc":{"start":{"line":136,"column":4},"end":{"line":139,"column":5}},"type":"if","locations":[{"start":{"line":136,"column":4},"end":{"line":139,"column":5}}]},"18":{"loc":{"start":{"line":136,"column":9},"end":{"line":136,"column":26}},"type":"binary-expr","locations":[{"start":{"line":136,"column":9},"end":{"line":136,"column":21}},{"start":{"line":136,"column":25},"end":{"line":136,"column":26}}]},"19":{"loc":{"start":{"line":143,"column":4},"end":{"line":146,"column":5}},"type":"if","locations":[{"start":{"line":143,"column":4},"end":{"line":146,"column":5}}]},"20":{"loc":{"start":{"line":148,"column":4},"end":{"line":154,"column":5}},"type":"if","locations":[{"start":{"line":148,"column":4},"end":{"line":154,"column":5}}]},"21":{"loc":{"start":{"line":203,"column":21},"end":{"line":203,"column":51}},"type":"binary-expr","locations":[{"start":{"line":203,"column":21},"end":{"line":203,"column":31}},{"start":{"line":203,"column":35},"end":{"line":203,"column":51}}]},"22":{"loc":{"start":{"line":203,"column":53},"end":{"line":203,"column":69}},"type":"binary-expr","locations":[{"start":{"line":203,"column":53},"end":{"line":203,"column":62}},{"start":{"line":203,"column":66},"end":{"line":203,"column":69}}]},"23":{"loc":{"start":{"line":229,"column":4},"end":{"line":231,"column":5}},"type":"if","locations":[{"start":{"line":229,"column":4},"end":{"line":231,"column":5}}]},"24":{"loc":{"start":{"line":229,"column":9},"end":{"line":229,"column":24}},"type":"binary-expr","locations":[{"start":{"line":229,"column":9},"end":{"line":229,"column":19}},{"start":{"line":229,"column":23},"end":{"line":229,"column":24}}]},"25":{"loc":{"start":{"line":236,"column":4},"end":{"line":238,"column":5}},"type":"if","locations":[{"start":{"line":236,"column":4},"end":{"line":238,"column":5}}]},"26":{"loc":{"start":{"line":242,"column":4},"end":{"line":244,"column":5}},"type":"if","locations":[{"start":{"line":242,"column":4},"end":{"line":244,"column":5}}]},"27":{"loc":{"start":{"line":259,"column":21},"end":{"line":259,"column":51}},"type":"binary-expr","locations":[{"start":{"line":259,"column":21},"end":{"line":259,"column":31}},{"start":{"line":259,"column":35},"end":{"line":259,"column":51}}]},"28":{"loc":{"start":{"line":259,"column":53},"end":{"line":259,"column":69}},"type":"binary-expr","locations":[{"start":{"line":259,"column":53},"end":{"line":259,"column":62}},{"start":{"line":259,"column":66},"end":{"line":259,"column":69}}]}},"s":{"0":3,"1":3,"2":3,"3":3,"4":3,"5":3,"6":12,"7":12,"8":12,"9":3,"10":4,"11":4,"12":4,"13":0,"14":4,"15":5,"16":5,"17":5,"18":4,"19":4,"20":4,"21":4,"22":2,"23":2,"24":2,"25":1,"26":1,"27":1,"28":5,"29":5,"30":5,"31":5,"32":4,"33":4,"34":4,"35":0,"36":4,"37":0,"38":4,"39":4,"40":0,"41":4,"42":4,"43":0,"44":4,"45":4,"46":4,"47":1,"48":1,"49":3,"50":3,"51":1,"52":1,"53":2,"54":1,"55":1,"56":1,"57":1,"58":1,"59":1,"60":1,"61":5,"62":5,"63":5,"64":5,"65":4,"66":4,"67":4,"68":4,"69":1,"70":3,"71":3,"72":1,"73":2,"74":1,"75":1,"76":1,"77":1,"78":5},"f":{"0":12,"1":12,"2":4,"3":5,"4":5,"5":0,"6":5},"b":{"0":[0],"1":[2,10],"2":[0,4],"3":[0],"4":[4,2],"5":[2,2],"6":[2],"7":[4,0],"8":[1],"9":[1,0],"10":[1,0],"11":[0],"12":[4,4],"13":[0],"14":[4,4],"15":[0,0],"16":[0,0],"17":[1],"18":[4,0],"19":[1],"20":[1],"21":[1,0],"22":[1,0],"23":[1],"24":[4,0],"25":[1],"26":[1],"27":[1,0],"28":[1,0]}}
,"/home/dfcastro/WebstormProjects/vtm-elysium-next/app/api/characters/[id]/audit/route.ts": {"path":"/home/dfcastro/WebstormProjects/vtm-elysium-next/app/api/characters/[id]/audit/route.ts","statementMap":{"0":{"start":{"line":13,"column":0},"end":{"line":13,"column":7}},"1":{"start":{"line":2,"column":0},"end":{"line":2,"column":56}},"2":{"start":{"line":3,"column":0},"end":{"line":3,"column":35}},"3":{"start":{"line":4,"column":0},"end":{"line":4,"column":41}},"4":{"start":{"line":5,"column":0},"end":{"line":5,"column":48}},"5":{"start":{"line":8,"column":12},"end":{"line":8,"column":44}},"6":{"start":{"line":9,"column":2},"end":{"line":9,"column":38}},"7":{"start":{"line":9,"column":27},"end":{"line":9,"column":38}},"8":{"start":{"line":10,"column":2},"end":{"line":10,"column":41}},"9":{"start":{"line":15,"column":2},"end":{"line":22,"column":3}},"10":{"start":{"line":16,"column":4},"end":{"line":16,"column":34}},"11":{"start":{"line":18,"column":4},"end":{"line":21,"column":6}},"12":{"start":{"line":24,"column":22},"end":{"line":24,"column":35}},"13":{"start":{"line":26,"column":14},"end":{"line":26,"column":30}},"14":{"start":{"line":27,"column":16},"end":{"line":27,"column":67}},"15":{"start":{"line":28,"column":17},"end":{"line":28,"column":74}},"16":{"start":{"line":30,"column":15},"end":{"line":30,"column":24}},"17":{"start":{"line":31,"column":17},"end":{"line":31,"column":37}},"18":{"start":{"line":33,"column":2},"end":{"line":85,"column":3}},"19":{"start":{"line":34,"column":15},"end":{"line":46,"column":null}},"20":{"start":{"line":49,"column":4},"end":{"line":54,"column":5}},"21":{"start":{"line":50,"column":6},"end":{"line":53,"column":8}},"22":{"start":{"line":56,"column":22},"end":{"line":56,"column":32}},"23":{"start":{"line":57,"column":20},"end":{"line":57,"column":56}},"24":{"start":{"line":59,"column":4},"end":{"line":66,"column":5}},"25":{"start":{"line":60,"column":17},"end":{"line":63,"column":8}},"26":{"start":{"line":64,"column":6},"end":{"line":65,"column":74}},"27":{"start":{"line":65,"column":8},"end":{"line":65,"column":74}},"28":{"start":{"line":68,"column":14},"end":{"line":76,"column":null}},"29":{"start":{"line":79,"column":4},"end":{"line":82,"column":6}},"30":{"start":{"line":84,"column":4},"end":{"line":84,"column":21}}},"fnMap":{"0":{"name":"clampInt","decl":{"start":{"line":7,"column":9},"end":{"line":7,"column":17}},"loc":{"start":{"line":7,"column":73},"end":{"line":11,"column":1}}},"1":{"name":"GET","decl":{"start":{"line":13,"column":22},"end":{"line":13,"column":25}},"loc":{"start":{"line":13,"column":75},"end":{"line":86,"column":1}}}},"branchMap":{"0":{"loc":{"start":{"line":8,"column":12},"end":{"line":8,"column":44}},"type":"cond-expr","locations":[{"start":{"line":8,"column":16},"end":{"line":8,"column":38}},{"start":{"line":8,"column":41},"end":{"line":8,"column":44}}]},"1":{"loc":{"start":{"line":9,"column":2},"end":{"line":9,"column":38}},"type":"if","locations":[{"start":{"line":9,"column":2},"end":{"line":9,"column":38}}]},"2":{"loc":{"start":{"line":19,"column":15},"end":{"line":19,"column":43}},"type":"binary-expr","locations":[{"start":{"line":19,"column":15},"end":{"line":19,"column":25}},{"start":{"line":19,"column":29},"end":{"line":19,"column":43}}]},"3":{"loc":{"start":{"line":20,"column":16},"end":{"line":20,"column":32}},"type":"binary-expr","locations":[{"start":{"line":20,"column":16},"end":{"line":20,"column":25}},{"start":{"line":20,"column":29},"end":{"line":20,"column":32}}]},"4":{"loc":{"start":{"line":49,"column":4},"end":{"line":54,"column":5}},"type":"if","locations":[{"start":{"line":49,"column":4},"end":{"line":54,"column":5}}]},"5":{"loc":{"start":{"line":49,"column":8},"end":{"line":49,"column":50}},"type":"binary-expr","locations":[{"start":{"line":49,"column":8},"end":{"line":49,"column":25}},{"start":{"line":49,"column":29},"end":{"line":49,"column":50}}]},"6":{"loc":{"start":{"line":59,"column":4},"end":{"line":66,"column":5}},"type":"if","locations":[{"start":{"line":59,"column":4},"end":{"line":66,"column":5}}]},"7":{"loc":{"start":{"line":64,"column":6},"end":{"line":65,"column":74}},"type":"if","locations":[{"start":{"line":64,"column":6},"end":{"line":65,"column":74}}]}},"s":{"0":1,"1":1,"2":1,"3":1,"4":1,"5":8,"6":8,"7":0,"8":8,"9":5,"10":5,"11":1,"12":4,"13":4,"14":4,"15":4,"16":4,"17":4,"18":4,"19":4,"20":4,"21":1,"22":3,"23":3,"24":3,"25":2,"26":2,"27":1,"28":2,"29":2,"30":4},"f":{"0":8,"1":5},"b":{"0":[2,6],"1":[0],"2":[1,0],"3":[1,0],"4":[1],"5":[4,3],"6":[2],"7":[1]}}
,"/home/dfcastro/WebstormProjects/vtm-elysium-next/app/api/characters/[id]/history/route.ts": {"path":"/home/dfcastro/WebstormProjects/vtm-elysium-next/app/api/characters/[id]/history/route.ts","statementMap":{"0":{"start":{"line":13,"column":0},"end":{"line":13,"column":7}},"1":{"start":{"line":2,"column":0},"end":{"line":2,"column":56}},"2":{"start":{"line":3,"column":0},"end":{"line":3,"column":35}},"3":{"start":{"line":4,"column":0},"end":{"line":4,"column":41}},"4":{"start":{"line":5,"column":0},"end":{"line":5,"column":48}},"5":{"start":{"line":8,"column":12},"end":{"line":8,"column":44}},"6":{"start":{"line":9,"column":2},"end":{"line":9,"column":38}},"7":{"start":{"line":9,"column":27},"end":{"line":9,"column":38}},"8":{"start":{"line":10,"column":2},"end":{"line":10,"column":41}},"9":{"start":{"line":14,"column":15},"end":{"line":14,"column":37}},"10":{"start":{"line":15,"column":22},"end":{"line":15,"column":35}},"11":{"start":{"line":17,"column":14},"end":{"line":17,"column":30}},"12":{"start":{"line":18,"column":16},"end":{"line":18,"column":67}},"13":{"start":{"line":19,"column":17},"end":{"line":19,"column":74}},"14":{"start":{"line":21,"column":15},"end":{"line":21,"column":24}},"15":{"start":{"line":22,"column":17},"end":{"line":22,"column":37}},"16":{"start":{"line":24,"column":2},"end":{"line":96,"column":3}},"17":{"start":{"line":26,"column":15},"end":{"line":38,"column":null}},"18":{"start":{"line":41,"column":4},"end":{"line":46,"column":5}},"19":{"start":{"line":42,"column":6},"end":{"line":45,"column":8}},"20":{"start":{"line":48,"column":22},"end":{"line":48,"column":32}},"21":{"start":{"line":49,"column":20},"end":{"line":49,"column":56}},"22":{"start":{"line":51,"column":4},"end":{"line":58,"column":5}},"23":{"start":{"line":52,"column":17},"end":{"line":55,"column":8}},"24":{"start":{"line":56,"column":6},"end":{"line":57,"column":74}},"25":{"start":{"line":57,"column":8},"end":{"line":57,"column":74}},"26":{"start":{"line":61,"column":14},"end":{"line":87,"column":null}},"27":{"start":{"line":90,"column":4},"end":{"line":93,"column":6}},"28":{"start":{"line":95,"column":4},"end":{"line":95,"column":21}}},"fnMap":{"0":{"name":"clampInt","decl":{"start":{"line":7,"column":9},"end":{"line":7,"column":17}},"loc":{"start":{"line":7,"column":73},"end":{"line":11,"column":1}}},"1":{"name":"GET","decl":{"start":{"line":13,"column":22},"end":{"line":13,"column":25}},"loc":{"start":{"line":13,"column":75},"end":{"line":97,"column":1}}}},"branchMap":{"0":{"loc":{"start":{"line":8,"column":12},"end":{"line":8,"column":44}},"type":"cond-expr","locations":[{"start":{"line":8,"column":16},"end":{"line":8,"column":38}},{"start":{"line":8,"column":41},"end":{"line":8,"column":44}}]},"1":{"loc":{"start":{"line":9,"column":2},"end":{"line":9,"column":38}},"type":"if","locations":[{"start":{"line":9,"column":2},"end":{"line":9,"column":38}}]},"2":{"loc":{"start":{"line":41,"column":4},"end":{"line":46,"column":5}},"type":"if","locations":[{"start":{"line":41,"column":4},"end":{"line":46,"column":5}}]},"3":{"loc":{"start":{"line":41,"column":8},"end":{"line":41,"column":50}},"type":"binary-expr","locations":[{"start":{"line":41,"column":8},"end":{"line":41,"column":25}},{"start":{"line":41,"column":29},"end":{"line":41,"column":50}}]},"4":{"loc":{"start":{"line":51,"column":4},"end":{"line":58,"column":5}},"type":"if","locations":[{"start":{"line":51,"column":4},"end":{"line":58,"column":5}}]},"5":{"loc":{"start":{"line":56,"column":6},"end":{"line":57,"column":74}},"type":"if","locations":[{"start":{"line":56,"column":6},"end":{"line":57,"column":74}}]}},"s":{"0":1,"1":1,"2":1,"3":1,"4":1,"5":4,"6":4,"7":0,"8":4,"9":3,"10":2,"11":2,"12":2,"13":2,"14":2,"15":2,"16":2,"17":2,"18":2,"19":1,"20":1,"21":1,"22":1,"23":0,"24":0,"25":0,"26":1,"27":1,"28":2},"f":{"0":4,"1":3},"b":{"0":[2,2],"1":[0],"2":[1],"3":[2,1],"4":[0],"5":[0]}}
,"/home/dfcastro/WebstormProjects/vtm-elysium-next/app/api/characters/[id]/sheet-merge/route.ts": {"path":"/home/dfcastro/WebstormProjects/vtm-elysium-next/app/api/characters/[id]/sheet-merge/route.ts","statementMap":{"0":{"start":{"line":20,"column":0},"end":{"line":20,"column":7}},"1":{"start":{"line":2,"column":0},"end":{"line":2,"column":56}},"2":{"start":{"line":3,"column":0},"end":{"line":3,"column":32}},"3":{"start":{"line":4,"column":0},"end":{"line":4,"column":41}},"4":{"start":{"line":7,"column":2},"end":{"line":7,"column":59}},"5":{"start":{"line":14,"column":4},"end":{"line":14,"column":77}},"6":{"start":{"line":15,"column":2},"end":{"line":15,"column":36}},"7":{"start":{"line":18,"column":26},"end":{"line":18,"column":79}},"8":{"start":{"line":21,"column":17},"end":{"line":21,"column":37}},"9":{"start":{"line":22,"column":2},"end":{"line":97,"column":3}},"10":{"start":{"line":23,"column":17},"end":{"line":23,"column":39}},"11":{"start":{"line":24,"column":15},"end":{"line":24,"column":39}},"12":{"start":{"line":25,"column":4},"end":{"line":25,"column":59}},"13":{"start":{"line":25,"column":13},"end":{"line":25,"column":59}},"14":{"start":{"line":27,"column":17},"end":{"line":27,"column":51}},"15":{"start":{"line":27,"column":46},"end":{"line":27,"column":50}},"16":{"start":{"line":28,"column":4},"end":{"line":29,"column":49}},"17":{"start":{"line":29,"column":6},"end":{"line":29,"column":49}},"18":{"start":{"line":31,"column":19},"end":{"line":31,"column":37}},"19":{"start":{"line":32,"column":4},"end":{"line":33,"column":71}},"20":{"start":{"line":33,"column":6},"end":{"line":33,"column":71}},"21":{"start":{"line":35,"column":4},"end":{"line":35,"column":32}},"22":{"start":{"line":37,"column":16},"end":{"line":39,"column":null}},"23":{"start":{"line":42,"column":4},"end":{"line":45,"column":5}},"24":{"start":{"line":43,"column":6},"end":{"line":43,"column":37}},"25":{"start":{"line":44,"column":6},"end":{"line":44,"column":51}},"26":{"start":{"line":47,"column":16},"end":{"line":47,"column":27}},"27":{"start":{"line":48,"column":4},"end":{"line":51,"column":5}},"28":{"start":{"line":49,"column":6},"end":{"line":49,"column":37}},"29":{"start":{"line":50,"column":6},"end":{"line":50,"column":41}},"30":{"start":{"line":52,"column":4},"end":{"line":58,"column":5}},"31":{"start":{"line":53,"column":6},"end":{"line":53,"column":37}},"32":{"start":{"line":54,"column":6},"end":{"line":57,"column":8}},"33":{"start":{"line":61,"column":20},"end":{"line":87,"column":null}},"34":{"start":{"line":90,"column":4},"end":{"line":90,"column":33}},"35":{"start":{"line":91,"column":4},"end":{"line":91,"column":78}},"36":{"start":{"line":93,"column":4},"end":{"line":93,"column":35}},"37":{"start":{"line":94,"column":4},"end":{"line":94,"column":71}},"38":{"start":{"line":96,"column":4},"end":{"line":96,"column":21}}},"fnMap":{"0":{"name":"jsonError","decl":{"start":{"line":6,"column":9},"end":{"line":6,"column":18}},"loc":{"start":{"line":6,"column":48},"end":{"line":8,"column":1}}},"1":{"name":"resolveId","decl":{"start":{"line":12,"column":15},"end":{"line":12,"column":24}},"loc":{"start":{"line":12,"column":46},"end":{"line":16,"column":1}}},"2":{"name":"PATCH","decl":{"start":{"line":20,"column":22},"end":{"line":20,"column":27}},"loc":{"start":{"line":20,"column":67},"end":{"line":98,"column":1}}},"3":{"name":"(anonymous_3)","decl":{"start":{"line":27,"column":40},"end":{"line":27,"column":43}},"loc":{"start":{"line":27,"column":46},"end":{"line":27,"column":50}}}},"branchMap":{"0":{"loc":{"start":{"line":6,"column":36},"end":{"line":6,"column":48}},"type":"default-arg","locations":[{"start":{"line":6,"column":45},"end":{"line":6,"column":48}}]},"1":{"loc":{"start":{"line":14,"column":4},"end":{"line":14,"column":77}},"type":"cond-expr","locations":[{"start":{"line":14,"column":40},"end":{"line":14,"column":60}},{"start":{"line":14,"column":63},"end":{"line":14,"column":77}}]},"2":{"loc":{"start":{"line":15,"column":16},"end":{"line":15,"column":27}},"type":"binary-expr","locations":[{"start":{"line":15,"column":16},"end":{"line":15,"column":21}},{"start":{"line":15,"column":25},"end":{"line":15,"column":27}}]},"3":{"loc":{"start":{"line":25,"column":4},"end":{"line":25,"column":59}},"type":"if","locations":[{"start":{"line":25,"column":4},"end":{"line":25,"column":59}}]},"4":{"loc":{"start":{"line":28,"column":4},"end":{"line":29,"column":49}},"type":"if","locations":[{"start":{"line":28,"column":4},"end":{"line":29,"column":49}}]},"5":{"loc":{"start":{"line":28,"column":8},"end":{"line":28,"column":41}},"type":"binary-expr","locations":[{"start":{"line":28,"column":8},"end":{"line":28,"column":13}},{"start":{"line":28,"column":17},"end":{"line":28,"column":41}}]},"6":{"loc":{"start":{"line":32,"column":4},"end":{"line":33,"column":71}},"type":"if","locations":[{"start":{"line":32,"column":4},"end":{"line":33,"column":71}}]},"7":{"loc":{"start":{"line":32,"column":8},"end":{"line":32,"column":43}},"type":"binary-expr","locations":[{"start":{"line":32,"column":8},"end":{"line":32,"column":14}},{"start":{"line":32,"column":18},"end":{"line":32,"column":43}}]},"8":{"loc":{"start":{"line":42,"column":4},"end":{"line":45,"column":5}},"type":"if","locations":[{"start":{"line":42,"column":4},"end":{"line":45,"column":5}}]},"9":{"loc":{"start":{"line":42,"column":9},"end":{"line":42,"column":26}},"type":"binary-expr","locations":[{"start":{"line":42,"column":9},"end":{"line":42,"column":21}},{"start":{"line":42,"column":25},"end":{"line":42,"column":26}}]},"10":{"loc":{"start":{"line":48,"column":4},"end":{"line":51,"column":5}},"type":"if","locations":[{"start":{"line":48,"column":4},"end":{"line":51,"column":5}}]},"11":{"loc":{"start":{"line":52,"column":4},"end":{"line":58,"column":5}},"type":"if","locations":[{"start":{"line":52,"column":4},"end":{"line":58,"column":5}}]},"12":{"loc":{"start":{"line":94,"column":21},"end":{"line":94,"column":51}},"type":"binary-expr","locations":[{"start":{"line":94,"column":21},"end":{"line":94,"column":31}},{"start":{"line":94,"column":35},"end":{"line":94,"column":51}}]},"13":{"loc":{"start":{"line":94,"column":53},"end":{"line":94,"column":69}},"type":"binary-expr","locations":[{"start":{"line":94,"column":53},"end":{"line":94,"column":62}},{"start":{"line":94,"column":66},"end":{"line":94,"column":69}}]}},"s":{"0":1,"1":1,"2":1,"3":1,"4":4,"5":4,"6":4,"7":1,"8":5,"9":5,"10":5,"11":4,"12":4,"13":0,"14":4,"15":0,"16":4,"17":0,"18":4,"19":4,"20":0,"21":4,"22":4,"23":4,"24":1,"25":1,"26":3,"27":3,"28":1,"29":1,"30":2,"31":1,"32":1,"33":1,"34":1,"35":1,"36":1,"37":1,"38":5},"f":{"0":4,"1":4,"2":5,"3":0},"b":{"0":[0],"1":[0,4],"2":[4,0],"3":[0],"4":[0],"5":[4,4],"6":[0],"7":[4,4],"8":[1],"9":[4,0],"10":[1],"11":[1],"12":[1,0],"13":[1,0]}}
,"/home/dfcastro/WebstormProjects/vtm-elysium-next/app/api/characters/[id]/submit/route.ts": {"path":"/home/dfcastro/WebstormProjects/vtm-elysium-next/app/api/characters/[id]/submit/route.ts","statementMap":{"0":{"start":{"line":21,"column":0},"end":{"line":21,"column":7}},"1":{"start":{"line":2,"column":0},"end":{"line":2,"column":56}},"2":{"start":{"line":3,"column":0},"end":{"line":3,"column":32}},"3":{"start":{"line":4,"column":0},"end":{"line":4,"column":41}},"4":{"start":{"line":7,"column":2},"end":{"line":7,"column":59}},"5":{"start":{"line":16,"column":4},"end":{"line":16,"column":77}},"6":{"start":{"line":17,"column":13},"end":{"line":17,"column":39}},"7":{"start":{"line":18,"column":2},"end":{"line":18,"column":12}},"8":{"start":{"line":22,"column":17},"end":{"line":22,"column":37}},"9":{"start":{"line":24,"column":2},"end":{"line":111,"column":3}},"10":{"start":{"line":25,"column":17},"end":{"line":25,"column":39}},"11":{"start":{"line":26,"column":24},"end":{"line":26,"column":48}},"12":{"start":{"line":28,"column":4},"end":{"line":30,"column":5}},"13":{"start":{"line":29,"column":6},"end":{"line":29,"column":52}},"14":{"start":{"line":32,"column":4},"end":{"line":32,"column":32}},"15":{"start":{"line":35,"column":16},"end":{"line":43,"column":null}},"16":{"start":{"line":46,"column":4},"end":{"line":49,"column":5}},"17":{"start":{"line":47,"column":6},"end":{"line":47,"column":37}},"18":{"start":{"line":48,"column":6},"end":{"line":48,"column":51}},"19":{"start":{"line":51,"column":16},"end":{"line":51,"column":27}},"20":{"start":{"line":53,"column":4},"end":{"line":56,"column":5}},"21":{"start":{"line":54,"column":6},"end":{"line":54,"column":37}},"22":{"start":{"line":55,"column":6},"end":{"line":55,"column":41}},"23":{"start":{"line":60,"column":6},"end":{"line":60,"column":64}},"24":{"start":{"line":61,"column":4},"end":{"line":64,"column":5}},"25":{"start":{"line":62,"column":6},"end":{"line":62,"column":37}},"26":{"start":{"line":63,"column":6},"end":{"line":63,"column":79}},"27":{"start":{"line":66,"column":20},"end":{"line":101,"column":null}},"28":{"start":{"line":104,"column":4},"end":{"line":104,"column":33}},"29":{"start":{"line":105,"column":4},"end":{"line":105,"column":78}},"30":{"start":{"line":107,"column":4},"end":{"line":107,"column":35}},"31":{"start":{"line":108,"column":4},"end":{"line":108,"column":71}},"32":{"start":{"line":110,"column":4},"end":{"line":110,"column":21}}},"fnMap":{"0":{"name":"jsonError","decl":{"start":{"line":6,"column":9},"end":{"line":6,"column":18}},"loc":{"start":{"line":6,"column":48},"end":{"line":8,"column":1}}},"1":{"name":"resolveId","decl":{"start":{"line":14,"column":15},"end":{"line":14,"column":24}},"loc":{"start":{"line":14,"column":46},"end":{"line":19,"column":1}}},"2":{"name":"POST","decl":{"start":{"line":21,"column":22},"end":{"line":21,"column":26}},"loc":{"start":{"line":21,"column":66},"end":{"line":112,"column":1}}}},"branchMap":{"0":{"loc":{"start":{"line":6,"column":36},"end":{"line":6,"column":48}},"type":"default-arg","locations":[{"start":{"line":6,"column":45},"end":{"line":6,"column":48}}]},"1":{"loc":{"start":{"line":16,"column":4},"end":{"line":16,"column":77}},"type":"cond-expr","locations":[{"start":{"line":16,"column":40},"end":{"line":16,"column":60}},{"start":{"line":16,"column":63},"end":{"line":16,"column":77}}]},"2":{"loc":{"start":{"line":17,"column":20},"end":{"line":17,"column":31}},"type":"binary-expr","locations":[{"start":{"line":17,"column":20},"end":{"line":17,"column":25}},{"start":{"line":17,"column":29},"end":{"line":17,"column":31}}]},"3":{"loc":{"start":{"line":28,"column":4},"end":{"line":30,"column":5}},"type":"if","locations":[{"start":{"line":28,"column":4},"end":{"line":30,"column":5}}]},"4":{"loc":{"start":{"line":46,"column":4},"end":{"line":49,"column":5}},"type":"if","locations":[{"start":{"line":46,"column":4},"end":{"line":49,"column":5}}]},"5":{"loc":{"start":{"line":46,"column":9},"end":{"line":46,"column":26}},"type":"binary-expr","locations":[{"start":{"line":46,"column":9},"end":{"line":46,"column":21}},{"start":{"line":46,"column":25},"end":{"line":46,"column":26}}]},"6":{"loc":{"start":{"line":53,"column":4},"end":{"line":56,"column":5}},"type":"if","locations":[{"start":{"line":53,"column":4},"end":{"line":56,"column":5}}]},"7":{"loc":{"start":{"line":60,"column":6},"end":{"line":60,"column":64}},"type":"binary-expr","locations":[{"start":{"line":60,"column":6},"end":{"line":60,"column":35}},{"start":{"line":60,"column":39},"end":{"line":60,"column":64}}]},"8":{"loc":{"start":{"line":61,"column":4},"end":{"line":64,"column":5}},"type":"if","locations":[{"start":{"line":61,"column":4},"end":{"line":64,"column":5}}]},"9":{"loc":{"start":{"line":108,"column":21},"end":{"line":108,"column":51}},"type":"binary-expr","locations":[{"start":{"line":108,"column":21},"end":{"line":108,"column":31}},{"start":{"line":108,"column":35},"end":{"line":108,"column":51}}]},"10":{"loc":{"start":{"line":108,"column":53},"end":{"line":108,"column":69}},"type":"binary-expr","locations":[{"start":{"line":108,"column":53},"end":{"line":108,"column":62}},{"start":{"line":108,"column":66},"end":{"line":108,"column":69}}]}},"s":{"0":1,"1":1,"2":1,"3":1,"4":3,"5":3,"6":3,"7":3,"8":4,"9":4,"10":4,"11":3,"12":3,"13":0,"14":3,"15":3,"16":3,"17":0,"18":0,"19":3,"20":3,"21":1,"22":1,"23":2,"24":2,"25":1,"26":1,"27":1,"28":1,"29":1,"30":1,"31":1,"32":4},"f":{"0":3,"1":3,"2":4},"b":{"0":[0],"1":[0,3],"2":[3,0],"3":[0],"4":[0],"5":[3,0],"6":[1],"7":[2,1],"8":[1],"9":[1,0],"10":[1,0]}}
,"/home/dfcastro/WebstormProjects/vtm-elysium-next/app/api/characters/[id]/xp/route.ts": {"path":"/home/dfcastro/WebstormProjects/vtm-elysium-next/app/api/characters/[id]/xp/route.ts","statementMap":{"0":{"start":{"line":9,"column":0},"end":{"line":9,"column":7}},"1":{"start":{"line":3,"column":0},"end":{"line":3,"column":56}},"2":{"start":{"line":4,"column":0},"end":{"line":4,"column":35}},"3":{"start":{"line":5,"column":0},"end":{"line":5,"column":41}},"4":{"start":{"line":6,"column":0},"end":{"line":6,"column":48}},"5":{"start":{"line":7,"column":0},"end":{"line":7,"column":60}},"6":{"start":{"line":10,"column":15},"end":{"line":10,"column":37}},"7":{"start":{"line":11,"column":22},"end":{"line":11,"column":35}},"8":{"start":{"line":13,"column":15},"end":{"line":13,"column":24}},"9":{"start":{"line":14,"column":17},"end":{"line":14,"column":37}},"10":{"start":{"line":16,"column":2},"end":{"line":86,"column":3}},"11":{"start":{"line":18,"column":15},"end":{"line":33,"column":null}},"12":{"start":{"line":36,"column":4},"end":{"line":41,"column":5}},"13":{"start":{"line":37,"column":6},"end":{"line":40,"column":8}},"14":{"start":{"line":43,"column":22},"end":{"line":43,"column":32}},"15":{"start":{"line":44,"column":4},"end":{"line":49,"column":5}},"16":{"start":{"line":45,"column":6},"end":{"line":48,"column":8}},"17":{"start":{"line":52,"column":20},"end":{"line":52,"column":56}},"18":{"start":{"line":53,"column":4},"end":{"line":61,"column":5}},"19":{"start":{"line":54,"column":17},"end":{"line":57,"column":8}},"20":{"start":{"line":58,"column":6},"end":{"line":60,"column":7}},"21":{"start":{"line":59,"column":8},"end":{"line":59,"column":74}},"22":{"start":{"line":64,"column":19},"end":{"line":64,"column":69}},"23":{"start":{"line":68,"column":4},"end":{"line":83,"column":6}},"24":{"start":{"line":85,"column":4},"end":{"line":85,"column":21}}},"fnMap":{"0":{"name":"GET","decl":{"start":{"line":9,"column":22},"end":{"line":9,"column":25}},"loc":{"start":{"line":9,"column":75},"end":{"line":87,"column":1}}}},"branchMap":{"0":{"loc":{"start":{"line":36,"column":4},"end":{"line":41,"column":5}},"type":"if","locations":[{"start":{"line":36,"column":4},"end":{"line":41,"column":5}}]},"1":{"loc":{"start":{"line":44,"column":4},"end":{"line":49,"column":5}},"type":"if","locations":[{"start":{"line":44,"column":4},"end":{"line":49,"column":5}}]},"2":{"loc":{"start":{"line":53,"column":4},"end":{"line":61,"column":5}},"type":"if","locations":[{"start":{"line":53,"column":4},"end":{"line":61,"column":5}}]},"3":{"loc":{"start":{"line":58,"column":6},"end":{"line":60,"column":7}},"type":"if","locations":[{"start":{"line":58,"column":6},"end":{"line":60,"column":7}}]},"4":{"loc":{"start":{"line":78,"column":35},"end":{"line":78,"column":66}},"type":"binary-expr","locations":[{"start":{"line":78,"column":35},"end":{"line":78,"column":61}},{"start":{"line":78,"column":65},"end":{"line":78,"column":66}}]},"5":{"loc":{"start":{"line":79,"column":35},"end":{"line":79,"column":66}},"type":"binary-expr","locations":[{"start":{"line":79,"column":35},"end":{"line":79,"column":61}},{"start":{"line":79,"column":65},"end":{"line":79,"column":66}}]}},"s":{"0":1,"1":1,"2":1,"3":1,"4":1,"5":1,"6":1,"7":1,"8":1,"9":1,"10":1,"11":1,"12":1,"13":0,"14":1,"15":1,"16":0,"17":1,"18":1,"19":0,"20":0,"21":0,"22":1,"23":1,"24":1},"f":{"0":1},"b":{"0":[0],"1":[0],"2":[0],"3":[0],"4":[1,0],"5":[1,0]}}
,"/home/dfcastro/WebstormProjects/vtm-elysium-next/app/api/characters/[id]/xp/history/route.ts": {"path":"/home/dfcastro/WebstormProjects/vtm-elysium-next/app/api/characters/[id]/xp/history/route.ts","statementMap":{"0":{"start":{"line":13,"column":0},"end":{"line":13,"column":7}},"1":{"start":{"line":2,"column":0},"end":{"line":2,"column":56}},"2":{"start":{"line":3,"column":0},"end":{"line":3,"column":35}},"3":{"start":{"line":4,"column":0},"end":{"line":4,"column":41}},"4":{"start":{"line":5,"column":0},"end":{"line":5,"column":48}},"5":{"start":{"line":8,"column":12},"end":{"line":8,"column":44}},"6":{"start":{"line":9,"column":2},"end":{"line":9,"column":38}},"7":{"start":{"line":9,"column":27},"end":{"line":9,"column":38}},"8":{"start":{"line":10,"column":2},"end":{"line":10,"column":41}},"9":{"start":{"line":14,"column":15},"end":{"line":14,"column":37}},"10":{"start":{"line":15,"column":22},"end":{"line":15,"column":35}},"11":{"start":{"line":17,"column":14},"end":{"line":17,"column":30}},"12":{"start":{"line":18,"column":16},"end":{"line":18,"column":67}},"13":{"start":{"line":19,"column":17},"end":{"line":19,"column":74}},"14":{"start":{"line":21,"column":15},"end":{"line":21,"column":24}},"15":{"start":{"line":22,"column":17},"end":{"line":22,"column":37}},"16":{"start":{"line":24,"column":2},"end":{"line":120,"column":3}},"17":{"start":{"line":25,"column":15},"end":{"line":37,"column":null}},"18":{"start":{"line":40,"column":4},"end":{"line":45,"column":5}},"19":{"start":{"line":41,"column":6},"end":{"line":44,"column":8}},"20":{"start":{"line":47,"column":22},"end":{"line":47,"column":32}},"21":{"start":{"line":48,"column":20},"end":{"line":48,"column":56}},"22":{"start":{"line":50,"column":4},"end":{"line":58,"column":5}},"23":{"start":{"line":51,"column":17},"end":{"line":54,"column":8}},"24":{"start":{"line":55,"column":6},"end":{"line":57,"column":7}},"25":{"start":{"line":56,"column":8},"end":{"line":56,"column":74}},"26":{"start":{"line":60,"column":14},"end":{"line":106,"column":null}},"27":{"start":{"line":109,"column":4},"end":{"line":117,"column":6}},"28":{"start":{"line":119,"column":4},"end":{"line":119,"column":21}}},"fnMap":{"0":{"name":"clampInt","decl":{"start":{"line":7,"column":9},"end":{"line":7,"column":17}},"loc":{"start":{"line":7,"column":73},"end":{"line":11,"column":1}}},"1":{"name":"GET","decl":{"start":{"line":13,"column":22},"end":{"line":13,"column":25}},"loc":{"start":{"line":13,"column":75},"end":{"line":121,"column":1}}}},"branchMap":{"0":{"loc":{"start":{"line":8,"column":12},"end":{"line":8,"column":44}},"type":"cond-expr","locations":[{"start":{"line":8,"column":16},"end":{"line":8,"column":38}},{"start":{"line":8,"column":41},"end":{"line":8,"column":44}}]},"1":{"loc":{"start":{"line":9,"column":2},"end":{"line":9,"column":38}},"type":"if","locations":[{"start":{"line":9,"column":2},"end":{"line":9,"column":38}}]},"2":{"loc":{"start":{"line":40,"column":4},"end":{"line":45,"column":5}},"type":"if","locations":[{"start":{"line":40,"column":4},"end":{"line":45,"column":5}}]},"3":{"loc":{"start":{"line":40,"column":8},"end":{"line":40,"column":50}},"type":"binary-expr","locations":[{"start":{"line":40,"column":8},"end":{"line":40,"column":25}},{"start":{"line":40,"column":29},"end":{"line":40,"column":50}}]},"4":{"loc":{"start":{"line":50,"column":4},"end":{"line":58,"column":5}},"type":"if","locations":[{"start":{"line":50,"column":4},"end":{"line":58,"column":5}}]},"5":{"loc":{"start":{"line":55,"column":6},"end":{"line":57,"column":7}},"type":"if","locations":[{"start":{"line":55,"column":6},"end":{"line":57,"column":7}}]}},"s":{"0":1,"1":1,"2":1,"3":1,"4":1,"5":2,"6":2,"7":0,"8":2,"9":1,"10":1,"11":1,"12":1,"13":1,"14":1,"15":1,"16":1,"17":1,"18":1,"19":0,"20":1,"21":1,"22":1,"23":0,"24":0,"25":0,"26":1,"27":1,"28":1},"f":{"0":2,"1":1},"b":{"0":[2,0],"1":[0],"2":[0],"3":[1,1],"4":[0],"5":[0]}}
,"/home/dfcastro/WebstormProjects/vtm-elysium-next/app/api/characters/[id]/xp/spend/route.ts": {"path":"/home/dfcastro/WebstormProjects/vtm-elysium-next/app/api/characters/[id]/xp/spend/route.ts","statementMap":{"0":{"start":{"line":66,"column":0},"end":{"line":66,"column":7}},"1":{"start":{"line":2,"column":0},"end":{"line":2,"column":56}},"2":{"start":{"line":3,"column":0},"end":{"line":3,"column":41}},"3":{"start":{"line":4,"column":0},"end":{"line":4,"column":35}},"4":{"start":{"line":5,"column":0},"end":{"line":5,"column":48}},"5":{"start":{"line":6,"column":0},"end":{"line":6,"column":null}},"6":{"start":{"line":14,"column":2},"end":{"line":14,"column":69}},"7":{"start":{"line":18,"column":2},"end":{"line":18,"column":54}},"8":{"start":{"line":22,"column":2},"end":{"line":23,"column":47}},"9":{"start":{"line":23,"column":4},"end":{"line":23,"column":47}},"10":{"start":{"line":24,"column":2},"end":{"line":25,"column":53}},"11":{"start":{"line":25,"column":4},"end":{"line":25,"column":53}},"12":{"start":{"line":27,"column":30},"end":{"line":27,"column":32}},"13":{"start":{"line":28,"column":2},"end":{"line":56,"column":3}},"14":{"start":{"line":29,"column":4},"end":{"line":30,"column":55}},"15":{"start":{"line":30,"column":6},"end":{"line":30,"column":55}},"16":{"start":{"line":31,"column":17},"end":{"line":31,"column":37}},"17":{"start":{"line":32,"column":4},"end":{"line":42,"column":5}},"18":{"start":{"line":41,"column":6},"end":{"line":41,"column":65}},"19":{"start":{"line":43,"column":4},"end":{"line":45,"column":5}},"20":{"start":{"line":44,"column":6},"end":{"line":44,"column":63}},"21":{"start":{"line":46,"column":4},"end":{"line":48,"column":5}},"22":{"start":{"line":47,"column":6},"end":{"line":47,"column":67}},"23":{"start":{"line":50,"column":4},"end":{"line":55,"column":7}},"24":{"start":{"line":58,"column":2},"end":{"line":58,"column":72}},"25":{"start":{"line":58,"column":27},"end":{"line":58,"column":72}},"26":{"start":{"line":59,"column":2},"end":{"line":59,"column":16}},"27":{"start":{"line":63,"column":2},"end":{"line":63,"column":66}},"28":{"start":{"line":70,"column":2},"end":{"line":246,"column":3}},"29":{"start":{"line":71,"column":17},"end":{"line":71,"column":39}},"30":{"start":{"line":72,"column":32},"end":{"line":72,"column":48}},"31":{"start":{"line":74,"column":17},"end":{"line":74,"column":51}},"32":{"start":{"line":74,"column":46},"end":{"line":74,"column":50}},"33":{"start":{"line":75,"column":19},"end":{"line":75,"column":40}},"34":{"start":{"line":76,"column":4},"end":{"line":78,"column":5}},"35":{"start":{"line":77,"column":6},"end":{"line":77,"column":58}},"36":{"start":{"line":79,"column":19},"end":{"line":79,"column":25}},"37":{"start":{"line":82,"column":4},"end":{"line":93,"column":5}},"38":{"start":{"line":83,"column":6},"end":{"line":89,"column":7}},"39":{"start":{"line":84,"column":8},"end":{"line":88,"column":10}},"40":{"start":{"line":90,"column":6},"end":{"line":92,"column":7}},"41":{"start":{"line":91,"column":8},"end":{"line":91,"column":76}},"42":{"start":{"line":95,"column":17},"end":{"line":95,"column":26}},"43":{"start":{"line":96,"column":19},"end":{"line":96,"column":39}},"44":{"start":{"line":97,"column":4},"end":{"line":236,"column":5}},"45":{"start":{"line":98,"column":6},"end":{"line":98,"column":34}},"46":{"start":{"line":101,"column":16},"end":{"line":121,"column":null}},"47":{"start":{"line":124,"column":6},"end":{"line":127,"column":7}},"48":{"start":{"line":125,"column":8},"end":{"line":125,"column":39}},"49":{"start":{"line":126,"column":8},"end":{"line":126,"column":66}},"50":{"start":{"line":129,"column":24},"end":{"line":129,"column":33}},"51":{"start":{"line":130,"column":6},"end":{"line":133,"column":7}},"52":{"start":{"line":131,"column":8},"end":{"line":131,"column":39}},"53":{"start":{"line":132,"column":8},"end":{"line":132,"column":66}},"54":{"start":{"line":136,"column":22},"end":{"line":136,"column":58}},"55":{"start":{"line":137,"column":22},"end":{"line":137,"column":29}},"56":{"start":{"line":139,"column":6},"end":{"line":155,"column":7}},"57":{"start":{"line":140,"column":18},"end":{"line":142,"column":null}},"58":{"start":{"line":145,"column":8},"end":{"line":154,"column":9}},"59":{"start":{"line":146,"column":10},"end":{"line":146,"column":27}},"60":{"start":{"line":148,"column":10},"end":{"line":153,"column":12}},"61":{"start":{"line":157,"column":6},"end":{"line":164,"column":7}},"62":{"start":{"line":158,"column":8},"end":{"line":158,"column":39}},"63":{"start":{"line":159,"column":8},"end":{"line":163,"column":10}},"64":{"start":{"line":166,"column":6},"end":{"line":173,"column":7}},"65":{"start":{"line":167,"column":8},"end":{"line":167,"column":39}},"66":{"start":{"line":168,"column":8},"end":{"line":172,"column":10}},"67":{"start":{"line":175,"column":20},"end":{"line":175,"column":35}},"68":{"start":{"line":176,"column":6},"end":{"line":179,"column":7}},"69":{"start":{"line":177,"column":8},"end":{"line":177,"column":39}},"70":{"start":{"line":178,"column":8},"end":{"line":178,"column":77}},"71":{"start":{"line":182,"column":6},"end":{"line":192,"column":7}},"72":{"start":{"line":183,"column":24},"end":{"line":183,"column":49}},"73":{"start":{"line":184,"column":8},"end":{"line":191,"column":9}},"74":{"start":{"line":185,"column":10},"end":{"line":185,"column":41}},"75":{"start":{"line":186,"column":10},"end":{"line":190,"column":12}},"76":{"start":{"line":195,"column":21},"end":{"line":200,"column":8}},"77":{"start":{"line":202,"column":6},"end":{"line":202,"column":35}},"78":{"start":{"line":204,"column":6},"end":{"line":217,"column":8}},"79":{"start":{"line":219,"column":6},"end":{"line":223,"column":7}},"80":{"start":{"line":220,"column":8},"end":{"line":220,"column":39}},"81":{"start":{"line":222,"column":8},"end":{"line":222,"column":25}},"82":{"start":{"line":226,"column":8},"end":{"line":226,"column":66}},"83":{"start":{"line":227,"column":19},"end":{"line":227,"column":78}},"84":{"start":{"line":229,"column":8},"end":{"line":231,"column":35}},"85":{"start":{"line":233,"column":6},"end":{"line":233,"column":50}},"86":{"start":{"line":235,"column":6},"end":{"line":235,"column":23}},"87":{"start":{"line":238,"column":19},"end":{"line":238,"column":69}},"88":{"start":{"line":240,"column":6},"end":{"line":240,"column":78}},"89":{"start":{"line":241,"column":4},"end":{"line":245,"column":6}}},"fnMap":{"0":{"name":"jsonError","decl":{"start":{"line":13,"column":9},"end":{"line":13,"column":18}},"loc":{"start":{"line":13,"column":64},"end":{"line":15,"column":1}}},"1":{"name":"isInt","decl":{"start":{"line":17,"column":9},"end":{"line":17,"column":14}},"loc":{"start":{"line":17,"column":21},"end":{"line":19,"column":1}}},"2":{"name":"assertSpendBody","decl":{"start":{"line":21,"column":9},"end":{"line":21,"column":24}},"loc":{"start":{"line":21,"column":34},"end":{"line":60,"column":1}}},"3":{"name":"ensurePlainObject","decl":{"start":{"line":62,"column":9},"end":{"line":62,"column":26}},"loc":{"start":{"line":62,"column":33},"end":{"line":64,"column":1}}},"4":{"name":"POST","decl":{"start":{"line":66,"column":22},"end":{"line":66,"column":26}},"loc":{"start":{"line":68,"column":42},"end":{"line":247,"column":1}}},"5":{"name":"(anonymous_5)","decl":{"start":{"line":74,"column":40},"end":{"line":74,"column":43}},"loc":{"start":{"line":74,"column":46},"end":{"line":74,"column":50}}}},"branchMap":{"0":{"loc":{"start":{"line":18,"column":9},"end":{"line":18,"column":53}},"type":"binary-expr","locations":[{"start":{"line":18,"column":9},"end":{"line":18,"column":30}},{"start":{"line":18,"column":34},"end":{"line":18,"column":53}}]},"1":{"loc":{"start":{"line":22,"column":2},"end":{"line":23,"column":47}},"type":"if","locations":[{"start":{"line":22,"column":2},"end":{"line":23,"column":47}}]},"2":{"loc":{"start":{"line":22,"column":6},"end":{"line":22,"column":39}},"type":"binary-expr","locations":[{"start":{"line":22,"column":6},"end":{"line":22,"column":11}},{"start":{"line":22,"column":15},"end":{"line":22,"column":39}}]},"3":{"loc":{"start":{"line":24,"column":2},"end":{"line":25,"column":53}},"type":"if","locations":[{"start":{"line":24,"column":2},"end":{"line":25,"column":53}}]},"4":{"loc":{"start":{"line":29,"column":4},"end":{"line":30,"column":55}},"type":"if","locations":[{"start":{"line":29,"column":4},"end":{"line":30,"column":55}}]},"5":{"loc":{"start":{"line":29,"column":8},"end":{"line":29,"column":37}},"type":"binary-expr","locations":[{"start":{"line":29,"column":8},"end":{"line":29,"column":11}},{"start":{"line":29,"column":15},"end":{"line":29,"column":37}}]},"6":{"loc":{"start":{"line":32,"column":4},"end":{"line":42,"column":5}},"type":"if","locations":[{"start":{"line":32,"column":4},"end":{"line":42,"column":5}}]},"7":{"loc":{"start":{"line":33,"column":6},"end":{"line":39,"column":21}},"type":"binary-expr","locations":[{"start":{"line":33,"column":6},"end":{"line":33,"column":26}},{"start":{"line":34,"column":6},"end":{"line":34,"column":24}},{"start":{"line":35,"column":6},"end":{"line":35,"column":27}},{"start":{"line":36,"column":6},"end":{"line":36,"column":27}},{"start":{"line":37,"column":6},"end":{"line":37,"column":23}},{"start":{"line":38,"column":6},"end":{"line":38,"column":26}},{"start":{"line":39,"column":6},"end":{"line":39,"column":21}}]},"8":{"loc":{"start":{"line":43,"column":4},"end":{"line":45,"column":5}},"type":"if","locations":[{"start":{"line":43,"column":4},"end":{"line":45,"column":5}}]},"9":{"loc":{"start":{"line":43,"column":8},"end":{"line":43,"column":64}},"type":"binary-expr","locations":[{"start":{"line":43,"column":8},"end":{"line":43,"column":34}},{"start":{"line":43,"column":38},"end":{"line":43,"column":64}}]},"10":{"loc":{"start":{"line":46,"column":4},"end":{"line":48,"column":5}},"type":"if","locations":[{"start":{"line":46,"column":4},"end":{"line":48,"column":5}}]},"11":{"loc":{"start":{"line":46,"column":8},"end":{"line":46,"column":40}},"type":"binary-expr","locations":[{"start":{"line":46,"column":8},"end":{"line":46,"column":23}},{"start":{"line":46,"column":27},"end":{"line":46,"column":40}}]},"12":{"loc":{"start":{"line":58,"column":2},"end":{"line":58,"column":72}},"type":"if","locations":[{"start":{"line":58,"column":2},"end":{"line":58,"column":72}}]},"13":{"loc":{"start":{"line":63,"column":9},"end":{"line":63,"column":65}},"type":"binary-expr","locations":[{"start":{"line":63,"column":9},"end":{"line":63,"column":19}},{"start":{"line":63,"column":23},"end":{"line":63,"column":44}},{"start":{"line":63,"column":48},"end":{"line":63,"column":65}}]},"14":{"loc":{"start":{"line":76,"column":4},"end":{"line":78,"column":5}},"type":"if","locations":[{"start":{"line":76,"column":4},"end":{"line":78,"column":5}}]},"15":{"loc":{"start":{"line":83,"column":6},"end":{"line":89,"column":7}},"type":"if","locations":[{"start":{"line":83,"column":6},"end":{"line":89,"column":7}}]},"16":{"loc":{"start":{"line":90,"column":6},"end":{"line":92,"column":7}},"type":"if","locations":[{"start":{"line":90,"column":6},"end":{"line":92,"column":7}}]},"17":{"loc":{"start":{"line":124,"column":6},"end":{"line":127,"column":7}},"type":"if","locations":[{"start":{"line":124,"column":6},"end":{"line":127,"column":7}}]},"18":{"loc":{"start":{"line":124,"column":11},"end":{"line":124,"column":26}},"type":"binary-expr","locations":[{"start":{"line":124,"column":11},"end":{"line":124,"column":21}},{"start":{"line":124,"column":25},"end":{"line":124,"column":26}}]},"19":{"loc":{"start":{"line":130,"column":6},"end":{"line":133,"column":7}},"type":"if","locations":[{"start":{"line":130,"column":6},"end":{"line":133,"column":7}}]},"20":{"loc":{"start":{"line":139,"column":6},"end":{"line":155,"column":7}},"type":"if","locations":[{"start":{"line":139,"column":6},"end":{"line":155,"column":7}}]},"21":{"loc":{"start":{"line":145,"column":8},"end":{"line":154,"column":9}},"type":"if","locations":[{"start":{"line":145,"column":8},"end":{"line":154,"column":9}},{"start":{"line":147,"column":15},"end":{"line":154,"column":9}}]},"22":{"loc":{"start":{"line":145,"column":12},"end":{"line":145,"column":74}},"type":"binary-expr","locations":[{"start":{"line":145,"column":12},"end":{"line":145,"column":33}},{"start":{"line":145,"column":37},"end":{"line":145,"column":74}}]},"23":{"loc":{"start":{"line":145,"column":13},"end":{"line":145,"column":28}},"type":"binary-expr","locations":[{"start":{"line":145,"column":13},"end":{"line":145,"column":23}},{"start":{"line":145,"column":27},"end":{"line":145,"column":28}}]},"24":{"loc":{"start":{"line":157,"column":6},"end":{"line":164,"column":7}},"type":"if","locations":[{"start":{"line":157,"column":6},"end":{"line":164,"column":7}}]},"25":{"loc":{"start":{"line":166,"column":6},"end":{"line":173,"column":7}},"type":"if","locations":[{"start":{"line":166,"column":6},"end":{"line":173,"column":7}}]},"26":{"loc":{"start":{"line":176,"column":6},"end":{"line":179,"column":7}},"type":"if","locations":[{"start":{"line":176,"column":6},"end":{"line":179,"column":7}}]},"27":{"loc":{"start":{"line":176,"column":10},"end":{"line":176,"column":70}},"type":"binary-expr","locations":[{"start":{"line":176,"column":10},"end":{"line":176,"column":35}},{"start":{"line":176,"column":39},"end":{"line":176,"column":70}}]},"28":{"loc":{"start":{"line":184,"column":8},"end":{"line":191,"column":9}},"type":"if","locations":[{"start":{"line":184,"column":8},"end":{"line":191,"column":9}}]},"29":{"loc":{"start":{"line":226,"column":8},"end":{"line":226,"column":66}},"type":"cond-expr","locations":[{"start":{"line":226,"column":46},"end":{"line":226,"column":60}},{"start":{"line":226,"column":63},"end":{"line":226,"column":66}}]},"30":{"loc":{"start":{"line":227,"column":19},"end":{"line":227,"column":78}},"type":"cond-expr","locations":[{"start":{"line":227,"column":51},"end":{"line":227,"column":59}},{"start":{"line":227,"column":62},"end":{"line":227,"column":78}}]},"31":{"loc":{"start":{"line":229,"column":8},"end":{"line":231,"column":35}},"type":"cond-expr","locations":[{"start":{"line":230,"column":12},"end":{"line":230,"column":23}},{"start":{"line":231,"column":12},"end":{"line":231,"column":35}}]},"32":{"loc":{"start":{"line":238,"column":19},"end":{"line":238,"column":69}},"type":"cond-expr","locations":[{"start":{"line":238,"column":53},"end":{"line":238,"column":63}},{"start":{"line":238,"column":66},"end":{"line":238,"column":69}}]},"33":{"loc":{"start":{"line":240,"column":6},"end":{"line":240,"column":78}},"type":"cond-expr","locations":[{"start":{"line":240,"column":41},"end":{"line":240,"column":52}},{"start":{"line":240,"column":55},"end":{"line":240,"column":78}}]},"34":{"loc":{"start":{"line":243,"column":6},"end":{"line":243,"column":56}},"type":"cond-expr","locations":[{"start":{"line":243,"column":23},"end":{"line":243,"column":37}},{"start":{"line":243,"column":40},"end":{"line":243,"column":56}}]}},"s":{"0":1,"1":1,"2":1,"3":1,"4":1,"5":1,"6":5,"7":10,"8":5,"9":0,"10":5,"11":0,"12":5,"13":5,"14":5,"15":0,"16":5,"17":5,"18":0,"19":5,"20":0,"21":5,"22":0,"23":5,"24":5,"25":0,"26":5,"27":4,"28":6,"29":6,"30":5,"31":5,"32":0,"33":5,"34":5,"35":0,"36":5,"37":5,"38":5,"39":1,"40":4,"41":0,"42":4,"43":4,"44":4,"45":4,"46":4,"47":4,"48":0,"49":0,"50":4,"51":4,"52":0,"53":0,"54":4,"55":4,"56":4,"57":1,"58":1,"59":0,"60":1,"61":4,"62":1,"63":1,"64":3,"65":1,"66":1,"67":2,"68":2,"69":0,"70":0,"71":2,"72":2,"73":2,"74":0,"75":0,"76":2,"77":1,"78":1,"79":1,"80":1,"81":0,"82":1,"83":1,"84":1,"85":1,"86":4,"87":1,"88":1,"89":1},"f":{"0":5,"1":10,"2":5,"3":4,"4":6,"5":0},"b":{"0":[10,10],"1":[0],"2":[5,5],"3":[0],"4":[0],"5":[5,5],"6":[0],"7":[5,4,0,0,0,0,0],"8":[0],"9":[5,5],"10":[0],"11":[5,5],"12":[0],"13":[4,4,4],"14":[0],"15":[1],"16":[0],"17":[0],"18":[4,0],"19":[0],"20":[1],"21":[0,1],"22":[1,1],"23":[1,0],"24":[1],"25":[1],"26":[0],"27":[2,2],"28":[0],"29":[1,0],"30":[1,0],"31":[1,0],"32":[1,0],"33":[1,0],"34":[1,0]}}
,"/home/dfcastro/WebstormProjects/vtm-elysium-next/app/api/characters/generate/route.ts": {"path":"/home/dfcastro/WebstormProjects/vtm-elysium-next/app/api/characters/generate/route.ts","statementMap":{"0":{"start":{"line":33,"column":0},"end":{"line":33,"column":7}},"1":{"start":{"line":3,"column":0},"end":{"line":3,"column":43}},"2":{"start":{"line":4,"column":0},"end":{"line":4,"column":29}},"3":{"start":{"line":6,"column":0},"end":{"line":6,"column":62}},"4":{"start":{"line":7,"column":0},"end":{"line":7,"column":64}},"5":{"start":{"line":8,"column":0},"end":{"line":8,"column":84}},"6":{"start":{"line":9,"column":0},"end":{"line":9,"column":64}},"7":{"start":{"line":10,"column":0},"end":{"line":10,"column":68}},"8":{"start":{"line":11,"column":0},"end":{"line":11,"column":88}},"9":{"start":{"line":12,"column":0},"end":{"line":12,"column":94}},"10":{"start":{"line":13,"column":0},"end":{"line":13,"column":86}},"11":{"start":{"line":14,"column":0},"end":{"line":14,"column":94}},"12":{"start":{"line":15,"column":0},"end":{"line":15,"column":74}},"13":{"start":{"line":16,"column":0},"end":{"line":16,"column":80}},"14":{"start":{"line":17,"column":0},"end":{"line":17,"column":68}},"15":{"start":{"line":18,"column":0},"end":{"line":18,"column":68}},"16":{"start":{"line":19,"column":0},"end":{"line":19,"column":76}},"17":{"start":{"line":20,"column":0},"end":{"line":20,"column":86}},"18":{"start":{"line":21,"column":0},"end":{"line":21,"column":76}},"19":{"start":{"line":22,"column":0},"end":{"line":22,"column":70}},"20":{"start":{"line":24,"column":0},"end":{"line":24,"column":74}},"21":{"start":{"line":25,"column":0},"end":{"line":25,"column":78}},"22":{"start":{"line":26,"column":0},"end":{"line":26,"column":80}},"23":{"start":{"line":27,"column":0},"end":{"line":27,"column":72}},"24":{"start":{"line":28,"column":0},"end":{"line":28,"column":76}},"25":{"start":{"line":29,"column":0},"end":{"line":29,"column":78}},"26":{"start":{"line":31,"column":46},"end":{"line":31,"column":50}},"27":{"start":{"line":34,"column":15},"end":{"line":34,"column":49}},"28":{"start":{"line":34,"column":45},"end":{"line":34,"column":47}},"29":{"start":{"line":35,"column":18},"end":{"line":35,"column":50}},"30":{"start":{"line":36,"column":15},"end":{"line":36,"column":38}},"31":{"start":{"line":37,"column":14},"end":{"line":37,"column":30}},"32":{"start":{"line":40,"column":19},"end":{"line":40,"column":73}},"33":{"start":{"line":41,"column":2},"end":{"line":41,"column":71}},"34":{"start":{"line":41,"column":23},"end":{"line":41,"column":71}},"35":{"start":{"line":43,"column":19},"end":{"line":43,"column":52}},"36":{"start":{"line":44,"column":25},"end":{"line":44,"column":69}},"37":{"start":{"line":45,"column":27},"end":{"line":45,"column":73}},"38":{"start":{"line":46,"column":25},"end":{"line":49,"column":null}},"39":{"start":{"line":51,"column":28},"end":{"line":53,"column":null}},"40":{"start":{"line":55,"column":24},"end":{"line":55,"column":79}},"41":{"start":{"line":56,"column":28},"end":{"line":58,"column":null}},"42":{"start":{"line":60,"column":23},"end":{"line":60,"column":48}},"43":{"start":{"line":61,"column":25},"end":{"line":65,"column":null}},"44":{"start":{"line":67,"column":20},"end":{"line":67,"column":61}},"45":{"start":{"line":68,"column":20},"end":{"line":68,"column":71}},"46":{"start":{"line":69,"column":18},"end":{"line":69,"column":73}},"47":{"start":{"line":71,"column":17},"end":{"line":71,"column":42}},"48":{"start":{"line":72,"column":23},"end":{"line":79,"column":4}},"49":{"start":{"line":80,"column":20},"end":{"line":80,"column":60}},"50":{"start":{"line":82,"column":20},"end":{"line":94,"column":null}},"51":{"start":{"line":97,"column":20},"end":{"line":106,"column":4}},"52":{"start":{"line":108,"column":2},"end":{"line":108,"column":57}}},"fnMap":{"0":{"name":"POST","decl":{"start":{"line":33,"column":22},"end":{"line":33,"column":26}},"loc":{"start":{"line":33,"column":39},"end":{"line":109,"column":1}}},"1":{"name":"(anonymous_2)","decl":{"start":{"line":34,"column":38},"end":{"line":34,"column":41}},"loc":{"start":{"line":34,"column":45},"end":{"line":34,"column":47}}}},"branchMap":{"0":{"loc":{"start":{"line":35,"column":25},"end":{"line":35,"column":49}},"type":"binary-expr","locations":[{"start":{"line":35,"column":25},"end":{"line":35,"column":35}},{"start":{"line":35,"column":39},"end":{"line":35,"column":49}}]},"1":{"loc":{"start":{"line":41,"column":2},"end":{"line":41,"column":71}},"type":"if","locations":[{"start":{"line":41,"column":2},"end":{"line":41,"column":71}}]},"2":{"loc":{"start":{"line":98,"column":13},"end":{"line":98,"column":34}},"type":"binary-expr","locations":[{"start":{"line":98,"column":13},"end":{"line":98,"column":26}},{"start":{"line":98,"column":30},"end":{"line":98,"column":34}}]},"3":{"loc":{"start":{"line":99,"column":10},"end":{"line":99,"column":28}},"type":"binary-expr","locations":[{"start":{"line":99,"column":10},"end":{"line":99,"column":20}},{"start":{"line":99,"column":24},"end":{"line":99,"column":28}}]},"4":{"loc":{"start":{"line":100,"column":12},"end":{"line":100,"column":32}},"type":"binary-expr","locations":[{"start":{"line":100,"column":12},"end":{"line":100,"column":24}},{"start":{"line":100,"column":28},"end":{"line":100,"column":32}}]},"5":{"loc":{"start":{"line":101,"column":14},"end":{"line":101,"column":36}},"type":"binary-expr","locations":[{"start":{"line":101,"column":14},"end":{"line":101,"column":28}},{"start":{"line":101,"column":32},"end":{"line":101,"column":36}}]},"6":{"loc":{"start":{"line":102,"column":10},"end":{"line":102,"column":28}},"type":"binary-expr","locations":[{"start":{"line":102,"column":10},"end":{"line":102,"column":20}},{"start":{"line":102,"column":24},"end":{"line":102,"column":28}}]},"7":{"loc":{"start":{"line":103,"column":16},"end":{"line":103,"column":40}},"type":"binary-expr","locations":[{"start":{"line":103,"column":16},"end":{"line":103,"column":32}},{"start":{"line":103,"column":36},"end":{"line":103,"column":40}}]},"8":{"loc":{"start":{"line":104,"column":9},"end":{"line":104,"column":26}},"type":"binary-expr","locations":[{"start":{"line":104,"column":9},"end":{"line":104,"column":18}},{"start":{"line":104,"column":22},"end":{"line":104,"column":26}}]},"9":{"loc":{"start":{"line":105,"column":17},"end":{"line":105,"column":42}},"type":"binary-expr","locations":[{"start":{"line":105,"column":17},"end":{"line":105,"column":34}},{"start":{"line":105,"column":38},"end":{"line":105,"column":42}}]}},"s":{"0":1,"1":1,"2":1,"3":1,"4":1,"5":1,"6":1,"7":1,"8":1,"9":1,"10":1,"11":1,"12":1,"13":1,"14":1,"15":1,"16":1,"17":1,"18":1,"19":1,"20":1,"21":1,"22":1,"23":1,"24":1,"25":1,"26":1,"27":3,"28":0,"29":3,"30":3,"31":3,"32":3,"33":3,"34":1,"35":3,"36":3,"37":3,"38":3,"39":3,"40":3,"41":3,"42":3,"43":3,"44":3,"45":3,"46":3,"47":3,"48":3,"49":3,"50":3,"51":3,"52":3},"f":{"0":3,"1":0},"b":{"0":[3,0],"1":[1],"2":[3,3],"3":[3,3],"4":[3,3],"5":[3,3],"6":[3,3],"7":[3,3],"8":[3,3],"9":[3,3]}}
,"/home/dfcastro/WebstormProjects/vtm-elysium-next/app/api/games/route.ts": {"path":"/home/dfcastro/WebstormProjects/vtm-elysium-next/app/api/games/route.ts","statementMap":{"0":{"start":{"line":14,"column":0},"end":{"line":14,"column":7}},"1":{"start":{"line":47,"column":0},"end":{"line":47,"column":7}},"2":{"start":{"line":2,"column":0},"end":{"line":2,"column":56}},"3":{"start":{"line":3,"column":0},"end":{"line":3,"column":32}},"4":{"start":{"line":4,"column":0},"end":{"line":4,"column":41}},"5":{"start":{"line":7,"column":2},"end":{"line":7,"column":59}},"6":{"start":{"line":15,"column":2},"end":{"line":40,"column":3}},"7":{"start":{"line":16,"column":17},"end":{"line":16,"column":39}},"8":{"start":{"line":18,"column":21},"end":{"line":34,"column":null}},"9":{"start":{"line":37,"column":4},"end":{"line":37,"column":63}},"10":{"start":{"line":39,"column":4},"end":{"line":39,"column":71}},"11":{"start":{"line":48,"column":17},"end":{"line":48,"column":37}},"12":{"start":{"line":49,"column":2},"end":{"line":93,"column":3}},"13":{"start":{"line":50,"column":17},"end":{"line":50,"column":39}},"14":{"start":{"line":52,"column":17},"end":{"line":52,"column":51}},"15":{"start":{"line":52,"column":47},"end":{"line":52,"column":49}},"16":{"start":{"line":53,"column":17},"end":{"line":53,"column":48}},"17":{"start":{"line":55,"column":6},"end":{"line":55,"column":65}},"18":{"start":{"line":57,"column":4},"end":{"line":57,"column":57}},"19":{"start":{"line":57,"column":15},"end":{"line":57,"column":57}},"20":{"start":{"line":58,"column":4},"end":{"line":58,"column":69}},"21":{"start":{"line":58,"column":27},"end":{"line":58,"column":69}},"22":{"start":{"line":60,"column":4},"end":{"line":60,"column":32}},"23":{"start":{"line":62,"column":20},"end":{"line":72,"column":null}},"24":{"start":{"line":75,"column":17},"end":{"line":75,"column":32}},"25":{"start":{"line":77,"column":4},"end":{"line":84,"column":6}},"26":{"start":{"line":86,"column":4},"end":{"line":86,"column":33}},"27":{"start":{"line":87,"column":4},"end":{"line":87,"column":56}},"28":{"start":{"line":89,"column":4},"end":{"line":89,"column":35}},"29":{"start":{"line":90,"column":4},"end":{"line":90,"column":71}},"30":{"start":{"line":92,"column":4},"end":{"line":92,"column":21}}},"fnMap":{"0":{"name":"jsonError","decl":{"start":{"line":6,"column":9},"end":{"line":6,"column":18}},"loc":{"start":{"line":6,"column":48},"end":{"line":8,"column":1}}},"1":{"name":"GET","decl":{"start":{"line":14,"column":22},"end":{"line":14,"column":25}},"loc":{"start":{"line":14,"column":42},"end":{"line":41,"column":1}}},"2":{"name":"POST","decl":{"start":{"line":47,"column":22},"end":{"line":47,"column":26}},"loc":{"start":{"line":47,"column":43},"end":{"line":94,"column":1}}},"3":{"name":"(anonymous_3)","decl":{"start":{"line":52,"column":40},"end":{"line":52,"column":43}},"loc":{"start":{"line":52,"column":47},"end":{"line":52,"column":49}}}},"branchMap":{"0":{"loc":{"start":{"line":6,"column":36},"end":{"line":6,"column":48}},"type":"default-arg","locations":[{"start":{"line":6,"column":45},"end":{"line":6,"column":48}}]},"1":{"loc":{"start":{"line":39,"column":21},"end":{"line":39,"column":51}},"type":"binary-expr","locations":[{"start":{"line":39,"column":21},"end":{"line":39,"column":31}},{"start":{"line":39,"column":35},"end":{"line":39,"column":51}}]},"2":{"loc":{"start":{"line":39,"column":53},"end":{"line":39,"column":69}},"type":"binary-expr","locations":[{"start":{"line":39,"column":53},"end":{"line":39,"column":62}},{"start":{"line":39,"column":66},"end":{"line":39,"column":69}}]},"3":{"loc":{"start":{"line":53,"column":24},"end":{"line":53,"column":40}},"type":"binary-expr","locations":[{"start":{"line":53,"column":24},"end":{"line":53,"column":34}},{"start":{"line":53,"column":38},"end":{"line":53,"column":40}}]},"4":{"loc":{"start":{"line":55,"column":6},"end":{"line":55,"column":65}},"t
[...]
,"/home/dfcastro/WebstormProjects/vtm-elysium-next/src/lib/db.ts": {"path":"/home/dfcastro/WebstormProjects/vtm-elysium-next/src/lib/db.ts","statementMap":{"0":{"start":{"line":13,"column":0},"end":{"line":13,"column":16}},"1":{"start":{"line":2,"column":0},"end":{"line":2,"column":26}},"2":{"start":{"line":4,"column":0},"end":{"line":6,"column":1}},"3":{"start":{"line":5,"column":2},"end":{"line":5,"column":45}},"4":{"start":{"line":8,"column":13},"end":{"line":10,"column":3}},"5":{"start":{"line":14,"column":2},"end":{"line":14,"column":14}}},"fnMap":{"0":{"name":"getPool","decl":{"start":{"line":13,"column":16},"end":{"line":13,"column":23}},"loc":{"start":{"line":13,"column":23},"end":{"line":15,"column":1}}}},"branchMap":{"0":{"loc":{"start":{"line":4,"column":0},"end":{"line":6,"column":1}},"type":"if","locations":[{"start":{"line":4,"column":0},"end":{"line":6,"column":1}}]}},"s":{"0":22,"1":22,"2":22,"3":0,"4":22,"5":15},"f":{"0":15},"b":{"0":[0]}}
,"/home/dfcastro/WebstormProjects/vtm-elysium-next/src/lib/roles.ts": {"path":"/home/dfcastro/WebstormProjects/vtm-elysium-next/src/lib/roles.ts","statementMap":{"0":{"start":{"line":4,"column":0},"end":{"line":4,"column":7}},"1":{"start":{"line":10,"column":12},"end":{"line":12,"column":null}},"2":{"start":{"line":15,"column":2},"end":{"line":15,"column":44}},"3":{"start":{"line":15,"column":31},"end":{"line":15,"column":44}},"4":{"start":{"line":16,"column":2},"end":{"line":16,"column":50}}},"fnMap":{"0":{"name":"requireRoleInGame","decl":{"start":{"line":4,"column":22},"end":{"line":4,"column":39}},"loc":{"start":{"line":8,"column":19},"end":{"line":17,"column":1}}}},"branchMap":{"0":{"loc":{"start":{"line":15,"column":2},"end":{"line":15,"column":44}},"type":"if","locations":[{"start":{"line":15,"column":2},"end":{"line":15,"column":44}}]},"1":{"loc":{"start":{"line":15,"column":7},"end":{"line":15,"column":22}},"type":"binary-expr","locations":[{"start":{"line":15,"column":7},"end":{"line":15,"column":17}},{"start":{"line":15,"column":21},"end":{"line":15,"column":22}}]}},"s":{"0":11,"1":17,"2":17,"3":3,"4":14},"f":{"0":17},"b":{"0":[3],"1":[17,0]}}
,"/home/dfcastro/WebstormProjects/vtm-elysium-next/src/lib/sheet.ts": {"path":"/home/dfcastro/WebstormProjects/vtm-elysium-next/src/lib/sheet.ts","statementMap":{"0":{"start":{"line":2,"column":0},"end":{"line":2,"column":16}},"1":{"start":{"line":6,"column":22},"end":{"line":6,"column":55}},"2":{"start":{"line":7,"column":21},"end":{"line":7,"column":48}},"3":{"start":{"line":9,"column":16},"end":{"line":42,"column":4}},"4":{"start":{"line":44,"column":2},"end":{"line":56,"column":4}}},"fnMap":{"0":{"name":"buildZeroSheet","decl":{"start":{"line":2,"column":16},"end":{"line":2,"column":30}},"loc":{"start":{"line":5,"column":1},"end":{"line":57,"column":1}}}},"branchMap":{"0":{"loc":{"start":{"line":6,"column":22},"end":{"line":6,"column":55}},"type":"binary-expr","locations":[{"start":{"line":6,"column":22},"end":{"line":6,"column":41}},{"start":{"line":6,"column":45},"end":{"line":6,"column":55}}]},"1":{"loc":{"start":{"line":7,"column":21},"end":{"line":7,"column":48}},"type":"binary-expr","locations":[{"start":{"line":7,"column":21},"end":{"line":7,"column":39}},{"start":{"line":7,"column":43},"end":{"line":7,"column":48}}]}},"s":{"0":2,"1":5,"2":5,"3":5,"4":5},"f":{"0":5},"b":{"0":[5,5],"1":[5,5]}}
,"/home/dfcastro/WebstormProjects/vtm-elysium-next/src/lib/xp/xpLedger.ts": {"path":"/home/dfcastro/WebstormProjects/vtm-elysium-next/src/lib/xp/xpLedger.ts","statementMap":{"0":{"start":{"line":17,"column":0},"end":{"line":17,"column":7}},"1":{"start":{"line":39,"column":0},"end":{"line":39,"column":7}},"2":{"start":{"line":21,"column":12},"end":{"line":27,"column":null}},"3":{"start":{"line":30,"column":18},"end":{"line":30,"column":49}},"4":{"start":{"line":31,"column":16},"end":{"line":31,"column":45}},"5":{"start":{"line":32,"column":2},"end":{"line":36,"column":4}},"6":{"start":{"line":48,"column":58},"end":{"line":48,"column":62}},"7":{"start":{"line":50,"column":12},"end":{"line":58,"column":null}},"8":{"start":{"line":61,"column":2},"end":{"line":61,"column":30}}},"fnMap":{"0":{"name":"getXpTotalsForCharacter","decl":{"start":{"line":17,"column":22},"end":{"line":17,"column":45}},"loc":{"start":{"line":19,"column":21},"end":{"line":37,"column":1}}},"1":{"name":"insertApprovedXpSpendLog","decl":{"start":{"line":39,"column":22},"end":{"line":39,"column":46}},"loc":{"start":{"line":46,"column":3},"end":{"line":62,"column":1}}}},"branchMap":{"0":{"loc":{"start":{"line":30,"column":25},"end":{"line":30,"column":48}},"type":"binary-expr","locations":[{"start":{"line":30,"column":25},"end":{"line":30,"column":43}},{"start":{"line":30,"column":47},"end":{"line":30,"column":48}}]},"1":{"loc":{"start":{"line":31,"column":23},"end":{"line":31,"column":44}},"type":"binary-expr","locations":[{"start":{"line":31,"column":23},"end":{"line":31,"column":39}},{"start":{"line":31,"column":43},"end":{"line":31,"column":44}}]}},"s":{"0":3,"1":3,"2":4,"3":4,"4":4,"5":4,"6":1,"7":1,"8":1},"f":{"0":4,"1":1},"b":{"0":[4,0],"1":[4,0]}}
,"/home/dfcastro/WebstormProjects/vtm-elysium-next/src/lib/xp/xpSpendService.ts": {"path":"/home/dfcastro/WebstormProjects/vtm-elysium-next/src/lib/xp/xpSpendService.ts","statementMap":{"0":{"start":{"line":45,"column":0},"end":{"line":45,"column":16}},"1":{"start":{"line":73,"column":0},"end":{"line":73,"column":16}},"2":{"start":{"line":97,"column":0},"end":{"line":97,"column":16}},"3":{"start":{"line":123,"column":0},"end":{"line":123,"column":16}},"4":{"start":{"line":162,"column":0},"end":{"line":162,"column":7}},"5":{"start":{"line":4,"column":0},"end":{"line":4,"column":79}},"6":{"start":{"line":23,"column":2},"end":{"line":23,"column":66}},"7":{"start":{"line":27,"column":2},"end":{"line":42,"column":3}},"8":{"start":{"line":29,"column":6},"end":{"line":29,"column":26}},"9":{"start":{"line":31,"column":6},"end":{"line":31,"column":25}},"10":{"start":{"line":33,"column":6},"end":{"line":33,"column":27}},"11":{"start":{"line":35,"column":6},"end":{"line":35,"column":27}},"12":{"start":{"line":37,"column":6},"end":{"line":37,"column":23}},"13":{"start":{"line":39,"column":6},"end":{"line":39,"column":25}},"14":{"start":{"line":41,"column":6},"end":{"line":41,"column":26}},"15":{"start":{"line":46,"column":2},"end":{"line":61,"column":3}},"16":{"start":{"line":48,"column":6},"end":{"line":48,"column":26}},"17":{"start":{"line":50,"column":6},"end":{"line":50,"column":26}},"18":{"start":{"line":52,"column":6},"end":{"line":52,"column":26}},"19":{"start":{"line":54,"column":6},"end":{"line":54,"column":26}},"20":{"start":{"line":56,"column":6},"end":{"line":56,"column":26}},"21":{"start":{"line":58,"column":6},"end":{"line":58,"column":26}},"22":{"start":{"line":60,"column":6},"end":{"line":60,"column":26}},"23":{"start":{"line":65,"column":12},"end":{"line":65,"column":15}},"24":{"start":{"line":66,"column":2},"end":{"line":69,"column":3}},"25":{"start":{"line":67,"column":4},"end":{"line":67,"column":57}},"26":{"start":{"line":67,"column":41},"end":{"line":67,"column":57}},"27":{"start":{"line":68,"column":4},"end":{"line":68,"column":17}},"28":{"start":{"line":70,"column":2},"end":{"line":70,"column":50}},"29":{"start":{"line":74,"column":2},"end":{"line":74,"column":77}},"30":{"start":{"line":74,"column":68},"end":{"line":74,"column":77}},"31":{"start":{"line":75,"column":16},"end":{"line":75,"column":27}},"32":{"start":{"line":77,"column":2},"end":{"line":79,"column":3}},"33":{"start":{"line":78,"column":4},"end":{"line":78,"column":69}},"34":{"start":{"line":80,"column":2},"end":{"line":82,"column":3}},"35":{"start":{"line":81,"column":4},"end":{"line":81,"column":71}},"36":{"start":{"line":84,"column":21},"end":{"line":84,"column":null}},"37":{"start":{"line":91,"column":17},"end":{"line":91,"column":34}},"38":{"start":{"line":92,"column":2},"end":{"line":92,"column":43}},"39":{"start":{"line":92,"column":34},"end":{"line":92,"column":43}},"40":{"start":{"line":93,"column":12},"end":{"line":93,"column":29}},"41":{"start":{"line":94,"column":2},"end":{"line":94,"column":39}},"42":{"start":{"line":98,"column":2},"end":{"line":100,"column":3}},"43":{"start":{"line":99,"column":4},"end":{"line":99,"column":63}},"44":{"start":{"line":101,"column":16},"end":{"line":101,"column":27}},"45":{"start":{"line":103,"column":2},"end":{"line":106,"column":3}},"46":{"start":{"line":104,"column":4},"end":{"line":104,"column":31}},"47":{"start":{"line":105,"column":4},"end":{"line":105,"column":11}},"48":{"start":{"line":107,"column":2},"end":{"line":110,"column":3}},"49":{"start":{"line":108,"column":4},"end":{"line":108,"column":32}},"50":{"start":{"line":109,"column":4},"end":{"line":109,"column":11}},"51":{"start":{"line":112,"column":21},"end":{"line":112,"column":null}},"52":{"start":{"line":119,"column":2},"end":{"line":119,"column":68}},"53":{"start":{"line":119,"column":45},"end":{"line":119,"column":68}},"54":{"start":{"line":120,"column":2},"end":{"line":120,"column":42}},"55":{"start":{"line":124,"column":25},"end":{"line":127,"column":null}},"56":{"start":{"line":131,"column":30},"end":{"line":137,"column":4}},"57":{"start":{"line":138,"column":2},"end":{"line":145,"column":3}},"58":{"start":{"line":139,"column":4},"end":{"line":139,"column":43}},"59":{"start":{"line":139,"column":34},"end":{"line":139,"column":43}},"60":{"start":{"line":140,"column":4},"end":{"line":144,"column":5}},"61":{"start":{"line":141,"column":6},"end":{"line":143,"column":8}},"62":{"start":{"line":171,"column":49},"end":{"line":171,"column":53}},"63":{"start":{"line":174,"column":24},"end":{"line":177,"column":5}},"64":{"start":{"line":174,"column":43},"end":{"line":177,"column":4}},"65":{"start":{"line":178,"column":20},"end":{"line":178,"column":71}},"66":{"start":{"line":178,"column":54},"end":{"line":178,"column":67}},"67":{"start":{"line":179,"column":2},"end":{"line":184,"column":3}},"68":{"start":{"line":180,"column":4},"end":{"line":183,"column":7}},"69":{"start":{"line":187,"column":23},"end":{"line":187,"column":73}},"70":{"start":{"line":188,"column":2},"end":{"line":195,"column":3}},"71":{"start":{"line":189,"column":4},"end":{"line":194,"column":6}},"72":{"start":{"line":198,"column":2},"end":{"line":198,"column":54}},"73":{"start":{"line":198,"column":26},"end":{"line":198,"column":54}},"74":{"start":{"line":199,"column":2},"end":{"line":199,"column":39}},"75":{"start":{"line":202,"column":23},"end":{"line":206,"column":4}},"76":{"start":{"line":208,"column":29},"end":{"line":213,"column":4}},"77":{"start":{"line":216,"column":22},"end":{"line":220,"column":4}},"78":{"start":{"line":223,"column":2},"end":{"line":238,"column":4}},"79":{"start":{"line":240,"column":2},"end":{"line":246,"column":4}}},"fnMap":{"0":{"name":"ensurePlainObject","decl":{"start":{"line":22,"column":9},"end":{"line":22,"column":26}},"loc":{"start":{"line":22,"column":33},"end":{"line":24,"column":1}}},"1":{"name":"pluralFor","decl":{"start":{"line":26,"column":9},"end":{"line":26,"column":18}},"loc":{"start":{"line":26,"column":34},"end":{"line":43,"column":1}}},"2":{"name":"xpCostFor","decl":{"start":{"line":45,"column":16},"end":{"line":45,"column":25}},"loc":{"start":{"line":45,"column":59},"end":{"line":62,"column":1}}},"3":{"name":"safeGetNestedNumber","decl":{"start":{"line":64,"column":9},"end":{"line":64,"column":28}},"loc":{"start":{"line":64,"column":71},"end":{"line":71,"column":1}}},"4":{"name":"getCurrentLevel","decl":{"start":{"line":73,"column":16},"end":{"line":73,"column":31}},"loc":{"start":{"line":73,"column":60},"end":{"line":95,"column":1}}},"5":{"name":"applySpendToSheet","decl":{"start":{"line":97,"column":16},"end":{"line":97,"column":33}},"loc":{"start":{"line":97,"column":62},"end":{"line":121,"column":1}}},"6":{"name":"enforceMaxTraitRating","decl":{"start":{"line":123,"column":16},"end":{"line":123,"column":37}},"loc":{"start":{"line":123,"column":69},"end":{"line":146,"column":1}}},"7":{"name":"spendXpImmediate","decl":{"start":{"line":162,"column":22},"end":{"line":162,"column":38}},"loc":{"start":{"line":169,"column":3},"end":{"line":247,"column":1}}},"8":{"name":"(anonymous_8)","decl":{"start":{"line":174,"column":35},"end":{"line":174,"column":36}},"loc":{"start":{"line":174,"column":43},"end":{"line":177,"column":4}}},"9":{"name":"(anonymous_9)","decl":{"start":{"line":178,"column":41},"end":{"line":178,"column":42}},"loc":{"start":{"line":178,"column":54},"end":{"line":178,"column":67}}}},"branchMap":{"0":{"loc":{"start":{"line":23,"column":9},"end":{"line":23,"column":65}},"type":"binary-expr","locations":[{"start":{"line":23,"column":9},"end":{"line":23,"column":19}},{"start":{"line":23,"column":23},"end":{"line":23,"column":44}},{"start":{"line":23,"column":48},"end":{"line":23,"column":65}}]},"1":{"loc":{"start":{"line":27,"column":2},"end":{"line":42,"column":3}},"type":"switch","locations":[{"start":{"line":28,"column":4},"end":{"line":29,"column":26}},{"start":{"line":30,"column":4},"end":{"line":31,"column":25}},{"start":{"line":32,"column":4},"end":{"line":33,"column":27}},{"start":{"line":34,"column":4},"end":{"line":35,"column":27}},{"start":{"line":36,"column":4},"end":{"line":37,"column":23}},{"start":{"line":38,"column":4},"end":{"line":39,"column":25}},{"start":{"line":40,"column":4},"end":{"line":41,"column":26}}]},"2":{"loc":{"start":{"line":46,"column":2},"end":{"line":61,"column":3}},"type":"switch","locations":[{"start":{"line":47,"column":4},"end":{"line":48,"column":26}},{"start":{"line":49,"column":4},"end":{"line":50,"column":26}},{"start":{"line":51,"column":4},"end":{"line":52,"column":26}},{"start":{"line":53,"column":4},"end":{"line":54,"column":26}},{"start":{"line":55,"column":4},"end":{"line":56,"column":26}},{"start":{"line":57,"column":4},"end":{"line":58,"column":26}},{"start":{"line":59,"column":4},"end":{"line":60,"column":26}}]},"3":{"loc":{"start":{"line":67,"column":4},"end":{"line":67,"column":57}},"type":"if","locations":[{"start":{"line":67,"column":4},"end":{"line":67,"column":57}}]},"4":{"loc":{"start":{"line":67,"column":8},"end":{"line":67,"column":39}},"type":"binary-expr","locations":[{"start":{"line":67,"column":8},"end":{"line":67,"column":12}},{"start":{"line":67,"column":16},"end":{"line":67,"column":39}}]},"5":{"loc":{"start":{"line":70,"column":9},"end":{"line":70,"column":49}},"type":"cond-expr","locations":[{"start":{"line":70,"column":35},"end":{"line":70,"column":38}},{"start":{"line":70,"column":41},"end":{"line":70,"column":49}}]},"6":{"loc":{"start":{"line":74,"column":2},"end":{"line":74,"column":77}},"type":"if","locations":[{"start":{"line":74,"column":2},"end":{"line":74,"column":77}}]},"7":{"loc":{"start":{"line":74,"column":6},"end":{"line":74,"column":66}},"type":"binary-expr","locations":[{"start":{"line":74,"column":6},"end":{"line":74,"column":31}},{"start":{"line":74,"column":35},"end":{"line":74,"column":66}}]},"8":{"loc":{"start":{"line":77,"column":2},"end":{"line":79,"column":3}},"type":"if","locations":[{"start":{"line":77,"column":2},"end":{"line":79,"column":3}}]},"9":{"loc":{"start":{"line":78,"column":11},"end":{"line":78,"column":68}},"type":"cond-expr","locations":[{"start":{"line":78,"column":49},"end":{"line":78,"column":64}},{"start":{"line":78,"column":67},"end":{"line":78,"column":68}}]},"10":{"loc":{"start":{"line":80,"column":2},"end":{"line":82,"column":3}},"type":"if","locations":[{"start":{"line":80,"column":2},"end":{"line":82,"column":3}}]},"11":{"loc":{"start":{"line":81,"column":11},"end":{"line":81,"column":70}},"type":"cond-expr","locations":[{"start":{"line":81,"column":50},"end":{"line":81,"column":66}},{"start":{"line":81,"column":69},"end":{"line":81,"column":70}}]},"12":{"loc":{"start":{"line":92,"column":2},"end":{"line":92,"column":43}},"type":"if","locations":[{"start":{"line":92,"column":2},"end":{"line":92,"column":43}}]},"13":{"loc":{"start":{"line":94,"column":9},"end":{"line":94,"column":38}},"type":"cond-expr","locations":[{"start":{"line":94,"column":33},"end":{"line":94,"column":34}},{"start":{"line":94,"column":37},"end":{"line":94,"column":38}}]},"14":{"loc":{"start":{"line":98,"column":2},"end":{"line":100,"column":3}},"type":"if","locations":[{"start":{"line":98,"column":2},"end":{"line":100,"column":3}}]},"15":{"loc":{"start":{"line":98,"column":6},"end":{"line":98,"column":66}},"type":"binary-expr","locations":[{"start":{"line":98,"column":6},"end":{"line":98,"column":31}},{"start":{"line":98,"column":35},"end":{"line":98,"column":66}}]},"16":{"loc":{"start":{"line":103,"column":2},"end":{"line":106,"column":3}},"type":"if","locations":[{"start":{"line":103,"column":2},"end":{"line":106,"column":3}}]},"17":{"loc":{"start":{"line":107,"column":2},"end":{"line":110,"column":3}},"type":"if","locations":[{"start":{"line":107,"column":2},"end":{"line":110,"column":3}}]},"18":{"loc":{"start":{"line":119,"column":2},"end":{"line":119,"column":68}},"type":"if","locations":[{"start":{"line":119,"column":2},"end":{"line":119,"column":68}}]},"19":{"loc":{"start":{"line":139,"column":4},"end":{"line":139,"column":43}},"type":"if","locations":[{"start":{"line":139,"column":4},"end":{"line":139,"column":43}}]},"20":{"loc":{"start":{"line":140,"column":4},"end":{"line":144,"column":5}},"type":"if","locations":[{"start":{"line":140,"column":4},"end":{"line":144,"column":5}}]},"21":{"loc":{"start":{"line":179,"column":2},"end":{"line":184,"column":3}},"type":"if","locations":[{"start":{"line":179,"column":2},"end":{"line":184,"column":3}}]},"22":{"loc":{"start":{"line":188,"column":2},"end":{"line":195,"column":3}},"type":"if","locations":[{"start":{"line":188,"column":2},"end":{"line":195,"column":3}}]}},"s":{"0":1,"1":1,"2":1,"3":1,"4":1,"5":1,"6":9,"7":3,"8":1,"9":2,"10":0,"11":0,"12":0,"13":0,"14":0,"15":2,"16":1,"17":1,"18":0,"19":0,"20":0,"21":0,"22":0,"23":1,"24":1,"25":2,"26":0,"27":2,"28":1,"29":2,"30":0,"31":2,"32":2,"33":0,"34":2,"35":0,"36":2,"37":2,"38":2,"39":0,"40":2,"41":2,"42":1,"43":0,"44":1,"45":1,"46":0,"47":0,"48":1,"49":0,"50":0,"51":1,"52":1,"53":0,"54":1,"55":1,"56":1,"57":1,"58":1,"59":0,"60":1,"61":0,"62":2,"63":2,"64":2,"65":2,"66":2,"67":2,"68":0,"69":2,"70":2,"71":1,"72":1,"73":1,"74":1,"75":1,"76":1,"77":1,"78":1,"79":1},"f":{"0":9,"1":3,"2":2,"3":1,"4":2,"5":1,"6":1,"7":2,"8":2,"9":2},"b":{"0":[9,9,9],"1":[1,2,0,0,0,0,0],"2":[1,1,0,0,0,0,0],"3":[0],"4":[2,2],"5":[1,0],"6":[0],"7":[2,2],"8":[0],"9":[0,0],"10":[0],"11":[0,0],"12":[0],"13":[2,0],"14":[0],"15":[1,1],"16":[0],"17":[0],"18":[0],"19":[0],"20":[0],"21":[0],"22":[1]}}
}
