TN:
SF:__tests__/helpers/testDb.ts
FN:15,resetUsersTable
FN:22,makeRunTag
FN:26,defaultNameForEmail
FN:36,seedTestUser
FN:57,seedTestUsers
FN:62,getUserIdByEmail
FN:78,ensureTestGameForUser
FN:102,seedCharacter
FN:195,cleanupTestArtifacts
FN:236,safeExec
FNF:10
FNH:10
FNDA:4,resetUsersTable
FNDA:20,makeRunTag
FNDA:71,defaultNameForEmail
FNDA:71,seedTestUser
FNDA:2,seedTestUsers
FNDA:71,getUserIdByEmail
FNDA:46,ensureTestGameForUser
FNDA:27,seedCharacter
FNDA:20,cleanupTestArtifacts
FNDA:40,safeExec
DA:2,22
DA:3,22
DA:8,22
DA:9,22
DA:10,22
DA:15,22
DA:22,22
DA:23,20
DA:27,71
DA:28,69
DA:29,67
DA:36,22
DA:37,71
DA:39,71
DA:51,71
DA:57,22
DA:58,2
DA:59,2
DA:62,22
DA:63,71
DA:67,71
DA:68,0
DA:70,71
DA:78,22
DA:82,46
DA:84,46
DA:93,46
DA:102,22
DA:112,27
DA:117,27
DA:118,27
DA:119,27
DA:120,27
DA:122,27
DA:123,27
DA:124,27
DA:125,27
DA:126,27
DA:127,27
DA:129,27
DA:135,27
DA:189,27
DA:195,22
DA:200,20
DA:202,20
DA:203,18
DA:209,20
DA:210,19
DA:215,20
DA:218,20
DA:225,20
DA:230,20
DA:237,40
DA:238,40
LF:54
LH:53
BRDA:27,0,0,2
BRDA:28,1,0,2
BRDA:36,2,0,0
BRDA:67,3,0,0
BRDA:67,4,0,71
BRDA:67,4,1,0
BRDA:80,5,0,0
BRDA:114,6,0,27
BRDA:114,6,1,0
BRDA:122,7,0,2
BRDA:122,7,1,25
BRDA:123,8,0,9
BRDA:123,8,1,18
BRDA:125,9,0,0
BRDA:125,9,1,27
BRDA:132,10,0,27
BRDA:132,10,1,0
BRDA:200,11,0,2
BRDA:200,12,0,0
BRDA:200,13,0,0
BRDA:202,14,0,18
BRDA:209,15,0,19
BRDA:215,16,0,20
BRF:23
BRH:14
end_of_record
TN:
SF:__tests__/helpers/testRequest.ts
FN:4,makeNextJsonRequest
FNF:1
FNH:1
FNDA:92,makeNextJsonRequest
DA:2,23
DA:4,23
DA:10,92
DA:18,92
DA:19,48
DA:22,92
DA:23,92
LF:7
LH:7
BRDA:8,0,0,32
BRDA:18,1,0,48
BRF:2
BRH:2
end_of_record
TN:
SF:app/api/characters/[id]/route.ts
FN:6,jsonError
FN:15,resolveId
FN:24,deriveDraftStatusFromSheet
FN:41,GET
FN:93,PUT
FN:101,(anonymous_5)
FN:209,DELETE
FNF:7
FNH:6
FNDA:12,jsonError
FNDA:12,resolveId
FNDA:4,deriveDraftStatusFromSheet
FNDA:5,GET
FNDA:5,PUT
FNDA:0,(anonymous_5)
FNDA:5,DELETE
DA:2,3
DA:3,3
DA:4,3
DA:7,12
DA:17,12
DA:18,12
DA:22,3
DA:27,4
DA:30,4
DA:32,4
DA:33,0
DA:38,4
DA:41,3
DA:42,5
DA:44,5
DA:45,5
DA:46,4
DA:47,4
DA:48,4
DA:75,4
DA:76,2
DA:79,2
DA:81,2
DA:82,1
DA:85,1
DA:87,1
DA:89,5
DA:93,3
DA:94,5
DA:96,5
DA:97,5
DA:98,4
DA:99,4
DA:101,4
DA:102,4
DA:103,0
DA:106,4
DA:107,4
DA:108,0
DA:113,4
DA:114,4
DA:116,0
DA:119,4
DA:122,4
DA:136,4
DA:137,1
DA:138,1
DA:141,3
DA:143,3
DA:144,1
DA:145,1
DA:148,2
DA:149,1
DA:150,1
DA:160,1
DA:199,1
DA:200,1
DA:202,1
DA:203,1
DA:205,5
DA:209,3
DA:210,5
DA:212,5
DA:213,5
DA:214,4
DA:215,4
DA:218,4
DA:229,4
DA:230,1
DA:233,3
DA:236,3
DA:237,1
DA:242,2
DA:243,1
DA:247,1
DA:257,1
DA:259,1
DA:261,5
LF:78
LH:74
BRDA:6,0,0,0
BRDA:17,1,0,2
BRDA:17,1,1,10
BRDA:30,2,0,0
BRDA:30,2,1,4
BRDA:32,3,0,0
BRDA:32,4,0,4
BRDA:32,4,1,2
BRDA:38,5,0,2
BRDA:38,5,1,2
BRDA:75,6,0,2
BRDA:75,7,0,4
BRDA:75,7,1,0
BRDA:81,8,0,1
BRDA:87,9,0,1
BRDA:87,9,1,0
BRDA:87,10,0,1
BRDA:87,10,1,0
BRDA:102,11,0,0
BRDA:102,12,0,4
BRDA:102,12,1,4
BRDA:107,13,0,0
BRDA:107,14,0,4
BRDA:107,14,1,4
BRDA:116,15,0,0
BRDA:116,15,1,0
BRDA:116,16,0,0
BRDA:116,16,1,0
BRDA:136,17,0,1
BRDA:136,18,0,4
BRDA:136,18,1,0
BRDA:143,19,0,1
BRDA:148,20,0,1
BRDA:203,21,0,1
BRDA:203,21,1,0
BRDA:203,22,0,1
BRDA:203,22,1,0
BRDA:229,23,0,1
BRDA:229,24,0,4
BRDA:229,24,1,0
BRDA:236,25,0,1
BRDA:242,26,0,1
BRDA:259,27,0,1
BRDA:259,27,1,0
BRDA:259,28,0,1
BRDA:259,28,1,0
BRF:46
BRH:28
end_of_record
TN:
SF:app/api/characters/[id]/audit/route.ts
FN:7,clampInt
FN:13,GET
FNF:2
FNH:2
FNDA:8,clampInt
FNDA:5,GET
DA:2,1
DA:3,1
DA:4,1
DA:5,1
DA:8,8
DA:9,8
DA:10,8
DA:13,1
DA:15,5
DA:16,5
DA:18,1
DA:24,4
DA:26,4
DA:27,4
DA:28,4
DA:30,4
DA:31,4
DA:33,4
DA:34,4
DA:49,4
DA:50,1
DA:56,3
DA:57,3
DA:59,3
DA:60,2
DA:64,2
DA:65,1
DA:68,2
DA:79,2
DA:84,4
LF:30
LH:30
BRDA:8,0,0,2
BRDA:8,0,1,6
BRDA:9,1,0,0
BRDA:19,2,0,1
BRDA:19,2,1,0
BRDA:20,3,0,1
BRDA:20,3,1,0
BRDA:49,4,0,1
BRDA:49,5,0,4
BRDA:49,5,1,3
BRDA:59,6,0,2
BRDA:64,7,0,1
BRF:12
BRH:9
end_of_record
TN:
SF:app/api/characters/[id]/history/route.ts
FN:7,clampInt
FN:13,GET
FNF:2
FNH:2
FNDA:4,clampInt
FNDA:3,GET
DA:2,1
DA:3,1
DA:4,1
DA:5,1
DA:8,4
DA:9,4
DA:10,4
DA:13,1
DA:14,3
DA:15,2
DA:17,2
DA:18,2
DA:19,2
DA:21,2
DA:22,2
DA:24,2
DA:26,2
DA:41,2
DA:42,1
DA:48,1
DA:49,1
DA:51,1
DA:52,0
DA:56,0
DA:57,0
DA:61,1
DA:90,1
DA:95,2
LF:28
LH:25
BRDA:8,0,0,2
BRDA:8,0,1,2
BRDA:9,1,0,0
BRDA:41,2,0,1
BRDA:41,3,0,2
BRDA:41,3,1,1
BRDA:51,4,0,0
BRDA:56,5,0,0
BRF:8
BRH:5
end_of_record
TN:
SF:app/api/characters/[id]/sheet-merge/route.ts
FN:6,jsonError
FN:12,resolveId
FN:20,PATCH
FN:27,(anonymous_3)
FNF:4
FNH:3
FNDA:4,jsonError
FNDA:4,resolveId
FNDA:5,PATCH
FNDA:0,(anonymous_3)
DA:2,1
DA:3,1
DA:4,1
DA:7,4
DA:14,4
DA:15,4
DA:18,1
DA:20,1
DA:21,5
DA:22,5
DA:23,5
DA:24,4
DA:25,4
DA:27,4
DA:28,4
DA:29,0
DA:31,4
DA:32,4
DA:33,0
DA:35,4
DA:37,4
DA:42,4
DA:43,1
DA:44,1
DA:47,3
DA:48,3
DA:49,1
DA:50,1
DA:52,2
DA:53,1
DA:54,1
DA:61,1
DA:90,1
DA:91,1
DA:93,1
DA:94,1
DA:96,5
LF:37
LH:35
BRDA:6,0,0,0
BRDA:14,1,0,0
BRDA:14,1,1,4
BRDA:15,2,0,4
BRDA:15,2,1,0
BRDA:25,3,0,0
BRDA:28,4,0,0
BRDA:28,5,0,4
BRDA:28,5,1,4
BRDA:32,6,0,0
BRDA:32,7,0,4
BRDA:32,7,1,4
BRDA:42,8,0,1
BRDA:42,9,0,4
BRDA:42,9,1,0
BRDA:48,10,0,1
BRDA:52,11,0,1
BRDA:94,12,0,1
BRDA:94,12,1,0
BRDA:94,13,0,1
BRDA:94,13,1,0
BRF:21
BRH:12
end_of_record
TN:
SF:app/api/characters/[id]/submit/route.ts
FN:6,jsonError
FN:14,resolveId
FN:21,POST
FNF:3
FNH:3
FNDA:3,jsonError
FNDA:3,resolveId
FNDA:4,POST
DA:2,1
DA:3,1
DA:4,1
DA:7,3
DA:16,3
DA:17,3
DA:18,3
DA:21,1
DA:22,4
DA:24,4
DA:25,4
DA:26,3
DA:28,3
DA:29,0
DA:32,3
DA:35,3
DA:46,3
DA:47,0
DA:48,0
DA:51,3
DA:53,3
DA:54,1
DA:55,1
DA:60,2
DA:61,2
DA:62,1
DA:63,1
DA:66,1
DA:104,1
DA:105,1
DA:107,1
DA:108,1
DA:110,4
LF:33
LH:30
BRDA:6,0,0,0
BRDA:16,1,0,0
BRDA:16,1,1,3
BRDA:17,2,0,3
BRDA:17,2,1,0
BRDA:28,3,0,0
BRDA:46,4,0,0
BRDA:46,5,0,3
BRDA:46,5,1,0
BRDA:53,6,0,1
BRDA:60,7,0,2
BRDA:60,7,1,1
BRDA:61,8,0,1
BRDA:108,9,0,1
BRDA:108,9,1,0
BRDA:108,10,0,1
BRDA:108,10,1,0
BRF:17
BRH:9
end_of_record
TN:
SF:app/api/characters/[id]/xp/route.ts
FN:9,GET
FNF:1
FNH:1
FNDA:1,GET
DA:3,1
DA:4,1
DA:5,1
DA:6,1
DA:7,1
DA:9,1
DA:10,1
DA:11,1
DA:13,1
DA:14,1
DA:16,1
DA:18,1
DA:36,1
DA:37,0
DA:43,1
DA:44,1
DA:45,0
DA:52,1
DA:53,1
DA:54,0
DA:58,0
DA:59,0
DA:64,1
DA:68,1
DA:85,1
LF:25
LH:20
BRDA:36,0,0,0
BRDA:44,1,0,0
BRDA:53,2,0,0
BRDA:58,3,0,0
BRDA:78,4,0,1
BRDA:78,4,1,0
BRDA:79,5,0,1
BRDA:79,5,1,0
BRF:8
BRH:2
end_of_record
TN:
SF:app/api/characters/[id]/xp/history/route.ts
FN:7,clampInt
FN:13,GET
FNF:2
FNH:2
FNDA:2,clampInt
FNDA:1,GET
DA:2,1
DA:3,1
DA:4,1
DA:5,1
DA:8,2
DA:9,2
DA:10,2
DA:13,1
DA:14,1
DA:15,1
DA:17,1
DA:18,1
DA:19,1
DA:21,1
DA:22,1
DA:24,1
DA:25,1
DA:40,1
DA:41,0
DA:47,1
DA:48,1
DA:50,1
DA:51,0
DA:55,0
DA:56,0
DA:60,1
DA:109,1
DA:119,1
LF:28
LH:24
BRDA:8,0,0,2
BRDA:8,0,1,0
BRDA:9,1,0,0
BRDA:40,2,0,0
BRDA:40,3,0,1
BRDA:40,3,1,1
BRDA:50,4,0,0
BRDA:55,5,0,0
BRF:8
BRH:3
end_of_record
TN:
SF:app/api/characters/[id]/xp/spend/route.ts
FN:13,jsonError
FN:17,isInt
FN:21,assertSpendBody
FN:62,ensurePlainObject
FN:66,POST
FN:74,(anonymous_5)
FNF:6
FNH:5
FNDA:5,jsonError
FNDA:10,isInt
FNDA:5,assertSpendBody
FNDA:4,ensurePlainObject
FNDA:6,POST
FNDA:0,(anonymous_5)
DA:2,1
DA:3,1
DA:4,1
DA:5,1
DA:6,1
DA:14,5
DA:18,10
DA:22,5
DA:23,0
DA:24,5
DA:25,0
DA:27,5
DA:28,5
DA:29,5
DA:30,0
DA:31,5
DA:32,5
DA:41,0
DA:43,5
DA:44,0
DA:46,5
DA:47,0
DA:50,5
DA:58,5
DA:59,5
DA:63,4
DA:66,1
DA:70,6
DA:71,6
DA:72,5
DA:74,5
DA:75,5
DA:76,5
DA:77,0
DA:79,5
DA:82,5
DA:83,5
DA:84,1
DA:90,4
DA:91,0
DA:95,4
DA:96,4
DA:97,4
DA:98,4
DA:101,4
DA:124,4
DA:125,0
DA:126,0
DA:129,4
DA:130,4
DA:131,0
DA:132,0
DA:136,4
DA:137,4
DA:139,4
DA:140,1
DA:145,1
DA:146,0
DA:148,1
DA:157,4
DA:158,1
DA:159,1
DA:166,3
DA:167,1
DA:168,1
DA:175,2
DA:176,2
DA:177,0
DA:178,0
DA:182,2
DA:183,2
DA:184,2
DA:185,0
DA:186,0
DA:195,2
DA:202,1
DA:204,1
DA:219,1
DA:220,1
DA:222,0
DA:226,1
DA:227,1
DA:229,1
DA:233,1
DA:235,4
DA:238,1
DA:240,1
DA:241,1
LF:88
LH:70
BRDA:18,0,0,10
BRDA:18,0,1,10
BRDA:22,1,0,0
BRDA:22,2,0,5
BRDA:22,2,1,5
BRDA:24,3,0,0
BRDA:29,4,0,0
BRDA:29,5,0,5
BRDA:29,5,1,5
BRDA:32,6,0,0
BRDA:33,7,0,5
BRDA:33,7,1,4
BRDA:33,7,2,0
BRDA:33,7,3,0
BRDA:33,7,4,0
BRDA:33,7,5,0
BRDA:33,7,6,0
BRDA:43,8,0,0
BRDA:43,9,0,5
BRDA:43,9,1,5
BRDA:46,10,0,0
BRDA:46,11,0,5
BRDA:46,11,1,5
BRDA:58,12,0,0
BRDA:63,13,0,4
BRDA:63,13,1,4
BRDA:63,13,2,4
BRDA:76,14,0,0
BRDA:83,15,0,1
BRDA:90,16,0,0
BRDA:124,17,0,0
BRDA:124,18,0,4
BRDA:124,18,1,0
BRDA:130,19,0,0
BRDA:139,20,0,1
BRDA:145,21,0,0
BRDA:145,21,1,1
BRDA:145,22,0,1
BRDA:145,22,1,1
BRDA:145,23,0,1
BRDA:145,23,1,0
BRDA:157,24,0,1
BRDA:166,25,0,1
BRDA:176,26,0,0
BRDA:176,27,0,2
BRDA:176,27,1,2
BRDA:184,28,0,0
BRDA:226,29,0,1
BRDA:226,29,1,0
BRDA:227,30,0,1
BRDA:227,30,1,0
BRDA:229,31,0,1
BRDA:229,31,1,0
BRDA:238,32,0,1
BRDA:238,32,1,0
BRDA:240,33,0,1
BRDA:240,33,1,0
BRDA:243,34,0,1
BRDA:243,34,1,0
BRF:59
BRH:32
end_of_record
TN:
SF:app/api/characters/generate/route.ts
FN:33,POST
FN:34,(anonymous_2)
FNF:2
FNH:1
FNDA:3,POST
FNDA:0,(anonymous_2)
DA:3,1
DA:4,1
DA:6,1
DA:7,1
DA:8,1
DA:9,1
DA:10,1
DA:11,1
DA:12,1
DA:13,1
DA:14,1
DA:15,1
DA:16,1
DA:17,1
DA:18,1
DA:19,1
DA:20,1
DA:21,1
DA:22,1
DA:24,1
DA:25,1
DA:26,1
DA:27,1
DA:28,1
DA:29,1
DA:31,1
DA:33,1
DA:34,3
DA:35,3
DA:36,3
DA:37,3
DA:40,3
DA:41,3
DA:43,3
DA:44,3
DA:45,3
DA:46,3
DA:51,3
DA:55,3
DA:56,3
DA:60,3
DA:61,3
DA:67,3
DA:68,3
DA:69,3
DA:71,3
DA:72,3
DA:80,3
DA:82,3
DA:97,3
DA:108,3
LF:51
LH:51
BRDA:35,0,0,3
BRDA:35,0,1,0
BRDA:41,1,0,1
BRDA:98,2,0,3
BRDA:98,2,1,3
BRDA:99,3,0,3
BRDA:99,3,1,3
BRDA:100,4,0,3
BRDA:100,4,1,3
BRDA:101,5,0,3
BRDA:101,5,1,3
BRDA:102,6,0,3
BRDA:102,6,1,3
BRDA:103,7,0,3
BRDA:103,7,1,3
BRDA:104,8,0,3
BRDA:104,8,1,3
BRDA:105,9,0,3
BRDA:105,9,1,3
BRF:19
BRH:18
end_of_record
TN:
SF:app/api/games/route.ts
FN:6,jsonError
FN:14,GET
FN:47,POST
FN:52,(anonymous_3)
FNF:4
FNH:3
FNDA:1,jsonError
FNDA:2,GET
FNDA:1,POST
FNDA:0,(anonymous_3)
DA:2,1
DA:3,1
DA:4,1
DA:7,1
DA:14,1
DA:15,2
DA:16,2
DA:18,1
DA:37,1
DA:39,1
DA:47,1
DA:48,1
DA:49,1
DA:50,1
DA:52,1
DA:53,1
DA:55,1
DA:57,1
DA:58,1
DA:60,1
DA:62,1
DA:75,1
DA:77,1
DA:86,1
DA:87,1
DA:89,0
DA:90,0
DA:92,1
LF:28
LH:26
BRDA:6,0,0,0
BRDA:39,1,0,1
BRDA:39,1,1,0
BRDA:39,2,0,1
BRDA:39,2,1,0
BRDA:53,3,0,1
BRDA:53,3,1,0
BRDA:55,4,0,1
BRDA:55,4,1,0
BRDA:57,5,0,0
BRDA:58,6,0,0
BRDA:90,7,0,0
BRDA:90,7,1,0
BRDA:90,8,0,0
BRDA:90,8,1,0
BRF:15
BRH:4
end_of_record
TN:
SF:app/api/games/[gameId]/characters/route.ts
FN:7,jsonError
FN:15,resolveGameId
FN:21,fetchMyCharacter
FN:57,POST
FNF:4
FNH:4
FNDA:1,jsonError
FNDA:3,resolveGameId
FNDA:2,fetchMyCharacter
FNDA:3,POST
DA:2,1
DA:3,1
DA:4,1
DA:5,1
DA:8,1
DA:17,3
DA:18,3
DA:22,2
DA:50,2
DA:57,1
DA:58,3
DA:60,3
DA:61,3
DA:62,3
DA:63,3
DA:66,3
DA:70,3
DA:71,1
DA:75,2
DA:77,2
DA:89,2
DA:90,1
DA:91,1
DA:92,1
DA:95,1
DA:97,1
DA:107,1
DA:109,1
DA:110,1
DA:112,0
DA:115,0
DA:116,0
DA:117,0
DA:118,0
DA:119,0
DA:120,0
DA:121,0
DA:127,0
DA:129,3
LF:39
LH:30
BRDA:7,0,0,0
BRDA:17,1,0,3
BRDA:17,1,1,0
BRDA:50,2,0,2
BRDA:50,2,1,0
BRDA:50,3,0,2
BRDA:50,3,1,0
BRDA:70,4,0,1
BRDA:70,5,0,3
BRDA:70,5,1,0
BRDA:89,6,0,1
BRDA:89,7,0,2
BRDA:89,7,1,0
BRDA:115,8,0,0
BRDA:127,9,0,0
BRDA:127,9,1,0
BRDA:127,10,0,0
BRDA:127,10,1,0
BRF:18
BRH:7
end_of_record
TN:
SF:app/api/games/[gameId]/characters/me/route.ts
FN:7,jsonError
FN:15,GET
FNF:2
FNH:2
FNDA:1,jsonError
FNDA:3,GET
DA:3,1
DA:4,1
DA:5,1
DA:8,1
DA:15,1
DA:16,3
DA:17,3
DA:20,3
DA:22,3
DA:24,3
DA:28,3
DA:29,1
DA:32,2
DA:60,2
DA:61,1
DA:64,1
DA:66,0
LF:17
LH:16
BRDA:7,0,0,0
BRDA:20,1,0,3
BRDA:20,1,1,0
BRDA:28,2,0,1
BRDA:28,3,0,3
BRDA:28,3,1,0
BRDA:60,4,0,1
BRDA:60,5,0,2
BRDA:60,5,1,0
BRDA:66,6,0,0
BRDA:66,6,1,0
BRDA:66,7,0,0
BRDA:66,7,1,0
BRF:13
BRH:5
end_of_record
TN:
SF:app/api/login/route.ts
FN:13,POST
FNF:1
FNH:1
FNDA:14,POST
DA:2,4
DA:3,4
DA:4,4
DA:5,4
DA:7,4
DA:8,4
DA:11,4
DA:13,4
DA:14,14
DA:15,14
DA:16,14
DA:19,14
DA:21,14
DA:22,2
DA:29,12
DA:39,12
DA:40,2
DA:46,10
DA:48,10
DA:49,1
DA:55,9
DA:57,9
DA:58,1
DA:66,8
DA:68,8
DA:78,8
DA:90,0
DA:91,0
LF:28
LH:26
BRDA:7,0,0,4
BRDA:7,0,1,0
BRDA:8,1,0,4
BRDA:8,1,1,0
BRDA:16,2,0,14
BRDA:16,2,1,1
BRDA:19,3,0,14
BRDA:19,3,1,1
BRDA:21,4,0,2
BRDA:21,5,0,14
BRDA:21,5,1,13
BRDA:39,6,0,2
BRDA:48,7,0,1
BRDA:57,8,0,1
BRF:14
BRH:12
end_of_record
TN:
SF:app/api/me/route.ts
FN:6,GET
FNF:1
FNH:1
FNDA:5,GET
DA:2,1
DA:3,1
DA:4,1
DA:6,1
DA:7,5
DA:9,5
DA:10,3
DA:13,2
DA:23,2
DA:24,1
DA:30,1
DA:32,1
LF:12
LH:12
BRDA:9,0,0,3
BRDA:23,1,0,1
BRF:2
BRH:2
end_of_record
TN:
SF:app/api/storyteller/characters/[id]/approve/route.ts
FN:8,jsonError
FN:14,resolveId
FN:20,PATCH
FNF:3
FNH:3
FNDA:3,jsonError
FNDA:3,resolveId
FNDA:4,PATCH
DA:3,1
DA:4,1
DA:5,1
DA:6,1
DA:9,3
DA:16,3
DA:17,3
DA:20,1
DA:21,4
DA:22,4
DA:23,4
DA:24,3
DA:25,3
DA:27,3
DA:30,3
DA:39,3
DA:40,0
DA:41,0
DA:44,3
DA:47,3
DA:50,3
DA:51,1
DA:52,1
DA:55,2
DA:56,1
DA:57,1
DA:60,1
DA:94,1
DA:95,1
DA:97,1
DA:98,1
DA:100,4
LF:32
LH:30
BRDA:8,0,0,0
BRDA:16,1,0,0
BRDA:16,1,1,3
BRDA:17,2,0,3
BRDA:17,2,1,0
BRDA:25,3,0,0
BRDA:39,4,0,0
BRDA:39,5,0,3
BRDA:39,5,1,0
BRDA:50,6,0,1
BRDA:55,7,0,1
BRDA:98,8,0,1
BRDA:98,8,1,0
BRDA:98,9,0,1
BRDA:98,9,1,0
BRF:15
BRH:7
end_of_record
TN:
SF:app/api/storyteller/characters/[id]/move/route.ts
FN:6,jsonError
FN:12,resolveId
FN:26,PUT
FN:34,(anonymous_3)
FN:188,(anonymous_4)
FNF:5
FNH:3
FNDA:3,jsonError
FNDA:3,resolveId
FNDA:4,PUT
FNDA:0,(anonymous_3)
FNDA:0,(anonymous_4)
DA:1,1
DA:2,1
DA:3,1
DA:4,1
DA:7,3
DA:14,3
DA:15,3
DA:26,1
DA:27,4
DA:29,4
DA:30,4
DA:31,3
DA:32,3
DA:34,3
DA:35,3
DA:36,3
DA:37,3
DA:39,3
DA:40,0
DA:43,3
DA:46,3
DA:61,3
DA:62,1
DA:63,1
DA:66,2
DA:67,2
DA:69,2
DA:70,0
DA:71,0
DA:75,2
DA:79,2
DA:80,1
DA:81,1
DA:85,1
DA:89,1
DA:90,0
DA:91,0
DA:95,1
DA:99,1
DA:100,0
DA:101,0
DA:106,1
DA:117,1
DA:118,0
DA:119,0
DA:128,1
DA:130,1
DA:170,1
DA:172,1
DA:188,1
DA:189,1
DA:191,4
LF:52
LH:43
BRDA:6,0,0,0
BRDA:14,1,0,0
BRDA:14,1,1,3
BRDA:15,2,0,3
BRDA:15,2,1,0
BRDA:32,3,0,0
BRDA:35,4,0,3
BRDA:35,4,1,0
BRDA:37,5,0,0
BRDA:37,5,1,3
BRDA:39,6,0,0
BRDA:61,7,0,1
BRDA:61,8,0,3
BRDA:61,8,1,2
BRDA:69,9,0,0
BRDA:79,10,0,1
BRDA:89,11,0,0
BRDA:99,12,0,0
BRDA:117,13,0,0
BRDA:117,14,0,1
BRDA:117,14,1,0
BRDA:128,15,0,0
BRDA:128,15,1,1
BRDA:189,16,0,1
BRDA:189,16,1,0
BRDA:189,17,0,1
BRDA:189,17,1,0
BRF:27
BRH:12
end_of_record
TN:
SF:app/api/storyteller/characters/[id]/reject/route.ts
FN:8,jsonError
FN:14,resolveId
FN:20,PATCH
FN:27,(anonymous_3)
FNF:4
FNH:3
FNDA:3,jsonError
FNDA:3,resolveId
FNDA:4,PATCH
FNDA:0,(anonymous_3)
DA:3,1
DA:4,1
DA:5,1
DA:6,1
DA:9,3
DA:16,3
DA:17,3
DA:20,1
DA:21,4
DA:22,4
DA:23,4
DA:24,3
DA:25,3
DA:27,3
DA:28,3
DA:30,3
DA:32,3
DA:36,3
DA:37,0
DA:38,0
DA:41,3
DA:42,3
DA:45,3
DA:46,1
DA:47,1
DA:50,2
DA:51,1
DA:52,1
DA:55,1
DA:89,1
DA:90,1
DA:92,1
DA:93,1
DA:95,4
LF:34
LH:32
BRDA:8,0,0,0
BRDA:16,1,0,0
BRDA:16,1,1,3
BRDA:17,2,0,3
BRDA:17,2,1,0
BRDA:25,3,0,0
BRDA:28,4,0,3
BRDA:28,4,1,0
BRDA:36,5,0,0
BRDA:36,6,0,3
BRDA:36,6,1,0
BRDA:45,7,0,1
BRDA:50,8,0,1
BRDA:93,9,0,1
BRDA:93,9,1,0
BRDA:93,10,0,1
BRDA:93,10,1,0
BRF:17
BRH:8
end_of_record
TN:
SF:app/api/storyteller/characters/[id]/revert/route.ts
FN:6,jsonError
FN:12,resolveId
FN:17,POST
FN:22,(anonymous_3)
FN:186,(anonymous_4)
FNF:5
FNH:3
FNDA:1,jsonError
FNDA:2,resolveId
FNDA:3,POST
FNDA:0,(anonymous_3)
FNDA:0,(anonymous_4)
DA:1,1
DA:2,1
DA:3,1
DA:4,1
DA:7,1
DA:13,2
DA:14,2
DA:17,1
DA:18,3
DA:19,2
DA:20,2
DA:22,2
DA:23,2
DA:24,2
DA:27,2
DA:28,0
DA:31,2
DA:32,2
DA:34,2
DA:35,2
DA:38,2
DA:52,2
DA:53,1
DA:54,1
DA:57,1
DA:59,1
DA:63,1
DA:64,0
DA:65,0
DA:71,1
DA:72,0
DA:73,0
DA:98,1
DA:99,1
DA:100,0
DA:101,0
DA:104,1
DA:131,1
DA:132,0
DA:133,0
DA:136,1
DA:139,1
DA:172,1
DA:174,1
DA:186,0
DA:187,0
DA:189,2
LF:47
LH:36
BRDA:6,0,0,0
BRDA:13,1,0,0
BRDA:13,1,1,2
BRDA:14,2,0,2
BRDA:14,2,1,0
BRDA:20,3,0,0
BRDA:23,4,0,2
BRDA:23,4,1,2
BRDA:23,4,2,2
BRDA:24,5,0,2
BRDA:24,5,1,0
BRDA:24,5,2,0
BRDA:24,5,3,0
BRDA:27,6,0,0
BRDA:27,7,0,2
BRDA:27,7,1,2
BRDA:27,7,2,2
BRDA:52,8,0,1
BRDA:52,9,0,2
BRDA:52,9,1,1
BRDA:63,10,0,0
BRDA:71,11,0,0
BRDA:71,11,1,1
BRDA:99,12,0,0
BRDA:99,13,0,1
BRDA:99,13,1,1
BRDA:131,14,0,0
BRDA:131,15,0,1
BRDA:131,15,1,0
BRDA:166,16,0,1
BRDA:166,16,1,0
BRDA:167,17,0,1
BRDA:167,17,1,0
BRDA:168,18,0,1
BRDA:168,18,1,0
BRDA:187,19,0,0
BRDA:187,19,1,0
BRF:37
BRH:19
end_of_record
TN:
SF:app/api/storyteller/characters/[id]/xp/grant/route.ts
FN:9,todayIsoDate
FN:14,POST
FN:18,(anonymous_2)
FN:104,(anonymous_3)
FNF:4
FNH:1
FNDA:0,todayIsoDate
FNDA:1,POST
FNDA:0,(anonymous_2)
FNDA:0,(anonymous_3)
DA:3,1
DA:4,1
DA:5,1
DA:6,1
DA:7,1
DA:11,0
DA:14,1
DA:15,1
DA:16,1
DA:18,1
DA:19,1
DA:21,1
DA:22,1
DA:24,1
DA:25,0
DA:31,1
DA:32,1
DA:34,1
DA:35,1
DA:38,1
DA:52,1
DA:53,0
DA:54,0
DA:60,1
DA:62,1
DA:66,1
DA:67,0
DA:68,0
DA:72,1
DA:82,1
DA:84,1
DA:93,1
DA:95,1
DA:104,0
DA:105,0
DA:110,1
LF:36
LH:28
BRDA:21,0,0,1
BRDA:21,0,1,0
BRDA:22,1,0,1
BRDA:22,1,1,0
BRDA:24,2,0,0
BRDA:24,3,0,1
BRDA:24,3,1,1
BRDA:52,4,0,0
BRDA:52,5,0,1
BRDA:52,5,1,1
BRDA:66,6,0,0
BRDA:106,7,0,0
BRDA:106,7,1,0
BRF:13
BRH:6
end_of_record
TN:
SF:app/api/storyteller/games/route.ts
FN:6,GET
FNF:1
FNH:1
FNDA:2,GET
DA:2,1
DA:3,1
DA:4,1
DA:6,1
DA:7,2
DA:9,1
DA:29,1
LF:7
LH:7
BRF:0
BRH:0
end_of_record
TN:
SF:app/api/storyteller/games/[gameId]/characters/route.ts
FN:7,jsonError
FN:13,resolveGameId
FN:18,GET
FNF:3
FNH:3
FNDA:1,jsonError
FNDA:3,resolveGameId
FNDA:3,GET
DA:2,1
DA:3,1
DA:4,1
DA:5,1
DA:8,1
DA:14,3
DA:15,3
DA:18,1
DA:19,3
DA:20,3
DA:21,3
DA:22,3
DA:23,3
DA:25,3
DA:28,3
DA:30,2
DA:31,2
DA:33,2
DA:34,2
DA:35,2
DA:36,1
DA:37,1
DA:40,2
DA:68,2
DA:70,3
LF:25
LH:25
BRDA:7,0,0,0
BRDA:14,1,0,3
BRDA:14,1,1,0
BRDA:15,2,0,3
BRDA:15,2,1,0
BRDA:23,3,0,0
BRDA:28,4,0,1
BRDA:35,5,0,1
BRF:8
BRH:4
end_of_record
TN:
SF:src/core/affinity/AffinityProcessorService.ts
FN:12,(anonymous_0)
FN:24,(anonymous_1)
FN:33,(anonymous_2)
FN:49,(anonymous_3)
FNF:4
FNH:4
FNDA:4,(anonymous_0)
FNDA:19,(anonymous_1)
FNDA:385,(anonymous_2)
FNDA:475,(anonymous_3)
DA:6,2
DA:18,4
DA:19,4
DA:20,4
DA:21,4
DA:25,19
DA:26,19
DA:27,19
DA:28,19
DA:29,19
DA:30,19
DA:37,385
DA:38,335
DA:39,2650
DA:40,2650
DA:41,2650
DA:42,2650
DA:53,475
DA:54,475
DA:55,475
DA:56,475
DA:57,54744
DA:58,54744
DA:62,475
DA:63,475
DA:64,475
DA:65,4420
DA:66,4420
DA:67,23276
DA:68,23276
DA:70,4420
DA:71,4420
DA:72,4420
DA:74,475
DA:76,475
DA:77,475
DA:78,2275
DA:79,1800
DA:81,0
LF:39
LH:38
BRDA:14,0,0,4
BRDA:15,1,0,4
BRDA:16,2,0,4
BRDA:37,3,0,50
BRDA:39,4,0,0
BRDA:41,5,0,2650
BRDA:41,5,1,648
BRDA:53,6,0,0
BRDA:55,7,0,475
BRDA:57,8,0,54744
BRDA:57,8,1,0
BRDA:58,9,0,54744
BRDA:58,9,1,0
BRDA:66,10,0,4420
BRDA:66,10,1,0
BRDA:67,11,0,23276
BRDA:67,11,1,0
BRDA:68,12,0,12481
BRDA:68,13,0,23276
BRDA:68,13,1,23276
BRDA:74,14,0,0
BRDA:74,15,0,0
BRDA:74,15,1,0
BRDA:78,16,0,475
BRDA:81,17,0,0
BRDA:81,17,1,0
BRF:26
BRH:15
end_of_record
TN:
SF:src/core/data/GameDataProvider.ts
FN:16,(anonymous_1)
FN:33,(anonymous_2)
FN:45,(anonymous_3)
FN:52,(anonymous_4)
FN:74,(anonymous_5)
FN:78,(anonymous_6)
FNF:6
FNH:6
FNDA:22,(anonymous_1)
FNDA:2,(anonymous_2)
FNDA:58,(anonymous_3)
FNDA:448,(anonymous_4)
FNDA:2,(anonymous_5)
FNDA:10,(anonymous_6)
DA:1,2
DA:2,2
DA:16,2
DA:17,22
DA:19,2
DA:31,2
DA:34,2
DA:35,2
DA:38,2
DA:42,2
DA:45,2
DA:46,58
DA:49,2
DA:52,448
DA:54,2
DA:57,2
DA:60,2
DA:62,2
DA:66,2
DA:68,2
DA:71,2
DA:75,2
DA:76,2
DA:78,2
DA:79,10
DA:80,92
DA:81,92
DA:82,84
DA:83,84
DA:84,84
DA:85,84
DA:86,84
DA:93,2
LF:33
LH:33
BRDA:61,0,0,2
BRDA:61,0,1,0
BRDA:63,1,0,2
BRDA:63,1,1,0
BRDA:67,2,0,2
BRDA:67,2,1,0
BRDA:69,3,0,2
BRDA:69,3,1,0
BRDA:76,4,0,0
BRDA:81,5,0,8
BRDA:81,5,1,84
BRDA:82,6,0,84
BRDA:82,7,0,84
BRDA:82,7,1,84
BRDA:86,8,0,84
BRF:15
BRH:10
end_of_record
TN:
SF:src/core/enums/TraitType.ts
FN:1,(anonymous_0)
FNF:1
FNH:1
FNDA:1,(anonymous_0)
DA:1,1
DA:2,1
DA:3,1
DA:4,1
DA:5,1
DA:6,1
DA:7,1
DA:8,1
DA:9,1
DA:10,1
LF:10
LH:10
BRDA:1,0,0,1
BRDA:1,0,1,1
BRF:2
BRH:2
end_of_record
TN:
SF:src/core/services/AbilityDistributionService.ts
FN:10,(anonymous_0)
FN:16,(anonymous_1)
FN:27,(anonymous_2)
FN:32,(anonymous_3)
FN:33,(anonymous_4)
FNF:5
FNH:5
FNDA:3,(anonymous_0)
FNDA:3,(anonymous_1)
FNDA:6,(anonymous_2)
FNDA:27,(anonymous_3)
FNDA:18,(anonymous_4)
DA:9,1
DA:11,3
DA:12,3
DA:13,3
DA:20,3
DA:21,3
DA:22,90
DA:25,3
DA:26,3
DA:27,6
DA:29,3
DA:30,3
DA:31,9
DA:32,27
DA:33,18
DA:34,9
DA:38,9
DA:39,9
DA:42,3
DA:43,9
DA:44,9
DA:45,94
DA:49,94
DA:50,94
DA:51,94
DA:53,94
DA:54,81
DA:55,81
DA:60,13
LF:29
LH:29
BRDA:38,0,0,0
BRDA:43,1,0,9
BRDA:43,1,1,0
BRDA:49,2,0,0
BRDA:51,3,0,94
BRDA:51,3,1,53
BRDA:53,4,0,81
BRDA:53,4,1,13
BRF:8
BRH:5
end_of_record
TN:
SF:src/core/services/AttributeService.ts
FN:6,(anonymous_0)
FN:11,(anonymous_1)
FN:16,(anonymous_2)
FN:35,(anonymous_3)
FN:41,(anonymous_4)
FN:46,(anonymous_5)
FNF:6
FNH:6
FNDA:3,(anonymous_0)
FNDA:3,(anonymous_1)
FNDA:9,(anonymous_2)
FNDA:13,(anonymous_3)
FNDA:18,(anonymous_4)
FNDA:135,(anonymous_5)
DA:5,1
DA:7,3
DA:8,3
DA:15,3
DA:16,9
DA:18,3
DA:19,27
DA:20,0
DA:21,27
DA:24,3
DA:25,3
DA:26,3
DA:28,3
DA:29,9
DA:33,9
DA:34,9
DA:35,13
DA:36,9
DA:39,3
DA:40,9
DA:41,18
DA:43,9
DA:45,9
DA:46,45
DA:47,135
DA:48,135
DA:50,45
DA:51,45
DA:55,45
DA:56,45
DA:57,45
DA:61,3
LF:32
LH:31
BRDA:13,0,0,0
BRDA:19,1,0,0
BRDA:19,1,1,27
BRDA:19,2,0,27
BRDA:19,2,1,0
BRDA:33,3,0,0
BRDA:36,4,0,9
BRDA:43,5,0,0
BRDA:47,6,0,0
BRDA:47,7,0,135
BRDA:47,7,1,0
BRDA:48,8,0,135
BRDA:48,8,1,0
BRDA:50,9,0,0
BRDA:55,10,0,0
BRDA:56,11,0,45
BRDA:56,11,1,0
BRF:17
BRH:6
end_of_record
TN:
SF:src/core/services/BackgroundDistributionService.ts
FN:7,(anonymous_0)
FN:12,(anonymous_1)
FNF:2
FNH:2
FNDA:3,(anonymous_0)
FNDA:3,(anonymous_1)
DA:5,1
DA:6,3
DA:8,3
DA:9,3
DA:16,3
DA:17,3
DA:19,3
DA:20,15
DA:24,15
DA:25,15
DA:26,15
DA:27,15
DA:28,15
DA:29,15
DA:31,0
LF:15
LH:14
BRDA:16,0,0,0
BRDA:24,1,0,0
BRDA:26,2,0,15
BRDA:26,2,1,14
BRDA:27,3,0,15
BRDA:27,3,1,0
BRF:6
BRH:3
end_of_record
TN:
SF:src/core/services/CharacterGeneratorService.ts
FN:17,(anonymous_0)
FN:32,(anonymous_1)
FNF:2
FNH:2
FNDA:3,(anonymous_0)
FNDA:3,(anonymous_1)
DA:16,1
DA:18,3
DA:19,3
DA:20,3
DA:21,3
DA:22,3
DA:23,3
DA:24,3
DA:25,3
DA:26,3
DA:27,3
DA:28,3
DA:29,3
DA:33,3
DA:34,3
DA:36,3
DA:69,3
DA:73,3
DA:77,3
DA:83,3
DA:90,3
DA:93,3
DA:97,3
DA:103,3
DA:106,3
DA:112,3
DA:115,3
DA:116,3
DA:118,3
LF:29
LH:29
BRDA:37,0,0,3
BRDA:37,0,1,0
BRDA:38,1,0,3
BRDA:38,1,1,0
BRDA:39,2,0,3
BRDA:39,2,1,0
BRDA:40,3,0,3
BRDA:40,3,1,0
BRDA:41,4,0,3
BRDA:41,4,1,3
BRDA:42,5,0,3
BRDA:42,5,1,3
BRDA:43,6,0,3
BRDA:43,6,1,3
BRDA:44,7,0,3
BRDA:44,7,1,3
BRDA:71,8,0,3
BRDA:71,8,1,0
BRF:18
BRH:13
end_of_record
TN:
SF:src/core/services/CoreStatsService.ts
FN:6,(anonymous_0)
FN:11,(anonymous_1)
FN:16,(anonymous_2)
FN:51,(anonymous_3)
FN:54,(anonymous_4)
FN:59,(anonymous_5)
FNF:6
FNH:5
FNDA:3,(anonymous_0)
FNDA:3,(anonymous_1)
FNDA:0,(anonymous_2)
FNDA:3,(anonymous_3)
FNDA:36,(anonymous_4)
FNDA:33,(anonymous_5)
DA:5,1
DA:7,3
DA:8,3
DA:12,3
DA:14,3
DA:15,0
DA:16,0
DA:20,3
DA:21,0
DA:23,3
DA:25,3
DA:26,3
DA:27,3
DA:28,3
DA:29,3
DA:31,0
DA:32,0
DA:33,0
DA:34,0
DA:36,3
DA:37,3
DA:38,3
DA:40,3
DA:41,3
DA:43,3
DA:52,3
DA:53,3
DA:54,36
DA:57,3
DA:58,3
DA:59,33
DA:61,3
DA:62,25
DA:63,22
DA:65,0
LF:35
LH:27
BRDA:14,0,0,0
BRDA:20,1,0,0
BRDA:20,2,0,3
BRDA:20,2,1,0
BRDA:23,3,0,3
BRDA:25,4,0,3
BRDA:25,4,1,0
BRDA:36,5,0,3
BRDA:36,5,1,0
BRDA:37,6,0,3
BRDA:37,6,1,0
BRDA:38,7,0,3
BRDA:38,7,1,0
BRDA:52,8,0,0
BRDA:54,9,0,36
BRDA:54,9,1,0
BRDA:62,10,0,3
BRDA:65,11,0,0
BRDA:65,11,1,0
BRF:19
BRH:8
end_of_record
TN:
SF:src/core/services/DisciplineDistributionService.ts
FN:8,(anonymous_0)
FN:13,(anonymous_1)
FN:20,(anonymous_2)
FN:30,(anonymous_3)
FNF:4
FNH:4
FNDA:3,(anonymous_0)
FNDA:3,(anonymous_1)
FNDA:51,(anonymous_2)
FNDA:27,(anonymous_3)
DA:5,1
DA:6,3
DA:9,3
DA:10,3
DA:17,3
DA:18,3
DA:20,3
DA:21,51
DA:23,3
DA:26,3
DA:28,3
DA:29,9
DA:30,27
DA:32,9
DA:34,9
DA:38,9
DA:40,9
DA:42,9
LF:18
LH:18
BRDA:17,0,0,3
BRDA:17,0,1,0
BRDA:18,1,0,0
BRDA:23,2,0,0
BRDA:26,3,0,3
BRDA:26,3,1,0
BRDA:30,4,0,27
BRDA:30,4,1,19
BRDA:32,5,0,0
BRDA:38,6,0,0
BRDA:41,7,0,9
BRDA:41,7,1,5
BRF:12
BRH:6
end_of_record
TN:
SF:src/core/services/FreebieSpendingService.ts
FN:25,(anonymous_0)
FN:32,(anonymous_1)
FN:66,(anonymous_2)
FN:100,(anonymous_3)
FN:117,(anonymous_4)
FN:130,(anonymous_5)
FN:134,(anonymous_6)
FN:143,(anonymous_7)
FN:185,(anonymous_8)
FN:190,(anonymous_9)
FN:191,(anonymous_10)
FN:218,(anonymous_11)
FN:224,(anonymous_12)
FN:248,(anonymous_13)
FN:255,(anonymous_14)
FN:279,(anonymous_15)
FN:285,(anonymous_16)
FN:309,(anonymous_17)
FN:315,(anonymous_18)
FN:339,(anonymous_19)
FN:346,(anonymous_20)
FN:346,(anonymous_21)
FNF:22
FNH:17
FNDA:3,(anonymous_0)
FNDA:3,(anonymous_1)
FNDA:26,(anonymous_2)
FNDA:3,(anonymous_3)
FNDA:189,(anonymous_4)
FNDA:26,(anonymous_5)
FNDA:218,(anonymous_6)
FNDA:26,(anonymous_7)
FNDA:0,(anonymous_8)
FNDA:0,(anonymous_9)
FNDA:0,(anonymous_10)
FNDA:4,(anonymous_11)
FNDA:120,(anonymous_12)
FNDA:1,(anonymous_13)
FNDA:17,(anonymous_14)
FNDA:0,(anonymous_15)
FNDA:0,(anonymous_16)
FNDA:4,(anonymous_17)
FNDA:12,(anonymous_18)
FNDA:3,(anonymous_19)
FNDA:189,(anonymous_20)
FNDA:189,(anonymous_21)
DA:5,1
DA:6,1
DA:10,1
DA:12,3
DA:13,3
DA:26,3
DA:27,3
DA:28,3
DA:29,3
DA:36,3
DA:37,3
DA:39,3
DA:40,27
DA:42,3
DA:43,26
DA:48,26
DA:49,26
DA:51,26
DA:52,26
DA:58,26
DA:61,0
DA:71,26
DA:73,26
DA:74,234
DA:75,234
DA:77,234
DA:78,234
DA:79,234
DA:81,218
DA:82,218
DA:83,218
DA:84,218
DA:85,218
DA:86,218
DA:88,218
DA:89,218
DA:90,0
DA:93,218
DA:94,218
DA:97,26
DA:105,3
DA:106,3
DA:110,3
DA:111,3
DA:115,3
DA:116,3
DA:117,189
DA:118,3
DA:119,3
DA:123,3
DA:124,3
DA:133,26
DA:134,218
DA:135,26
DA:136,26
DA:137,103
DA:138,77
DA:140,0
DA:149,26
DA:151,0
DA:153,4
DA:155,1
DA:157,0
DA:159,4
DA:161,9
DA:170,5
DA:179,3
DA:181,0
DA:190,0
DA:191,0
DA:192,0
DA:193,0
DA:194,0
DA:196,0
DA:197,0
DA:201,0
DA:202,0
DA:212,0
DA:213,0
DA:215,0
DA:223,4
DA:224,120
DA:226,4
DA:227,4
DA:231,4
DA:232,4
DA:242,4
DA:243,4
DA:245,0
DA:253,1
DA:254,1
DA:255,17
DA:257,1
DA:258,1
DA:262,1
DA:263,1
DA:273,1
DA:274,1
DA:276,0
DA:284,0
DA:285,0
DA:287,0
DA:288,0
DA:292,0
DA:293,0
DA:303,0
DA:304,0
DA:306,0
DA:314,4
DA:315,12
DA:317,4
DA:318,4
DA:322,4
DA:323,4
DA:333,4
DA:334,4
DA:336,0
DA:344,3
DA:345,3
DA:346,189
DA:348,3
DA:349,3
DA:353,3
DA:354,3
DA:355,3
DA:356,3
DA:358,0
LF:127
LH:96
BRDA:49,0,0,0
BRDA:58,1,0,26
BRDA:58,1,1,0
BRDA:58,2,0,26
BRDA:58,2,1,0
BRDA:61,3,0,0
BRDA:61,3,1,0
BRDA:78,4,0,26
BRDA:79,5,0,16
BRDA:81,6,0,218
BRDA:81,6,1,0
BRDA:83,7,0,64
BRDA:84,8,0,23
BRDA:85,9,0,8
BRDA:89,10,0,0
BRDA:93,11,0,26
BRDA:105,12,0,3
BRDA:110,13,0,3
BRDA:110,14,0,3
BRDA:110,14,1,3
BRDA:115,15,0,3
BRDA:118,16,0,3
BRDA:123,17,0,3
BRDA:123,18,0,3
BRDA:123,18,1,3
BRDA:137,19,0,26
BRDA:149,20,0,0
BRDA:149,20,1,4
BRDA:149,20,2,1
BRDA:149,20,3,0
BRDA:149,20,4,4
BRDA:149,20,5,9
BRDA:149,20,6,5
BRDA:149,20,7,3
BRDA:149,20,8,0
BRDA:192,21,0,0
BRDA:192,22,0,0
BRDA:192,22,1,0
BRDA:194,23,0,0
BRDA:194,23,1,0
BRDA:196,24,0,0
BRDA:201,25,0,0
BRDA:202,26,0,0
BRDA:224,27,0,120
BRDA:224,27,1,50
BRDA:226,28,0,0
BRDA:231,29,0,0
BRDA:232,30,0,4
BRDA:255,31,0,17
BRDA:255,31,1,1
BRDA:255,32,0,1
BRDA:255,32,1,0
BRDA:257,33,0,0
BRDA:262,34,0,0
BRDA:263,35,0,1
BRDA:285,36,0,0
BRDA:285,36,1,0
BRDA:287,37,0,0
BRDA:292,38,0,0
BRDA:293,39,0,0
BRDA:315,40,0,12
BRDA:315,40,1,0
BRDA:317,41,0,0
BRDA:322,42,0,0
BRDA:323,43,0,4
BRDA:346,44,0,189
BRDA:346,44,1,189
BRDA:348,45,0,0
BRDA:353,46,0,0
BRDA:354,47,0,3
BRF:70
BRH:37
end_of_record
TN:
SF:src/core/services/LifeCycleService.ts
FN:7,(anonymous_0)
FN:13,(anonymous_1)
FN:32,(anonymous_2)
FN:39,(anonymous_3)
FN:62,(anonymous_4)
FN:77,(anonymous_5)
FN:112,(anonymous_6)
FN:147,(anonymous_7)
FN:167,(anonymous_8)
FNF:9
FNH:8
FNDA:3,(anonymous_0)
FNDA:3,(anonymous_1)
FNDA:0,(anonymous_2)
FNDA:3,(anonymous_3)
FNDA:3,(anonymous_4)
FNDA:3,(anonymous_5)
FNDA:3,(anonymous_6)
FNDA:630,(anonymous_7)
FNDA:3,(anonymous_8)
DA:6,1
DA:8,3
DA:9,3
DA:10,3
DA:14,3
DA:15,0
DA:16,3
DA:17,0
DA:19,3
DA:20,3
DA:22,3
DA:25,3
DA:29,3
DA:33,0
DA:34,0
DA:35,0
DA:36,0
DA:40,3
DA:41,3
DA:42,1
DA:43,0
DA:44,0
DA:45,2
DA:46,2
DA:47,2
DA:48,2
DA:49,0
DA:50,0
DA:51,0
DA:52,0
DA:53,0
DA:54,0
DA:55,0
DA:56,0
DA:57,0
DA:59,0
DA:63,3
DA:65,1
DA:67,0
DA:69,2
DA:71,0
DA:73,0
DA:80,3
DA:81,1
DA:82,1
DA:83,1
DA:84,1
DA:85,2
DA:86,0
DA:87,0
DA:88,0
DA:89,0
DA:90,2
DA:91,2
DA:92,2
DA:93,2
DA:94,2
DA:96,0
DA:97,0
DA:98,0
DA:99,0
DA:102,3
DA:103,3
DA:104,3
DA:106,3
DA:107,3
DA:108,3
DA:109,3
DA:116,3
DA:117,3
DA:119,3
DA:121,3
DA:122,3
DA:123,3
DA:124,14
DA:127,3
DA:128,2
DA:129,2
DA:130,60
DA:133,3
DA:134,2
DA:135,10
DA:138,3
DA:139,0
DA:140,0
DA:143,3
DA:145,3
DA:146,45
DA:147,630
DA:149,45
DA:151,45
DA:155,45
DA:157,45
DA:158,45
DA:159,45
DA:160,45
DA:161,45
DA:168,3
DA:169,3
DA:171,3
DA:173,3
DA:174,22
DA:175,20
DA:177,20
DA:178,20
DA:179,20
DA:181,20
DA:182,20
DA:183,14
DA:184,14
LF:110
LH:79
BRDA:14,0,0,0
BRDA:14,0,1,3
BRDA:16,1,0,0
BRDA:16,1,1,3
BRDA:19,2,0,3
BRDA:19,2,1,0
BRDA:26,3,0,3
BRDA:26,3,1,0
BRDA:27,4,0,3
BRDA:27,4,1,0
BRDA:33,5,0,0
BRDA:34,6,0,0
BRDA:35,7,0,0
BRDA:41,8,0,1
BRDA:41,8,1,2
BRDA:42,9,0,1
BRDA:43,10,0,0
BRDA:45,11,0,2
BRDA:45,11,1,0
BRDA:46,12,0,0
BRDA:47,13,0,0
BRDA:49,14,0,0
BRDA:49,14,1,0
BRDA:50,15,0,0
BRDA:51,16,0,0
BRDA:53,17,0,0
BRDA:53,17,1,0
BRDA:54,18,0,0
BRDA:56,19,0,0
BRDA:63,20,0,1
BRDA:63,20,1,0
BRDA:63,20,2,2
BRDA:63,20,3,0
BRDA:63,20,4,0
BRDA:80,21,0,1
BRDA:80,21,1,2
BRDA:80,22,0,3
BRDA:80,22,1,2
BRDA:85,23,0,0
BRDA:85,23,1,2
BRDA:85,24,0,2
BRDA:85,24,1,2
BRDA:90,25,0,2
BRDA:90,25,1,0
BRDA:90,26,0,2
BRDA:90,26,1,0
BRDA:104,27,0,0
BRDA:116,28,0,3
BRDA:116,28,1,0
BRDA:117,29,0,0
BRDA:121,30,0,3
BRDA:124,31,0,7
BRDA:127,32,0,2
BRDA:130,33,0,34
BRDA:133,34,0,2
BRDA:135,35,0,4
BRDA:138,36,0,0
BRDA:140,37,0,0
BRDA:143,38,0,0
BRDA:147,39,0,630
BRDA:147,39,1,196
BRDA:149,40,0,0
BRDA:155,41,0,0
BRDA:158,42,0,45
BRDA:158,42,1,15
BRDA:168,43,0,3
BRDA:168,43,1,0
BRDA:169,44,0,0
BRDA:174,45,0,2
BRDA:177,46,0,20
BRDA:178,47,0,0
BRDA:179,48,0,0
BRDA:182,49,0,14
BRF:73
BRH:35
end_of_record
TN:
SF:src/core/services/NameGeneratorService.ts
FN:8,(anonymous_0)
FN:14,(anonymous_1)
FN:34,(anonymous_2)
FN:41,(anonymous_3)
FN:45,(anonymous_4)
FN:50,(anonymous_5)
FN:55,(anonymous_6)
FN:81,(anonymous_7)
FN:86,(anonymous_8)
FN:93,(anonymous_9)
FN:98,(anonymous_10)
FN:103,(anonymous_11)
FNF:12
FNH:9
FNDA:3,(anonymous_0)
FNDA:3,(anonymous_1)
FNDA:3,(anonymous_2)
FNDA:3,(anonymous_3)
FNDA:0,(anonymous_4)
FNDA:3,(anonymous_5)
FNDA:126,(anonymous_6)
FNDA:3,(anonymous_7)
FNDA:100,(anonymous_8)
FNDA:0,(anonymous_9)
FNDA:0,(anonymous_10)
FNDA:6,(anonymous_11)
DA:7,1
DA:9,3
DA:10,3
DA:11,3
DA:18,3
DA:19,3
DA:21,3
DA:22,3
DA:24,3
DA:25,3
DA:27,3
DA:29,3
DA:30,3
DA:31,3
DA:35,3
DA:36,3
DA:37,1
DA:38,1
DA:42,3
DA:43,3
DA:44,3
DA:45,0
DA:46,0
DA:47,0
DA:54,3
DA:55,126
DA:57,3
DA:59,3
DA:60,3
DA:62,3
DA:63,19
DA:64,19
DA:65,0
DA:66,0
DA:68,19
DA:69,19
DA:70,19
DA:73,3
DA:74,3
DA:75,12
DA:76,9
DA:78,0
DA:82,3
DA:84,3
DA:85,3
DA:86,100
DA:88,3
DA:91,0
DA:92,0
DA:93,0
DA:95,0
DA:98,0
DA:99,0
DA:100,0
DA:104,6
DA:105,6
LF:56
LH:43
BRDA:18,0,0,0
BRDA:19,1,0,0
BRDA:21,2,0,3
BRDA:21,2,1,0
BRDA:25,3,0,0
BRDA:30,4,0,3
BRDA:30,4,1,0
BRDA:35,5,0,0
BRDA:36,6,0,2
BRDA:37,7,0,0
BRDA:44,8,0,3
BRDA:46,9,0,0
BRDA:55,10,0,126
BRDA:55,10,1,34
BRDA:57,11,0,0
BRDA:64,12,0,19
BRDA:64,12,1,19
BRDA:65,13,0,0
BRDA:65,13,1,0
BRDA:66,14,0,0
BRDA:68,15,0,0
BRDA:75,16,0,3
BRDA:78,17,0,0
BRDA:78,17,1,0
BRDA:84,18,0,3
BRDA:84,19,0,3
BRDA:84,19,1,3
BRDA:88,20,0,3
BRDA:91,21,0,0
BRDA:93,22,0,0
BRDA:93,22,1,0
BRDA:95,23,0,0
BRDA:99,24,0,0
BRDA:104,25,0,0
BRF:34
BRH:13
end_of_record
TN:
SF:src/core/services/PersonaService.ts
FN:7,(anonymous_0)
FN:12,(anonymous_1)
FN:24,(anonymous_2)
FN:37,(anonymous_3)
FN:93,(anonymous_4)
FNF:5
FNH:5
FNDA:4,(anonymous_0)
FNDA:4,(anonymous_1)
FNDA:16,(anonymous_2)
FNDA:16,(anonymous_3)
FNDA:300,(anonymous_4)
DA:6,2
DA:8,4
DA:9,4
DA:13,4
DA:24,4
DA:28,16
DA:29,16
DA:30,220
DA:31,220
DA:35,4
DA:37,4
DA:38,16
DA:40,4
DA:41,4
DA:42,4
DA:44,4
DA:49,0
DA:51,4
DA:53,4
DA:54,4
DA:58,4
DA:59,4
DA:60,4
DA:64,4
DA:65,4
DA:66,4
DA:67,4
DA:68,4
DA:72,4
DA:73,4
DA:77,4
DA:78,4
DA:79,4
DA:83,4
DA:88,0
DA:91,4
DA:92,4
DA:93,300
DA:95,4
DA:96,4
DA:97,4
DA:98,4
DA:99,4
DA:104,4
LF:44
LH:42
BRDA:14,0,0,4
BRDA:14,0,1,4
BRDA:15,1,0,4
BRDA:15,1,1,4
BRDA:16,2,0,4
BRDA:16,2,1,4
BRDA:17,3,0,4
BRDA:17,3,1,4
BRDA:18,4,0,4
BRDA:18,4,1,4
BRDA:19,5,0,4
BRDA:19,5,1,4
BRDA:20,6,0,4
BRDA:20,6,1,4
BRDA:21,7,0,4
BRDA:21,7,1,4
BRDA:28,8,0,0
BRDA:30,9,0,220
BRDA:30,9,1,0
BRDA:31,10,0,220
BRDA:31,10,1,158
BRDA:31,11,0,220
BRDA:31,11,1,0
BRDA:40,12,0,0
BRDA:41,13,0,0
BRDA:42,14,0,0
BRDA:44,15,0,0
BRDA:45,16,0,4
BRDA:45,16,1,0
BRDA:45,16,2,0
BRDA:51,17,0,0
BRDA:53,18,0,4
BRDA:53,19,0,4
BRDA:53,19,1,4
BRDA:58,20,0,4
BRDA:64,21,0,4
BRDA:64,22,0,4
BRDA:64,22,1,4
BRDA:66,23,0,4
BRDA:72,24,0,4
BRDA:72,25,0,4
BRDA:72,25,1,4
BRDA:77,26,0,4
BRDA:83,27,0,0
BRDA:84,28,0,4
BRDA:84,28,1,0
BRDA:84,28,2,0
BRDA:91,29,0,4
BRDA:92,30,0,4
BRDA:92,30,1,0
BRDA:93,31,0,300
BRDA:93,31,1,300
BRDA:95,32,0,4
BRDA:97,33,0,4
BRF:54
BRH:40
end_of_record
TN:
SF:src/core/services/TraitManagerService.ts
FN:20,(anonymous_0)
FN:102,(anonymous_1)
FN:107,(anonymous_2)
FN:118,(anonymous_3)
FN:123,(anonymous_4)
FN:133,(anonymous_5)
FNF:6
FNH:5
FNDA:23,(anonymous_0)
FNDA:6,(anonymous_1)
FNDA:3,(anonymous_2)
FNDA:3,(anonymous_3)
FNDA:0,(anonymous_4)
FNDA:9,(anonymous_5)
DA:1,1
DA:19,1
DA:28,23
DA:29,23
DA:32,23
DA:34,23
DA:35,23
DA:37,0
DA:38,0
DA:41,4
DA:42,4
DA:45,1
DA:50,1
DA:54,0
DA:55,0
DA:58,4
DA:59,4
DA:63,5
DA:64,5
DA:65,5
DA:67,5
DA:70,9
DA:71,9
DA:72,9
DA:74,9
DA:77,0
DA:80,23
DA:81,23
DA:84,23
DA:85,23
DA:86,23
DA:94,23
DA:99,23
DA:107,6
DA:108,6
DA:110,6
DA:111,6
DA:112,6
DA:115,6
DA:123,3
DA:125,3
DA:126,3
DA:127,3
DA:130,3
DA:138,9
DA:139,9
DA:140,9
DA:141,9
LF:48
LH:43
BRDA:26,0,0,0
BRDA:29,1,0,0
BRDA:32,2,0,23
BRDA:32,2,1,0
BRDA:35,3,0,0
BRDA:35,3,1,4
BRDA:35,3,2,1
BRDA:35,3,3,0
BRDA:35,3,4,4
BRDA:35,3,5,5
BRDA:35,3,6,9
BRDA:35,3,7,0
BRDA:63,4,0,5
BRDA:70,5,0,9
BRDA:80,6,0,23
BRDA:85,7,0,0
BRDA:107,8,0,0
BRDA:108,9,0,0
BRDA:123,10,0,0
BRDA:138,11,0,2
BRDA:139,12,0,0
BRF:21
BRH:10
end_of_record
TN:
SF:src/core/services/VirtueDistributionService.ts
FN:10,(anonymous_0)
FN:15,(anonymous_1)
FN:26,(anonymous_2)
FNF:3
FNH:3
FNDA:3,(anonymous_0)
FNDA:3,(anonymous_1)
FNDA:63,(anonymous_2)
DA:5,1
DA:6,3
DA:7,3
DA:8,3
DA:11,3
DA:12,3
DA:19,3
DA:21,3
DA:22,9
DA:24,3
DA:25,21
DA:26,63
DA:28,21
DA:29,21
DA:33,21
DA:34,21
DA:35,21
LF:17
LH:17
BRDA:19,0,0,0
BRDA:26,1,0,63
BRDA:26,1,1,0
BRDA:28,2,0,0
BRDA:33,3,0,0
BRDA:34,4,0,21
BRDA:34,4,1,0
BRF:7
BRH:2
end_of_record
TN:
SF:src/core/services/XpSpendingService.ts
FN:7,(anonymous_0)
FN:12,(anonymous_1)
FN:26,(anonymous_2)
FN:57,(anonymous_3)
FN:87,(anonymous_4)
FN:102,(anonymous_5)
FN:120,(anonymous_6)
FN:124,(anonymous_7)
FNF:8
FNH:8
FNDA:3,(anonymous_0)
FNDA:3,(anonymous_1)
FNDA:846,(anonymous_2)
FNDA:141,(anonymous_3)
FNDA:141,(anonymous_4)
FNDA:141,(anonymous_5)
FNDA:139,(anonymous_6)
FNDA:707,(anonymous_7)
DA:2,1
DA:6,1
DA:8,3
DA:9,3
DA:13,18
DA:15,3
DA:17,3
DA:18,141
DA:19,141
DA:21,141
DA:22,141
DA:23,141
DA:25,141
DA:27,846
DA:32,141
DA:34,139
DA:35,139
DA:42,139
DA:44,139
DA:46,5
DA:47,5
DA:48,0
DA:51,0
DA:58,141
DA:59,31
DA:67,110
DA:68,42
DA:77,68
DA:91,141
DA:92,846
DA:93,846
DA:94,846
DA:95,0
DA:96,0
DA:97,0
DA:98,0
DA:106,141
DA:107,141
DA:108,141
DA:109,141
DA:110,137
DA:111,132
DA:112,124
DA:114,141
DA:115,141
DA:116,141
DA:124,707
DA:125,139
DA:126,139
DA:127,328
DA:128,328
DA:129,189
DA:131,0
LF:53
LH:46
BRDA:27,0,0,846
BRDA:27,0,1,846
BRDA:27,0,2,731
BRDA:32,1,0,2
BRDA:44,2,0,134
BRDA:44,2,1,5
BRDA:47,3,0,0
BRDA:58,4,0,31
BRDA:58,4,1,110
BRDA:67,5,0,42
BRDA:94,6,0,846
BRDA:98,7,0,0
BRDA:106,8,0,0
BRDA:109,9,0,4
BRDA:109,9,1,137
BRDA:110,10,0,5
BRDA:110,10,1,132
BRDA:111,11,0,8
BRDA:111,11,1,124
BRDA:112,12,0,124
BRDA:114,13,0,141
BRDA:116,14,0,110
BRDA:124,15,0,707
BRDA:124,15,1,0
BRDA:127,16,0,328
BRDA:127,16,1,0
BRDA:128,17,0,139
BRF:27
BRH:22
end_of_record
TN:
SF:src/core/strategies/FreebiePointCostStrategy.ts
FN:5,(anonymous_0)
FNF:1
FNH:1
FNDA:257,(anonymous_0)
DA:1,1
DA:4,1
DA:11,257
DA:13,26
DA:15,30
DA:17,27
DA:19,26
DA:21,30
DA:23,31
DA:25,35
DA:29,52
LF:11
LH:11
BRDA:7,0,0,257
BRDA:8,1,0,257
BRDA:9,2,0,257
BRDA:11,3,0,26
BRDA:11,3,1,30
BRDA:11,3,2,27
BRDA:11,3,3,26
BRDA:11,3,4,30
BRDA:11,3,5,31
BRDA:11,3,6,35
BRDA:11,3,7,26
BRDA:11,3,8,52
BRDA:11,3,9,52
BRF:13
BRH:13
end_of_record
TN:
SF:src/core/strategies/XpPointCostStrategy.ts
FN:5,(anonymous_0)
FNF:1
FNH:1
FNDA:2412,(anonymous_0)
DA:1,1
DA:4,1
DA:11,2412
DA:13,155
DA:15,1522
DA:17,711
DA:18,0
DA:19,0
DA:21,711
DA:22,92
DA:25,17
DA:27,7
DA:31,0
DA:33,0
LF:14
LH:10
BRDA:7,0,0,0
BRDA:8,1,0,1701
BRDA:9,2,0,2412
BRDA:11,3,0,155
BRDA:11,3,1,1522
BRDA:11,3,2,711
BRDA:11,3,3,12
BRDA:11,3,4,17
BRDA:11,3,5,7
BRDA:11,3,6,0
BRDA:11,3,7,0
BRDA:11,3,8,0
BRDA:11,3,9,0
BRDA:15,4,0,365
BRDA:15,4,1,1157
BRDA:17,5,0,0
BRDA:18,6,0,0
BRDA:21,7,0,619
BRDA:22,8,0,46
BRDA:22,8,1,46
BRF:20
BRH:13
end_of_record
TN:
SF:src/core/utils/rng.ts
FN:6,mulberry32
FN:9,(anonymous_1)
FN:16,(anonymous_2)
FN:24,seedFromString
FNF:4
FNH:4
FNDA:4,mulberry32
FNDA:1124,(anonymous_1)
FNDA:503,(anonymous_2)
FNDA:4,seedFromString
DA:6,2
DA:7,4
DA:8,4
DA:10,1124
DA:11,1124
DA:12,1124
DA:13,1124
DA:14,1124
DA:17,503
DA:18,503
DA:19,503
DA:24,2
DA:26,4
DA:27,4
DA:28,52
DA:29,52
DA:31,4
LF:17
LH:17
BRDA:17,0,0,0
BRF:1
BRH:0
end_of_record
TN:
SF:src/core/xpStrategies/BaseXpStrategy.ts
FN:9,(anonymous_0)
FN:12,(anonymous_1)
FNF:2
FNH:2
FNDA:846,(anonymous_0)
FNDA:18,(anonymous_1)
DA:5,1
DA:6,18
DA:10,846
DA:13,18
LF:4
LH:4
BRF:0
BRH:0
end_of_record
TN:
SF:src/core/xpStrategies/XpAbilityStrategy.ts
FN:15,(anonymous_0)
FN:23,(anonymous_1)
FN:46,(anonymous_2)
FNF:3
FNH:3
FNDA:3,(anonymous_0)
FNDA:50,(anonymous_1)
FNDA:150,(anonymous_2)
DA:1,1
DA:2,1
DA:11,1
DA:12,3
DA:13,3
DA:16,3
DA:17,3
DA:18,3
DA:20,3
DA:29,50
DA:31,50
DA:32,1500
DA:33,1500
DA:34,1472
DA:35,1472
DA:36,1440
DA:40,50
DA:41,50
DA:42,0
DA:43,0
DA:46,150
DA:50,50
DA:54,50
DA:56,50
DA:57,50
DA:61,50
DA:63,50
DA:64,50
DA:65,50
DA:66,50
DA:68,50
DA:69,50
DA:72,50
DA:73,50
DA:74,50
DA:83,50
DA:87,50
DA:91,50
DA:94,50
LF:39
LH:37
BRDA:32,0,0,1500
BRDA:32,0,1,352
BRDA:33,1,0,28
BRDA:35,2,0,1440
BRDA:41,3,0,0
BRDA:54,4,0,0
BRDA:61,5,0,0
BRDA:64,6,0,50
BRDA:64,6,1,13
BRDA:66,7,0,0
BRDA:73,8,0,0
BRF:11
BRH:6
end_of_record
TN:
SF:src/core/xpStrategies/XpAttributeStrategy.ts
FN:15,(anonymous_0)
FN:23,(anonymous_1)
FN:64,(anonymous_2)
FN:68,(anonymous_3)
FNF:4
FNH:4
FNDA:3,(anonymous_0)
FNDA:25,(anonymous_1)
FNDA:49,(anonymous_2)
FNDA:75,(anonymous_3)
DA:1,1
DA:2,1
DA:11,1
DA:12,3
DA:13,3
DA:16,3
DA:17,3
DA:18,3
DA:20,3
DA:29,25
DA:31,25
DA:32,75
DA:33,75
DA:34,107
DA:35,0
DA:36,107
DA:37,107
DA:38,107
DA:39,75
DA:40,75
DA:41,75
DA:42,75
DA:45,75
DA:46,75
DA:52,25
DA:53,0
DA:54,0
DA:57,25
DA:61,25
DA:63,25
DA:64,49
DA:66,25
DA:68,25
DA:69,75
DA:70,0
DA:71,75
DA:72,75
DA:73,55
DA:74,55
DA:77,25
DA:79,25
DA:83,25
DA:85,25
DA:86,25
DA:87,25
DA:88,25
DA:90,25
DA:91,25
DA:93,25
DA:94,25
DA:95,25
DA:104,25
DA:108,25
DA:109,25
DA:112,25
LF:55
LH:51
BRDA:34,0,0,0
BRDA:34,1,0,107
BRDA:34,1,1,0
BRDA:36,2,0,0
BRDA:38,3,0,32
BRDA:40,4,0,75
BRDA:45,5,0,75
BRDA:52,6,0,0
BRDA:61,7,0,0
BRDA:66,8,0,0
BRDA:69,9,0,0
BRDA:69,10,0,75
BRDA:69,10,1,0
BRDA:72,11,0,20
BRDA:77,12,0,0
BRDA:83,13,0,0
BRDA:88,14,0,0
BRDA:94,15,0,0
BRF:18
BRH:6
end_of_record
TN:
SF:src/core/xpStrategies/XpDisciplineStrategy.ts
FN:24,(anonymous_0)
FN:33,(anonymous_1)
FN:93,(anonymous_2)
FN:114,(anonymous_3)
FN:135,(anonymous_4)
FN:178,(anonymous_5)
FN:179,(anonymous_6)
FN:182,(anonymous_7)
FN:222,(anonymous_8)
FN:227,(anonymous_9)
FN:250,(anonymous_10)
FN:258,(anonymous_11)
FN:284,(anonymous_12)
FN:310,(anonymous_13)
FN:333,(anonymous_14)
FN:334,(anonymous_15)
FN:338,(anonymous_16)
FNF:17
FNH:4
FNDA:3,(anonymous_0)
FNDA:44,(anonymous_1)
FNDA:44,(anonymous_2)
FNDA:0,(anonymous_3)
FNDA:0,(anonymous_4)
FNDA:0,(anonymous_5)
FNDA:0,(anonymous_6)
FNDA:0,(anonymous_7)
FNDA:0,(anonymous_8)
FNDA:0,(anonymous_9)
FNDA:0,(anonymous_10)
FNDA:0,(anonymous_11)
FNDA:0,(anonymous_12)
FNDA:44,(anonymous_13)
FNDA:0,(anonymous_14)
FNDA:0,(anonymous_15)
FNDA:0,(anonymous_16)
DA:1,1
DA:2,1
DA:9,1
DA:10,3
DA:11,3
DA:13,3
DA:14,3
DA:25,3
DA:26,3
DA:27,3
DA:28,3
DA:30,3
DA:39,44
DA:40,44
DA:42,44
DA:43,748
DA:44,748
DA:46,748
DA:48,748
DA:49,138
DA:50,57
DA:51,57
DA:53,610
DA:54,610
DA:55,610
DA:56,306
DA:58,353
DA:63,44
DA:64,44
DA:65,37
DA:66,7
DA:67,7
DA:69,0
DA:70,0
DA:73,44
DA:80,44
DA:83,44
DA:85,44
DA:87,44
DA:88,0
DA:90,44
DA:100,44
DA:101,44
DA:102,44
DA:103,44
DA:105,44
DA:106,44
DA:107,44
DA:108,44
DA:111,44
DA:121,0
DA:123,0
DA:124,0
DA:125,0
DA:126,0
DA:127,0
DA:128,0
DA:129,0
DA:132,0
DA:135,0
DA:136,0
DA:138,0
DA:140,0
DA:141,0
DA:142,0
DA:143,0
DA:144,0
DA:145,0
DA:146,0
DA:147,0
DA:148,0
DA:149,0
DA:150,0
DA:151,0
DA:152,0
DA:154,0
DA:155,0
DA:158,0
DA:159,0
DA:160,0
DA:161,0
DA:162,0
DA:163,0
DA:164,0
DA:165,0
DA:166,0
DA:167,0
DA:168,0
DA:169,0
DA:171,0
DA:172,0
DA:173,0
DA:177,0
DA:178,0
DA:179,0
DA:181,0
DA:182,0
DA:183,0
DA:184,0
DA:186,0
DA:187,0
DA:188,0
DA:189,0
DA:191,0
DA:194,0
DA:195,0
DA:196,0
DA:203,0
DA:204,0
DA:211,0
DA:212,0
DA:221,0
DA:222,0
DA:224,0
DA:234,0
DA:235,0
DA:236,0
DA:237,0
DA:239,0
DA:240,0
DA:241,0
DA:242,0
DA:246,0
DA:247,0
DA:257,0
DA:258,0
DA:260,0
DA:261,0
DA:262,0
DA:263,0
DA:265,0
DA:271,0
DA:272,0
DA:273,0
DA:274,0
DA:275,0
DA:278,0
DA:281,0
DA:292,0
DA:293,0
DA:294,0
DA:296,0
DA:297,0
DA:298,0
DA:299,0
DA:301,0
DA:302,0
DA:303,0
DA:304,0
DA:307,0
DA:317,44
DA:318,44
DA:319,44
DA:328,44
DA:334,0
DA:335,0
DA:337,0
DA:338,0
DA:341,0
DA:342,0
DA:343,0
DA:344,0
DA:348,0
DA:349,0
DA:350,0
DA:351,0
DA:352,0
DA:353,0
LF:168
LH:51
BRDA:44,0,0,748
BRDA:44,0,1,610
BRDA:46,1,0,748
BRDA:46,1,1,748
BRDA:46,2,0,748
BRDA:46,2,1,0
BRDA:48,3,0,138
BRDA:48,3,1,610
BRDA:49,4,0,81
BRDA:51,5,0,55
BRDA:54,6,0,610
BRDA:55,7,0,306
BRDA:55,8,0,610
BRDA:55,8,1,308
BRDA:56,9,0,257
BRDA:64,10,0,37
BRDA:64,10,1,7
BRDA:64,11,0,44
BRDA:64,11,1,37
BRDA:66,12,0,0
BRDA:66,12,1,7
BRDA:67,13,0,7
BRDA:67,13,1,0
BRDA:73,14,0,35
BRDA:73,14,1,9
BRDA:80,15,0,0
BRDA:83,16,0,44
BRDA:83,16,1,44
BRDA:84,17,0,44
BRDA:84,17,1,0
BRDA:87,18,0,0
BRDA:100,19,0,44
BRDA:100,19,1,9
BRDA:102,20,0,0
BRDA:103,21,0,0
BRDA:121,22,0,0
BRDA:121,22,1,0
BRDA:123,23,0,0
BRDA:125,24,0,0
BRDA:140,25,0,0
BRDA:140,25,1,0
BRDA:141,26,0,0
BRDA:141,26,1,0
BRDA:144,27,0,0
BRDA:144,27,1,0
BRDA:147,28,0,0
BRDA:147,28,1,0
BRDA:150,29,0,0
BRDA:150,29,1,0
BRDA:158,30,0,0
BRDA:158,30,1,0
BRDA:162,31,0,0
BRDA:162,31,1,0
BRDA:166,32,0,0
BRDA:166,32,1,0
BRDA:187,33,0,0
BRDA:195,34,0,0
BRDA:195,34,1,0
BRDA:203,35,0,0
BRDA:203,35,1,0
BRDA:211,36,0,0
BRDA:221,37,0,0
BRDA:234,38,0,0
BRDA:234,38,1,0
BRDA:235,39,0,0
BRDA:237,40,0,0
BRDA:246,41,0,0
BRDA:257,42,0,0
BRDA:261,43,0,0
BRDA:261,43,1,0
BRDA:262,44,0,0
BRDA:263,45,0,0
BRDA:271,46,0,0
BRDA:292,47,0,0
BRDA:294,48,0,0
BRDA:318,49,0,0
BRDA:338,50,0,0
BRDA:338,50,1,0
BRDA:341,51,0,0
BRDA:341,51,1,0
BRDA:343,52,0,0
BRDA:343,52,1,0
BRF:82
BRH:27
end_of_record
TN:
SF:src/core/xpStrategies/XpHumanityStrategy.ts
FN:9,(anonymous_0)
FN:13,(anonymous_1)
FNF:2
FNH:2
FNDA:3,(anonymous_0)
FNDA:7,(anonymous_1)
DA:1,1
DA:2,1
DA:6,1
DA:7,3
DA:8,3
DA:9,3
DA:10,3
DA:19,7
DA:20,2
DA:21,2
DA:23,5
DA:24,5
DA:25,5
DA:26,1
DA:27,1
DA:30,4
DA:31,4
DA:34,4
DA:35,4
DA:36,4
DA:45,4
DA:48,4
DA:51,4
LF:23
LH:23
BRDA:19,0,0,2
BRDA:25,1,0,1
BRDA:35,2,0,0
BRF:3
BRH:2
end_of_record
TN:
SF:src/core/xpStrategies/XpVirtueStrategy.ts
FN:12,(anonymous_0)
FN:20,(anonymous_1)
FNF:2
FNH:2
FNDA:3,(anonymous_0)
FNDA:4,(anonymous_1)
DA:1,1
DA:2,1
DA:8,1
DA:9,3
DA:10,3
DA:13,3
DA:14,3
DA:15,3
DA:17,3
DA:26,4
DA:27,4
DA:29,4
DA:30,12
DA:31,12
DA:32,12
DA:34,8
DA:35,8
DA:37,8
DA:38,8
DA:39,48
DA:40,48
DA:42,8
DA:43,6
DA:45,8
DA:46,8
DA:47,8
DA:50,4
DA:51,0
DA:52,0
DA:55,4
DA:56,4
DA:57,4
DA:58,8
DA:59,4
DA:60,4
DA:62,4
DA:64,4
DA:66,4
DA:67,4
DA:68,4
DA:69,4
DA:70,4
DA:73,4
DA:74,4
DA:75,4
DA:84,4
DA:87,4
DA:90,4
LF:48
LH:46
BRDA:30,0,0,0
BRDA:32,1,0,4
BRDA:35,2,0,0
BRDA:38,3,0,8
BRDA:38,3,1,0
BRDA:39,4,0,48
BRDA:39,4,1,0
BRDA:40,5,0,44
BRDA:42,6,0,2
BRDA:42,6,1,6
BRDA:43,7,0,6
BRDA:45,8,0,4
BRDA:50,9,0,0
BRDA:58,10,0,4
BRDA:64,11,0,0
BRDA:74,12,0,0
BRF:16
BRH:9
end_of_record
TN:
SF:src/core/xpStrategies/XpWillpowerStrategy.ts
FN:9,(anonymous_0)
FN:13,(anonymous_1)
FNF:2
FNH:2
FNDA:3,(anonymous_0)
FNDA:9,(anonymous_1)
DA:1,1
DA:2,1
DA:6,1
DA:7,3
DA:8,3
DA:9,3
DA:10,3
DA:19,9
DA:20,2
DA:21,2
DA:23,7
DA:24,7
DA:25,7
DA:26,0
DA:27,0
DA:29,7
DA:30,7
DA:33,7
DA:34,7
DA:35,7
DA:44,7
DA:47,7
DA:50,7
LF:23
LH:21
BRDA:19,0,0,2
BRDA:25,1,0,0
BRDA:34,2,0,0
BRF:3
BRH:1
end_of_record
TN:
SF:src/lib/auth.ts
FN:15,getUserFromRequest
FN:44,requireAuth
FNF:2
FNH:2
FNDA:75,getUserFromRequest
FNDA:70,requireAuth
DA:3,21
DA:11,21
DA:12,21
DA:13,21
DA:15,21
DA:19,75
DA:20,75
DA:22,60
DA:23,60
DA:25,59
DA:26,59
DA:28,58
DA:29,58
DA:30,58
DA:32,58
DA:33,58
DA:34,58
DA:36,58
DA:38,1
DA:39,1
DA:44,21
DA:45,70
DA:46,70
DA:47,14
DA:48,14
DA:49,14
DA:51,56
LF:27
LH:27
BRDA:11,0,0,21
BRDA:11,0,1,0
BRDA:19,1,0,75
BRDA:19,1,1,15
BRDA:20,2,0,15
BRDA:23,3,0,1
BRDA:23,4,0,60
BRDA:23,4,1,59
BRDA:32,5,0,0
BRDA:33,6,0,0
BRDA:33,7,0,58
BRDA:33,7,1,58
BRDA:34,8,0,0
BRDA:34,9,0,58
BRDA:34,9,1,58
BRDA:46,10,0,14
BRF:16
BRH:12
end_of_record
TN:
SF:src/lib/db.ts
FN:13,getPool
FNF:1
FNH:1
FNDA:15,getPool
DA:2,22
DA:4,22
DA:5,0
DA:8,22
DA:13,22
DA:14,15
LF:6
LH:5
BRDA:4,0,0,0
BRF:1
BRH:0
end_of_record
TN:
SF:src/lib/roles.ts
FN:4,requireRoleInGame
FNF:1
FNH:1
FNDA:17,requireRoleInGame
DA:4,11
DA:10,17
DA:15,17
DA:16,14
LF:4
LH:4
BRDA:15,0,0,3
BRDA:15,1,0,17
BRDA:15,1,1,0
BRF:3
BRH:2
end_of_record
TN:
SF:src/lib/sheet.ts
FN:2,buildZeroSheet
FNF:1
FNH:1
FNDA:5,buildZeroSheet
DA:2,2
DA:6,5
DA:7,5
DA:9,5
DA:44,5
LF:5
LH:5
BRDA:6,0,0,5
BRDA:6,0,1,5
BRDA:7,1,0,5
BRDA:7,1,1,5
BRF:4
BRH:4
end_of_record
TN:
SF:src/lib/xp/xpLedger.ts
FN:17,getXpTotalsForCharacter
FN:39,insertApprovedXpSpendLog
FNF:2
FNH:2
FNDA:4,getXpTotalsForCharacter
FNDA:1,insertApprovedXpSpendLog
DA:17,3
DA:21,4
DA:30,4
DA:31,4
DA:32,4
DA:39,3
DA:48,1
DA:50,1
DA:61,1
LF:9
LH:9
BRDA:30,0,0,4
BRDA:30,0,1,0
BRDA:31,1,0,4
BRDA:31,1,1,0
BRF:4
BRH:2
end_of_record
TN:
SF:src/lib/xp/xpSpendService.ts
FN:22,ensurePlainObject
FN:26,pluralFor
FN:45,xpCostFor
FN:64,safeGetNestedNumber
FN:73,getCurrentLevel
FN:97,applySpendToSheet
FN:123,enforceMaxTraitRating
FN:162,spendXpImmediate
FN:174,(anonymous_8)
FN:178,(anonymous_9)
FNF:10
FNH:10
FNDA:9,ensurePlainObject
FNDA:3,pluralFor
FNDA:2,xpCostFor
FNDA:1,safeGetNestedNumber
FNDA:2,getCurrentLevel
FNDA:1,applySpendToSheet
FNDA:1,enforceMaxTraitRating
FNDA:2,spendXpImmediate
FNDA:2,(anonymous_8)
FNDA:2,(anonymous_9)
DA:4,1
DA:23,9
DA:27,3
DA:29,1
DA:31,2
DA:33,0
DA:35,0
DA:37,0
DA:39,0
DA:41,0
DA:45,1
DA:46,2
DA:48,1
DA:50,1
DA:52,0
DA:54,0
DA:56,0
DA:58,0
DA:60,0
DA:65,1
DA:66,1
DA:67,2
DA:68,2
DA:70,1
DA:73,1
DA:74,2
DA:75,2
DA:77,2
DA:78,0
DA:80,2
DA:81,0
DA:84,2
DA:91,2
DA:92,2
DA:93,2
DA:94,2
DA:97,1
DA:98,1
DA:99,0
DA:101,1
DA:103,1
DA:104,0
DA:105,0
DA:107,1
DA:108,0
DA:109,0
DA:112,1
DA:119,1
DA:120,1
DA:123,1
DA:124,1
DA:131,1
DA:138,1
DA:139,1
DA:140,1
DA:141,0
DA:162,1
DA:171,2
DA:174,2
DA:178,2
DA:179,2
DA:180,0
DA:187,2
DA:188,2
DA:189,1
DA:198,1
DA:199,1
DA:202,1
DA:208,1
DA:216,1
DA:223,1
DA:240,1
LF:72
LH:53
BRDA:23,0,0,9
BRDA:23,0,1,9
BRDA:23,0,2,9
BRDA:27,1,0,1
BRDA:27,1,1,2
BRDA:27,1,2,0
BRDA:27,1,3,0
BRDA:27,1,4,0
BRDA:27,1,5,0
BRDA:27,1,6,0
BRDA:46,2,0,1
BRDA:46,2,1,1
BRDA:46,2,2,0
BRDA:46,2,3,0
BRDA:46,2,4,0
BRDA:46,2,5,0
BRDA:46,2,6,0
BRDA:67,3,0,0
BRDA:67,4,0,2
BRDA:67,4,1,2
BRDA:70,5,0,1
BRDA:70,5,1,0
BRDA:74,6,0,0
BRDA:74,7,0,2
BRDA:74,7,1,2
BRDA:77,8,0,0
BRDA:78,9,0,0
BRDA:78,9,1,0
BRDA:80,10,0,0
BRDA:81,11,0,0
BRDA:81,11,1,0
BRDA:92,12,0,0
BRDA:94,13,0,2
BRDA:94,13,1,0
BRDA:98,14,0,0
BRDA:98,15,0,1
BRDA:98,15,1,1
BRDA:103,16,0,0
BRDA:107,17,0,0
BRDA:119,18,0,0
BRDA:139,19,0,0
BRDA:140,20,0,0
BRDA:179,21,0,0
BRDA:188,22,0,1
BRF:44
BRH:16
end_of_record
